Log file open, 05/20/18 12:45:26
LogWindows: Failed to load 'aqProf.dll' (GetLastError=126)
LogWindows: File 'aqProf.dll' does not exist
LogWindows: Failed to load 'VtuneApi.dll' (GetLastError=126)
LogWindows: File 'VtuneApi.dll' does not exist
LogWindows: Failed to load 'VtuneApi32e.dll' (GetLastError=126)
LogWindows: File 'VtuneApi32e.dll' does not exist
LogInit: Display: Running engine for game: PioneerSpiritGameJam
LogPlatformFile: Not using cached read wrapper
LogInit: Display: RandInit(-189075462) SRandInit(-189075462).
LogInit: Read version file with build ID '3944462'
LogInit: Overriding engine version to CL 4033788, compatible CL 3944462
LogInit: Registered custom module enumerator with build ID '3944462'
LogTaskGraph: Started task graph with 5 named threads and 23 total threads with 3 sets of task threads.
LogStats: Stats thread started at 0.251113
LogD3D11RHI: Aftermath initialized
LogICUInternationalization: Display: ICU TimeZone Detection - Raw Offset: -5:00, Platform Override: ''
LogModuleManager: Display: Found up-to-date module file ../../../Engine/Plugins/2D/Paper2D/Binaries/Win64/UE4Editor-Paper2D.dll (API version 3944462).
LogModuleManager: Display: Found up-to-date module file ../../../Engine/Plugins/2D/Paper2D/Binaries/Win64/UE4Editor-Paper2DEditor.dll (API version 3944462).
LogModuleManager: Display: Found up-to-date module file ../../../Engine/Plugins/2D/Paper2D/Binaries/Win64/UE4Editor-PaperSpriteSheetImporter.dll (API version 3944462).
LogModuleManager: Display: Found up-to-date module file ../../../Engine/Plugins/2D/Paper2D/Binaries/Win64/UE4Editor-PaperTiledImporter.dll (API version 3944462).
LogModuleManager: Display: Found up-to-date module file ../../../Engine/Plugins/2D/Paper2D/Binaries/Win64/UE4Editor-SmartSnapping.dll (API version 3944462).
LogModuleManager: Display: Found up-to-date module file ../../../Engine/Plugins/Blendables/LightPropagationVolume/Binaries/Win64/UE4Editor-LightPropagationVolumeRuntime.dll (API version 3944462).
LogModuleManager: Display: Found up-to-date module file ../../../Engine/Plugins/Blendables/LightPropagationVolume/Binaries/Win64/UE4Editor-LightPropagationVolumeEditor.dll (API version 3944462).
LogModuleManager: Display: Found up-to-date module file ../../../Engine/Plugins/Developer/CLionSourceCodeAccess/Binaries/Win64/UE4Editor-CLionSourceCodeAccess.dll (API version 3944462).
LogModuleManager: Display: Found up-to-date module file ../../../Engine/Plugins/Developer/GitSourceControl/Binaries/Win64/UE4Editor-GitSourceControl.dll (API version 3944462).
LogModuleManager: Display: Found up-to-date module file ../../../Engine/Plugins/Developer/PerforceSourceControl/Binaries/Win64/UE4Editor-PerforceSourceControl.dll (API version 3944462).
LogModuleManager: Display: Found up-to-date module file ../../../Engine/Plugins/Developer/SubversionSourceControl/Binaries/Win64/UE4Editor-SubversionSourceControl.dll (API version 3944462).
LogModuleManager: Display: Found up-to-date module file ../../../Engine/Plugins/Developer/UObjectPlugin/Binaries/Win64/UE4Editor-UObjectPlugin.dll (API version 3944462).
LogModuleManager: Display: Found up-to-date module file ../../../Engine/Plugins/Developer/VisualStudioCodeSourceCodeAccess/Binaries/Win64/UE4Editor-VisualStudioCodeSourceCodeAccess.dll (API version 3944462).
LogModuleManager: Display: Found up-to-date module file ../../../Engine/Plugins/Developer/VisualStudioSourceCodeAccess/Binaries/Win64/UE4Editor-VisualStudioSourceCodeAccess.dll (API version 3944462).
LogModuleManager: Display: Found up-to-date module file ../../../Engine/Plugins/Editor/AssetManagerEditor/Binaries/Win64/UE4Editor-AssetManagerEditor.dll (API version 3944462).
LogModuleManager: Display: Found up-to-date module file ../../../Engine/Plugins/Editor/CryptoKeys/Binaries/Win64/UE4Editor-CryptoKeys.dll (API version 3944462).
LogModuleManager: Display: Found up-to-date module file ../../../Engine/Plugins/Editor/CryptoKeys/Binaries/Win64/UE4Editor-CryptoKeysOpenSSL.dll (API version 3944462).
LogModuleManager: Display: Found up-to-date module file ../../../Engine/Plugins/Editor/DataValidation/Binaries/Win64/UE4Editor-DataValidation.dll (API version 3944462).
LogModuleManager: Display: Found up-to-date module file ../../../Engine/Plugins/Editor/FacialAnimation/Binaries/Win64/UE4Editor-FacialAnimation.dll (API version 3944462).
LogModuleManager: Display: Found up-to-date module file ../../../Engine/Plugins/Editor/FacialAnimation/Binaries/Win64/UE4Editor-FacialAnimationEditor.dll (API version 3944462).
LogModuleManager: Display: Found up-to-date module file ../../../Engine/Plugins/Editor/GameplayTagsEditor/Binaries/Win64/UE4Editor-GameplayTagsEditor.dll (API version 3944462).
LogModuleManager: Display: Found up-to-date module file ../../../Engine/Plugins/Editor/MobileLauncherProfileWizard/Binaries/Win64/UE4Editor-MobileLauncherProfileWizard.dll (API version 3944462).
LogModuleManager: Display: Found up-to-date module file ../../../Engine/Plugins/Editor/PluginBrowser/Binaries/Win64/UE4Editor-PluginBrowser.dll (API version 3944462).
LogModuleManager: Display: Found up-to-date module file ../../../Engine/Plugins/Editor/SpeedTreeImporter/Binaries/Win64/UE4Editor-SpeedTreeImporter.dll (API version 3944462).
LogModuleManager: Display: Found up-to-date module file ../../../Engine/Plugins/Enterprise/DatasmithContent/Binaries/Win64/UE4Editor-DatasmithContent.dll (API version 3944462).
LogModuleManager: Display: Found up-to-date module file ../../../Engine/Plugins/Experimental/AlembicImporter/Binaries/Win64/UE4Editor-AlembicImporter.dll (API version 3944462).
LogModuleManager: Display: Found up-to-date module file ../../../Engine/Plugins/Experimental/AlembicImporter/Binaries/Win64/UE4Editor-AlembicLibrary.dll (API version 3944462).
LogModuleManager: Display: Found up-to-date module file ../../../Engine/Plugins/Experimental/CharacterAI/Binaries/Win64/UE4Editor-CharacterAI.dll (API version 3944462).
LogModuleManager: Display: Found up-to-date module file ../../../Engine/Plugins/Experimental/HTML5Networking/Binaries/Win64/UE4Editor-HTML5Networking.dll (API version 3944462).
LogModuleManager: Display: Found up-to-date module file ../../../Engine/Plugins/Media/AndroidMedia/Binaries/Win64/UE4Editor-AndroidMediaEditor.dll (API version 3944462).
LogModuleManager: Display: Found up-to-date module file ../../../Engine/Plugins/Media/AndroidMedia/Binaries/Win64/UE4Editor-AndroidMediaFactory.dll (API version 3944462).
LogModuleManager: Display: Found up-to-date module file ../../../Engine/Plugins/Media/AvfMedia/Binaries/Win64/UE4Editor-AvfMediaEditor.dll (API version 3944462).
LogModuleManager: Display: Found up-to-date module file ../../../Engine/Plugins/Media/AvfMedia/Binaries/Win64/UE4Editor-AvfMediaFactory.dll (API version 3944462).
LogModuleManager: Display: Found up-to-date module file ../../../Engine/Plugins/Media/AvfMedia/Binaries/Win64/UE4Editor-AvfMediaFactory.dll (API version 3944462).
LogModuleManager: Display: Found up-to-date module file ../../../Engine/Plugins/Media/ImgMedia/Binaries/Win64/UE4Editor-ImgMedia.dll (API version 3944462).
LogModuleManager: Display: Found up-to-date module file ../../../Engine/Plugins/Media/ImgMedia/Binaries/Win64/UE4Editor-ImgMediaEditor.dll (API version 3944462).
LogModuleManager: Display: Found up-to-date module file ../../../Engine/Plugins/Media/ImgMedia/Binaries/Win64/UE4Editor-ImgMediaFactory.dll (API version 3944462).
LogModuleManager: Display: Found up-to-date module file ../../../Engine/Plugins/Media/ImgMedia/Binaries/Win64/UE4Editor-ImgMediaFactory.dll (API version 3944462).
LogModuleManager: Display: Found up-to-date module file ../../../Engine/Plugins/Media/ImgMedia/Binaries/Win64/UE4Editor-OpenExrWrapper.dll (API version 3944462).
LogModuleManager: Display: Found up-to-date module file ../../../Engine/Plugins/Media/LinearTimecode/Binaries/Win64/UE4Editor-LinearTimecode.dll (API version 3944462).
LogModuleManager: Display: Found up-to-date module file ../../../Engine/Plugins/Media/MediaCompositing/Binaries/Win64/UE4Editor-MediaCompositing.dll (API version 3944462).
LogModuleManager: Display: Found up-to-date module file ../../../Engine/Plugins/Media/MediaCompositing/Binaries/Win64/UE4Editor-MediaCompositingEditor.dll (API version 3944462).
LogModuleManager: Display: Found up-to-date module file ../../../Engine/Plugins/Media/MediaPlayerEditor/Binaries/Win64/UE4Editor-MediaPlayerEditor.dll (API version 3944462).
LogModuleManager: Display: Found up-to-date module file ../../../Engine/Plugins/Media/WmfMedia/Binaries/Win64/UE4Editor-WmfMedia.dll (API version 3944462).
LogModuleManager: Display: Found up-to-date module file ../../../Engine/Plugins/Media/WmfMedia/Binaries/Win64/UE4Editor-WmfMediaEditor.dll (API version 3944462).
LogModuleManager: Display: Found up-to-date module file ../../../Engine/Plugins/Media/WmfMedia/Binaries/Win64/UE4Editor-WmfMediaFactory.dll (API version 3944462).
LogModuleManager: Display: Found up-to-date module file ../../../Engine/Plugins/Media/WmfMedia/Binaries/Win64/UE4Editor-WmfMediaFactory.dll (API version 3944462).
LogModuleManager: Display: Found up-to-date module file ../../../Engine/Plugins/Messaging/TcpMessaging/Binaries/Win64/UE4Editor-TcpMessaging.dll (API version 3944462).
LogModuleManager: Display: Found up-to-date module file ../../../Engine/Plugins/Messaging/UdpMessaging/Binaries/Win64/UE4Editor-UdpMessaging.dll (API version 3944462).
LogModuleManager: Display: Found up-to-date module file ../../../Engine/Plugins/MovieScene/ActorSequence/Binaries/Win64/UE4Editor-ActorSequence.dll (API version 3944462).
LogModuleManager: Display: Found up-to-date module file ../../../Engine/Plugins/MovieScene/LevelSequenceEditor/Binaries/Win64/UE4Editor-LevelSequenceEditor.dll (API version 3944462).
LogModuleManager: Display: Found up-to-date module file ../../../Engine/Plugins/MovieScene/MatineeToLevelSequence/Binaries/Win64/UE4Editor-MatineeToLevelSequence.dll (API version 3944462).
LogModuleManager: Display: Found up-to-date module file ../../../Engine/Plugins/NetcodeUnitTest/NetcodeUnitTest/Binaries/Win64/UE4Editor-NetcodeUnitTest.dll (API version 3944462).
LogModuleManager: Display: Found up-to-date module file ../../../Engine/Plugins/NetcodeUnitTest/NUTUnrealEngine4/Binaries/Win64/UE4Editor-NUTUnrealEngine4.dll (API version 3944462).
LogModuleManager: Display: Found up-to-date module file ../../../Engine/Plugins/Online/OnlineSubsystem/Binaries/Win64/UE4Editor-OnlineSubsystem.dll (API version 3944462).
LogModuleManager: Display: Found up-to-date module file ../../../Engine/Plugins/Runtime/AndroidPermission/Binaries/Win64/UE4Editor-AndroidPermission.dll (API version 3944462).
LogModuleManager: Display: Found up-to-date module file ../../../Engine/Plugins/Online/OnlineSubsystemNull/Binaries/Win64/UE4Editor-OnlineSubsystemNull.dll (API version 3944462).
LogModuleManager: Display: Found up-to-date module file ../../../Engine/Plugins/Online/OnlineSubsystemUtils/Binaries/Win64/UE4Editor-OnlineSubsystemUtils.dll (API version 3944462).
LogModuleManager: Display: Found up-to-date module file ../../../Engine/Plugins/Online/OnlineSubsystemUtils/Binaries/Win64/UE4Editor-OnlineBlueprintSupport.dll (API version 3944462).
LogModuleManager: Display: Found up-to-date module file ../../../Engine/Plugins/Runtime/AndroidDeviceProfileSelector/Binaries/Win64/UE4Editor-AndroidDeviceProfileSelector.dll (API version 3944462).
LogModuleManager: Display: Found up-to-date module file ../../../Engine/Plugins/Runtime/AppleARKit/Binaries/Win64/UE4Editor-AppleARKit.dll (API version 3944462).
LogModuleManager: Display: Found up-to-date module file ../../../Engine/Plugins/Runtime/ProceduralMeshComponent/Binaries/Win64/UE4Editor-ProceduralMeshComponent.dll (API version 3944462).
LogModuleManager: Display: Found up-to-date module file ../../../Engine/Plugins/Runtime/ProceduralMeshComponent/Binaries/Win64/UE4Editor-ProceduralMeshComponentEditor.dll (API version 3944462).
LogModuleManager: Display: Found up-to-date module file ../../../Engine/Plugins/Animation/LiveLink/Binaries/Win64/UE4Editor-LiveLink.dll (API version 3944462).
LogModuleManager: Display: Found up-to-date module file ../../../Engine/Plugins/Animation/LiveLink/Binaries/Win64/UE4Editor-LiveLinkEditor.dll (API version 3944462).
LogModuleManager: Display: Found up-to-date module file ../../../Engine/Plugins/Runtime/ArchVisCharacter/Binaries/Win64/UE4Editor-ArchVisCharacter.dll (API version 3944462).
LogModuleManager: Display: Found up-to-date module file ../../../Engine/Plugins/Runtime/AudioCapture/Binaries/Win64/UE4Editor-AudioCapture.dll (API version 3944462).
LogModuleManager: Display: Found up-to-date module file ../../../Engine/Plugins/Runtime/AudioCapture/Binaries/Win64/UE4Editor-AudioCaptureEditor.dll (API version 3944462).
LogModuleManager: Display: Found up-to-date module file ../../../Engine/Plugins/Runtime/CableComponent/Binaries/Win64/UE4Editor-CableComponent.dll (API version 3944462).
LogModuleManager: Display: Found up-to-date module file ../../../Engine/Plugins/Runtime/CustomMeshComponent/Binaries/Win64/UE4Editor-CustomMeshComponent.dll (API version 3944462).
LogModuleManager: Display: Found up-to-date module file ../../../Engine/Plugins/Runtime/ExampleDeviceProfileSelector/Binaries/Win64/UE4Editor-ExampleDeviceProfileSelector.dll (API version 3944462).
LogModuleManager: Display: Found up-to-date module file ../../../Engine/Plugins/Runtime/ImmediatePhysics/Binaries/Win64/UE4Editor-ImmediatePhysics.dll (API version 3944462).
LogModuleManager: Display: Found up-to-date module file ../../../Engine/Plugins/Runtime/ImmediatePhysics/Binaries/Win64/UE4Editor-ImmediatePhysicsEditor.dll (API version 3944462).
LogModuleManager: Display: Found up-to-date module file ../../../Engine/Plugins/Runtime/LocationServicesBPLibrary/Binaries/Win64/UE4Editor-LocationServicesBPLibrary.dll (API version 3944462).
LogModuleManager: Display: Found up-to-date module file ../../../Engine/Plugins/Runtime/MobilePatchingUtils/Binaries/Win64/UE4Editor-MobilePatchingUtils.dll (API version 3944462).
LogModuleManager: Display: Found up-to-date module file ../../../Engine/Plugins/Runtime/Oculus/OculusVR/Binaries/Win64/UE4Editor-OculusHMD.dll (API version 3944462).
LogModuleManager: Display: Found up-to-date module file ../../../Engine/Plugins/Runtime/Oculus/OculusVR/Binaries/Win64/UE4Editor-OculusInput.dll (API version 3944462).
LogModuleManager: Display: Found up-to-date module file ../../../Engine/Plugins/Runtime/Oculus/OculusVR/Binaries/Win64/UE4Editor-OculusEditor.dll (API version 3944462).
LogModuleManager: Display: Found up-to-date module file ../../../Engine/Plugins/Runtime/PhysXVehicles/Binaries/Win64/UE4Editor-PhysXVehicles.dll (API version 3944462).
LogModuleManager: Display: Found up-to-date module file ../../../Engine/Plugins/Runtime/PhysXVehicles/Binaries/Win64/UE4Editor-PhysXVehiclesEditor.dll (API version 3944462).
LogModuleManager: Display: Found up-to-date module file ../../../Engine/Plugins/Runtime/RuntimePhysXCooking/Binaries/Win64/UE4Editor-RuntimePhysXCooking.dll (API version 3944462).
LogModuleManager: Display: Found up-to-date module file ../../../Engine/Plugins/Runtime/Steam/SteamVR/Binaries/Win64/UE4Editor-SteamVR.dll (API version 3944462).
LogModuleManager: Display: Found up-to-date module file ../../../Engine/Plugins/Runtime/Steam/SteamVR/Binaries/Win64/UE4Editor-SteamVRController.dll (API version 3944462).
LogModuleManager: Display: Found up-to-date module file ../../../Engine/Plugins/Runtime/WindowsMoviePlayer/Binaries/Win64/UE4Editor-WindowsMoviePlayer.dll (API version 3944462).
LogPluginManager: Mounting plugin Paper2D
LogPluginManager: Mounting plugin LiveLink
LogPluginManager: Mounting plugin LightPropagationVolume
LogPluginManager: Mounting plugin CLionSourceCodeAccess
LogPluginManager: Mounting plugin CodeLiteSourceCodeAccess
LogPluginManager: Mounting plugin GitSourceControl
LogPluginManager: Mounting plugin KDevelopSourceCodeAccess
LogPluginManager: Mounting plugin NullSourceCodeAccess
LogPluginManager: Mounting plugin PerforceSourceControl
LogPluginManager: Mounting plugin SubversionSourceControl
LogPluginManager: Mounting plugin UObjectPlugin
LogPluginManager: Mounting plugin VisualStudioCodeSourceCodeAccess
LogPluginManager: Mounting plugin VisualStudioSourceCodeAccess
LogPluginManager: Mounting plugin XCodeSourceCodeAccess
LogPluginManager: Mounting plugin AssetManagerEditor
LogPluginManager: Mounting plugin CryptoKeys
LogPluginManager: Mounting plugin DataValidation
LogPluginManager: Mounting plugin FacialAnimation
LogPluginManager: Mounting plugin GameplayTagsEditor
LogPluginManager: Mounting plugin MobileLauncherProfileWizard
LogPluginManager: Mounting plugin PluginBrowser
LogPluginManager: Mounting plugin SpeedTreeImporter
LogPluginManager: Mounting plugin DatasmithContent
LogPluginManager: Mounting plugin AlembicImporter
LogPluginManager: Mounting plugin CharacterAI
LogPluginManager: Mounting plugin HTML5Networking
LogPluginManager: Mounting plugin AndroidMedia
LogPluginManager: Mounting plugin AvfMedia
LogPluginManager: Mounting plugin ImgMedia
LogPluginManager: Mounting plugin LinearTimecode
LogPluginManager: Mounting plugin MediaCompositing
LogPluginManager: Mounting plugin MediaPlayerEditor
LogPluginManager: Mounting plugin WmfMedia
LogPluginManager: Mounting plugin TcpMessaging
LogPluginManager: Mounting plugin UdpMessaging
LogPluginManager: Mounting plugin ActorSequence
LogPluginManager: Mounting plugin LevelSequenceEditor
LogPluginManager: Mounting plugin MatineeToLevelSequence
LogPluginManager: Mounting plugin NetcodeUnitTest
LogPluginManager: Mounting plugin NUTUnrealEngine4
LogPluginManager: Mounting plugin OnlineSubsystemGooglePlay
LogPluginManager: Mounting plugin OnlineSubsystemIOS
LogPluginManager: Mounting plugin OnlineSubsystem
LogPluginManager: Mounting plugin OnlineSubsystemNull
LogPluginManager: Mounting plugin OnlineSubsystemUtils
LogPluginManager: Mounting plugin AndroidDeviceProfileSelector
LogPluginManager: Mounting plugin AndroidMoviePlayer
LogPluginManager: Mounting plugin AndroidPermission
LogPluginManager: Mounting plugin AppleARKit
LogPluginManager: Mounting plugin AppleMoviePlayer
LogPluginManager: Mounting plugin ArchVisCharacter
LogPluginManager: Mounting plugin AudioCapture
LogPluginManager: Mounting plugin CableComponent
LogPluginManager: Mounting plugin CustomMeshComponent
LogPluginManager: Mounting plugin ExampleDeviceProfileSelector
LogPluginManager: Mounting plugin GoogleCloudMessaging
LogPluginManager: Mounting plugin ImmediatePhysics
LogPluginManager: Mounting plugin IOSDeviceProfileSelector
LogPluginManager: Mounting plugin LinuxDeviceProfileSelector
LogPluginManager: Mounting plugin LocationServicesBPLibrary
LogPluginManager: Mounting plugin MobilePatchingUtils
LogPluginManager: Mounting plugin OculusVR
LogPluginManager: Plugin shader directory ../../../Engine/Plugins/Runtime/Oculus/OculusVR/Shaders found
LogPluginManager: Mapping shader source directory ../../../Engine/Plugins/Runtime/Oculus/OculusVR/Shaders to virtual directory /Plugin/OculusVR
LogPluginManager: Mounting plugin PhysXVehicles
LogPluginManager: Mounting plugin ProceduralMeshComponent
LogPluginManager: Mounting plugin RuntimePhysXCooking
LogPluginManager: Mounting plugin SteamVR
LogPluginManager: Mounting plugin WindowsMoviePlayer
LogStreaming: Display: Took  0.664s to configure plugins.
LogInit: Using libcurl 7.47.1
LogInit:  - built for x86_64-pc-win32
LogInit:  - supports SSL with OpenSSL/1.0.2g
LogInit:  - supports HTTP deflate (compression) using libz 1.2.8
LogInit:  - other features:
LogInit:      CURL_VERSION_SSL
LogInit:      CURL_VERSION_LIBZ
LogInit:      CURL_VERSION_IPV6
LogInit:      CURL_VERSION_ASYNCHDNS
LogInit:      CURL_VERSION_LARGEFILE
LogInit:      CURL_VERSION_IDN
LogInit:  CurlRequestOptions (configurable via config and command line):
LogInit:  - bVerifyPeer = false  - Libcurl will NOT verify peer certificate
LogInit:  - bUseHttpProxy = false  - Libcurl will NOT use HTTP proxy
LogInit:  - bDontReuseConnections = false  - Libcurl will reuse connections
LogInit:  - CertBundlePath = nullptr  - Libcurl will use whatever was configured at build time.
LogInit:  - MaxHostConnections = 16  - Libcurl will limit the number of connections to a host
LogInit:  - LocalHostAddr = Default
LogInit: WinSock: version 1.1 (2.2), MaxSocks=32767, MaxUdp=65467
LogInit: WinSock: I am DESKTOP-51H79OG (192.168.1.23:0)
LogInit: Build: ++UE4+Release-4.19-CL-4033788
LogInit: Engine Version: 4.19.2-4033788+++UE4+Release-4.19
LogInit: Compatible Engine Version: 4.19.0-3944462+++UE4+Release-4.19
LogInit: Net CL: 3944462
LogDevObjectVersion: Number of dev versions registered: 18
LogDevObjectVersion:   Dev-Blueprints (B0D832E4-1F89-4F0D-ACCF-7EB736FD4AA2): 10
LogDevObjectVersion:   Dev-Build (E1C64328-A22C-4D53-A36C-8E866417BD8C): 0
LogDevObjectVersion:   Dev-Core (375EC13C-06E4-48FB-B500-84F0262A717E): 2
LogDevObjectVersion:   Dev-Editor (E4B068ED-F494-42E9-A231-DA0B2E46BB41): 23
LogDevObjectVersion:   Dev-Framework (CFFC743F-43B0-4480-9391-14DF171D2073): 33
LogDevObjectVersion:   Dev-Mobile (B02B49B5-BB20-44E9-A304-32B752E40360): 2
LogDevObjectVersion:   Dev-Networking (A4E4105C-59A1-49B5-A7C5-40C4547EDFEE): 0
LogDevObjectVersion:   Dev-Online (39C831C9-5AE6-47DC-9A44-9C173E1C8E7C): 0
LogDevObjectVersion:   Dev-Physics (78F01B33-EBEA-4F98-B9B4-84EACCB95AA2): 0
LogDevObjectVersion:   Dev-Platform (6631380F-2D4D-43E0-8009-CF276956A95A): 0
LogDevObjectVersion:   Dev-Rendering (12F88B9F-8875-4AFC-A67C-D90C383ABD29): 25
LogDevObjectVersion:   Dev-Sequencer (7B5AE74C-D270-4C10-A958-57980B212A5A): 6
LogDevObjectVersion:   Dev-VR (D7296918-1DD6-4BDD-9DE2-64A83CC13884): 1
LogDevObjectVersion:   Dev-LoadTimes (C2A15278-BFE7-4AFE-6C17-90FF531DF755): 1
LogDevObjectVersion:   Private-Geometry (6EACA3D4-40EC-4CC1-B786-8BED09428FC5): 2
LogDevObjectVersion:   Dev-AnimPhys (29E575DD-E0A3-4627-9D10-D276232CDCEA): 16
LogDevObjectVersion:   Dev-ReflectionCapture (6B266CEC-1EC7-4B8F-A30B-E4D90942FC07): 1
LogDevObjectVersion:   Dev-Automation (0DF73D61-A23F-47EA-B727-89E90C41499A): 1
LogInit: Compiled (64-bit): Apr 27 2018 02:06:57
LogInit: Compiled with Visual C++: 19.00.24215.01
LogInit: Build Configuration: Development
LogInit: Branch Name: ++UE4+Release-4.19
LogInit: Command Line:  
LogInit: Base Directory: D:/Program Files/Epic Games/UE_4.19/Engine/Binaries/Win64/
LogInit: Installed Engine Build: 1
LogStreaming: Display: Took  0.000s to delete old logs.
LogInit: Presizing for max 8388607 objects, including 0 objects not considered by GC, pre-allocating 0 bytes for permanent pool.
LogInit: Object subsystem initialized
[2018.05.20-16.45.27:632][  0]LogInit: Selected Device Profile: [Windows]
[2018.05.20-16.45.27:632][  0]LogInit: Applying CVar settings loaded from the selected device profile: [Windows]
[2018.05.20-16.45.27:642][  0]LogInit: Computer: DESKTOP-51H79OG
[2018.05.20-16.45.27:642][  0]LogInit: User: Christopher
[2018.05.20-16.45.27:642][  0]LogInit: CPU Page size=4096, Cores=4
[2018.05.20-16.45.27:642][  0]LogInit: High frequency timer resolution =3.914063 MHz
[2018.05.20-16.45.27:643][  0]LogMemory: Memory total: Physical=31.9GB (32GB approx)
[2018.05.20-16.45.27:643][  0]LogMemory: Platform Memory Stats for Windows
[2018.05.20-16.45.27:643][  0]LogMemory: Process Physical Memory: 275.00 MB used, 275.00 MB peak
[2018.05.20-16.45.27:643][  0]LogMemory: Process Virtual Memory: 264.54 MB used, 264.54 MB peak
[2018.05.20-16.45.27:643][  0]LogMemory: Physical Memory: 5795.08 MB used,  26903.63 MB free, 32698.70 MB total
[2018.05.20-16.45.27:643][  0]LogMemory: Virtual Memory: 692.99 MB used,  26903.63 MB free, 134217728.00 MB total
[2018.05.20-16.45.27:656][  0]LogInit: Using OS detected language (en-US).
[2018.05.20-16.45.27:656][  0]LogInit: Using OS detected locale (en-US).
[2018.05.20-16.45.27:659][  0]LogTextLocalizationManager: No specific localization for 'en-US' exists, so the 'en' localization will be used.
[2018.05.20-16.45.27:993][  0]LogStreaming: Display: Took  0.337s to EndInitTextLocalization.
[2018.05.20-16.45.27:993][  0]LogInit: Setting process to per monitor DPI aware
[2018.05.20-16.45.28:009][  0]LogSlate: New Slate User Created.  User Index 0, Is Virtual User: 0
[2018.05.20-16.45.28:009][  0]LogSlate: Slate User Registered.  User Index 0, Is Virtual User: 0
[2018.05.20-16.45.28:146][  0]LogD3D11RHI: D3D11 adapters:
[2018.05.20-16.45.28:188][  0]LogD3D11RHI:    0. 'NVIDIA GeForce GTX 1080' (Feature Level 11_0)
[2018.05.20-16.45.28:188][  0]LogD3D11RHI:       8086/0/16349 MB DedicatedVideo/DedicatedSystem/SharedSystem, Outputs:1, VendorId:0x10de
[2018.05.20-16.45.28:189][  0]LogD3D11RHI:    1. 'Microsoft Basic Render Driver' (Feature Level 11_0)
[2018.05.20-16.45.28:189][  0]LogD3D11RHI:       0/0/16349 MB DedicatedVideo/DedicatedSystem/SharedSystem, Outputs:0, VendorId:0x1414
[2018.05.20-16.45.28:189][  0]LogD3D11RHI: Chosen D3D11 Adapter: 0
[2018.05.20-16.45.28:195][  0]LogD3D11RHI: Creating new Direct3DDevice
[2018.05.20-16.45.28:195][  0]LogD3D11RHI:     GPU DeviceId: 0x1b80 (for the marketing name, search the web for "GPU Device Id")
[2018.05.20-16.45.28:195][  0]LogWindows: EnumDisplayDevices:
[2018.05.20-16.45.28:195][  0]LogWindows:    0. 'NVIDIA GeForce GTX 1080' (P:1 D:1)
[2018.05.20-16.45.28:195][  0]LogWindows:    1. 'NVIDIA GeForce GTX 1080' (P:0 D:0)
[2018.05.20-16.45.28:195][  0]LogWindows:    2. 'NVIDIA GeForce GTX 1080' (P:0 D:0)
[2018.05.20-16.45.28:195][  0]LogWindows:    3. 'NVIDIA GeForce GTX 1080' (P:0 D:0)
[2018.05.20-16.45.28:195][  0]LogWindows: DebugString: GetVideoDriverDetailsInvalid PrimaryIsNotTheChoosenAdapter GetVideoDriverDetailsInvalid PrimaryIsNotTheChoosenAdapter GetVideoDriverDetailsInvalid PrimaryIsNotTheChoosenAdapter GetVideoDriverDetailsInvalid PrimaryIsNotTheChoosenAdapter FoundDriverCount:0 
[2018.05.20-16.45.28:195][  0]LogD3D11RHI:     Adapter Name: NVIDIA GeForce GTX 1080
[2018.05.20-16.45.28:195][  0]LogD3D11RHI:   Driver Version: Unknown (internal:Unknown, unified:Unknown)
[2018.05.20-16.45.28:196][  0]LogD3D11RHI:      Driver Date: Unknown
[2018.05.20-16.45.28:196][  0]LogRHI: Texture pool is 5660 MB (70% of 8086 MB)
[2018.05.20-16.45.28:213][  0]LogD3D11RHI: [Aftermath] Aftermath enabled and primed
[2018.05.20-16.45.28:213][  0]LogD3D11RHI: [Aftermath] Aftermath enabled and primed
[2018.05.20-16.45.28:213][  0]LogD3D11RHI: Async texture creation enabled
[2018.05.20-16.45.28:223][  0]LogD3D11RHI: GPU Timing Frequency: 1000.000000 (Debug: 2 1)
[2018.05.20-16.45.28:265][  0]LogShaderCompilers: Guid format shader working directory is -15 characters bigger than the processId version (C:/Users/Christopher/Documents/Unreal Projects/PioneerSpiritGameJam/Intermediate/Shaders/WorkingDirectory/2932/).
[2018.05.20-16.45.28:265][  0]LogShaderCompilers: Cleaned the shader compiler working directory 'C:/Users/Christopher/AppData/Local/Temp/UnrealShaderWorkingDir/F7297EE640727AE41EF5BE8A9275B817/'.
[2018.05.20-16.45.28:450][  0]LogTemp: Display: Loaded TP AllDesktopTargetPlatform
[2018.05.20-16.45.28:461][  0]LogTemp: Display: Loaded TP MacClientTargetPlatform
[2018.05.20-16.45.28:471][  0]LogTemp: Display: Loaded TP MacNoEditorTargetPlatform
[2018.05.20-16.45.28:482][  0]LogTemp: Display: Loaded TP MacServerTargetPlatform
[2018.05.20-16.45.28:493][  0]LogTemp: Display: Loaded TP MacTargetPlatform
[2018.05.20-16.45.28:504][  0]LogTemp: Display: Loaded TP WindowsClientTargetPlatform
[2018.05.20-16.45.28:516][  0]LogTemp: Display: Loaded TP WindowsNoEditorTargetPlatform
[2018.05.20-16.45.28:526][  0]LogTemp: Display: Loaded TP WindowsServerTargetPlatform
[2018.05.20-16.45.28:531][  0]LogTemp: Display: Loaded TP WindowsTargetPlatform
[2018.05.20-16.45.28:541][  0]LogTemp: Display: Loaded TP Android_ASTCTargetPlatform
[2018.05.20-16.45.28:552][  0]LogTemp: Display: Loaded TP Android_ATCTargetPlatform
[2018.05.20-16.45.28:561][  0]LogTemp: Display: Loaded TP Android_DXTTargetPlatform
[2018.05.20-16.45.28:573][  0]LogTemp: Display: Loaded TP Android_ETC1aTargetPlatform
[2018.05.20-16.45.28:583][  0]LogTemp: Display: Loaded TP Android_ETC1TargetPlatform
[2018.05.20-16.45.28:592][  0]LogTemp: Display: Loaded TP Android_ETC2TargetPlatform
[2018.05.20-16.45.28:612][  0]LogTemp: Display: Loaded TP Android_MultiTargetPlatform
[2018.05.20-16.45.28:612][  0]LogTemp: Display: Loaded TP Android_PVRTCTargetPlatform
[2018.05.20-16.45.28:622][  0]LogTemp: Display: Loaded TP AndroidTargetPlatform
[2018.05.20-16.45.28:623][  0]LogTemp: Display: Loaded TP HTML5TargetPlatform
[2018.05.20-16.45.28:656][  0]LogTemp: Display: Loaded TP IOSTargetPlatform
[2018.05.20-16.45.28:665][  0]LogTemp: Display: Loaded TP TVOSTargetPlatform
[2018.05.20-16.45.28:676][  0]LogTemp: Display: Loaded TP LinuxClientTargetPlatform
[2018.05.20-16.45.28:688][  0]LogTemp: Display: Loaded TP LinuxNoEditorTargetPlatform
[2018.05.20-16.45.28:697][  0]LogTemp: Display: Loaded TP LinuxServerTargetPlatform
[2018.05.20-16.45.28:707][  0]LogTemp: Display: Loaded TP LinuxTargetPlatform
[2018.05.20-16.45.28:707][  0]LogTargetPlatformManager: Display: Building Assets For Windows
[2018.05.20-16.45.28:780][  0]LogXGEController: Cannot use XGE Controller as Incredibuild is not installed on this machine.
[2018.05.20-16.45.28:780][  0]LogShaderCompilers: Cannot use XGE Shader Compiler as Incredibuild is not installed on this machine.
[2018.05.20-16.45.28:780][  0]LogShaderCompilers: Display: Using Local Shader Compiler.
[2018.05.20-16.45.29:318][  0]LogDerivedDataCache: Display: Max Cache Size: 512 MB
[2018.05.20-16.45.29:368][  0]LogDerivedDataCache: Loaded boot cache 0.05s 74MB C:/Users/Christopher/AppData/Local/UnrealEngine/4.19/DerivedDataCache/Boot.ddc.
[2018.05.20-16.45.29:368][  0]LogDerivedDataCache: Display: Loaded Boot cache: C:/Users/Christopher/AppData/Local/UnrealEngine/4.19/DerivedDataCache/Boot.ddc
[2018.05.20-16.45.29:368][  0]LogDerivedDataCache: FDerivedDataBackendGraph:  Pak pak cache file C:/Users/Christopher/Documents/Unreal Projects/PioneerSpiritGameJam/DerivedDataCache/DDC.ddp not found, will not use a pak cache.
[2018.05.20-16.45.29:368][  0]LogDerivedDataCache: Unable to find inner node Pak for hierarchical cache Hierarchy.
[2018.05.20-16.45.29:368][  0]LogDerivedDataCache: FDerivedDataBackendGraph:  CompressedPak pak cache file C:/Users/Christopher/Documents/Unreal Projects/PioneerSpiritGameJam/DerivedDataCache/Compressed.ddp not found, will not use a pak cache.
[2018.05.20-16.45.29:368][  0]LogDerivedDataCache: Unable to find inner node CompressedPak for hierarchical cache Hierarchy.
[2018.05.20-16.45.29:380][  0]LogDerivedDataCache: Display: Pak cache opened for reading ../../../Engine/DerivedDataCache/Compressed.ddp.
[2018.05.20-16.45.29:392][  0]LogDerivedDataCache: Using Local data cache path C:/Users/Christopher/AppData/Local/UnrealEngine/Common/DerivedDataCache: Writable
[2018.05.20-16.45.29:392][  0]LogDerivedDataCache: Shared data cache path not found in *engine.ini, will not use an Shared cache.
[2018.05.20-16.45.29:392][  0]LogDerivedDataCache: Unable to find inner node Shared for hierarchical cache Hierarchy.
[2018.05.20-16.45.29:401][  0]LogMaterial: Verifying Global Shaders for PCD3D_SM5
[2018.05.20-16.45.29:402][  0]LogSlate: Using Freetype 2.6.0
[2018.05.20-16.45.29:402][  0]LogSlate: SlateFontCache - WITH_FREETYPE: 1, WITH_HARFBUZZ: 1
[2018.05.20-16.45.29:402][  0]LogSlate: SlateFontCache - WITH_FREETYPE: 1, WITH_HARFBUZZ: 1
[2018.05.20-16.45.29:497][  0]LogAssetRegistry: FAssetRegistry took 0.0245 seconds to start up
[2018.05.20-16.45.29:761][  0]LogAssetRegistry: Error: Failed to open file for write C:/Users/Christopher/Documents/Unreal Projects/PioneerSpiritGameJam/Intermediate/CachedAssetRegistry.bin
[2018.05.20-16.45.29:761][  0]LogInit: Selected Device Profile: [Windows]
[2018.05.20-16.45.29:873][  0]LogSimplygon: Simplygon DLL not present - disabling.
[2018.05.20-16.45.29:875][  0]LogMeshReduction: Using SimplygonSwarm for distributed automatic mesh merging
[2018.05.20-16.45.29:875][  0]LogMeshReduction: Using QuadricMeshReduction for automatic static mesh reduction
[2018.05.20-16.45.29:875][  0]LogMeshReduction: No automatic skeletal mesh reduction module available
[2018.05.20-16.45.29:875][  0]LogMeshReduction: No automatic mesh merging module available
[2018.05.20-16.45.29:875][  0]LogMeshMerging: No automatic mesh merging module available
[2018.05.20-16.45.29:896][  0]LogNetVersion: PioneerSpiritGameJam , NetCL: 3944462, EngineNetVer: 2, GameNetVer: 0 (Checksum: 1391150865)
[2018.05.20-16.45.30:227][  0]LogPackageLocalizationCache: Processed 9 localized package path(s) for 2 prioritized culture(s) in 0.060225 seconds
[2018.05.20-16.45.30:231][  0]LogUObjectArray: 36728 objects as part of root set at end of initial load.
[2018.05.20-16.45.30:231][  0]LogUObjectAllocator: 7314312 out of 0 bytes used by permanent object pool.
[2018.05.20-16.45.30:231][  0]LogUObjectArray: CloseDisregardForGC: 0/0 objects in disregard for GC pool
[2018.05.20-16.45.31:440][  0]LogTcpMessaging: Initializing TcpMessaging bridge
[2018.05.20-16.45.31:462][  0]LogUdpMessaging: Initializing bridge on interface 0.0.0.0:0 to multicast group 230.0.0.1:6666.
[2018.05.20-16.45.31:714][  0]SourceControl: Source control is disabled
[2018.05.20-16.45.31:714][  0]SourceControl: Source control is disabled
[2018.05.20-16.45.31:725][  0]SourceControl: Source control is disabled
[2018.05.20-16.45.31:736][  0]SourceControl: Source control is disabled
[2018.05.20-16.45.32:074][  0]LogAndroidPermission: UAndroidPermissionCallbackProxy::GetInstance
[2018.05.20-16.45.32:177][  0]LogOcInput: OculusInput pre-init called
[2018.05.20-16.45.32:255][  0]LogEngine: Initializing Engine...
[2018.05.20-16.45.32:256][  0]LogHMD: Failed to initialize OpenVR with code 110
[2018.05.20-16.45.32:257][  0]LogStats: UGameplayTagsManager::ConstructGameplayTagTree: Construct from data asset -  0.000 s
[2018.05.20-16.45.32:257][  0]LogStats: UGameplayTagsManager::ConstructGameplayTagTree: GameplayTagTreeChangedEvent.Broadcast -  0.000 s
[2018.05.20-16.45.32:425][  0]LogAIModule: Creating AISystem for world Untitled
[2018.05.20-16.45.32:434][  0]LogInit: XAudio2 using 'Speakers (Realtek High Definition Audio)' : 2 channels at 48 kHz using 32 bits per sample (channel mask 0x3)
[2018.05.20-16.45.32:485][  0]LogInit: FAudioDevice initialized.
[2018.05.20-16.45.32:616][  0]LogFileManager: Error: Error writing to file: C:/Users/Christopher/AppData/Local/UnrealEngine/4.19/DerivedDataCache/Boot.ddc (There is not enough space on the disk.)
[2018.05.20-16.45.32:616][  0]LogDerivedDataCache: Saved boot cache 0.13s 74MB C:/Users/Christopher/AppData/Local/UnrealEngine/4.19/DerivedDataCache/Boot.ddc.
[2018.05.20-16.45.32:623][  0]LogInit: Texture streaming: Enabled
[2018.05.20-16.45.32:638][  0]LogEngineSessionManager: EngineSessionManager initialized
[2018.05.20-16.45.32:638][  0]LogEngineSessionManager: EngineSessionManager sent abnormal shutdown report. Type=Crashed, SessionId={83F33F31-458C-24FD-5EC0-08ABC5F0D293}
[2018.05.20-16.45.32:649][  0]LogInit: Transaction tracking system initialized
[2018.05.20-16.45.32:668][  0]BlueprintLog: New page: Editor Load
[2018.05.20-16.45.32:724][  0]LocalizationService: Localization service is disabled
[2018.05.20-16.45.32:793][  0]LogConsoleResponse: Display: 
[2018.05.20-16.45.32:908][  0]LogCook: Display: Max memory allowance for cook 16384mb min free memory 0mb
[2018.05.20-16.45.32:908][  0]LogCook: Display: Mobile HDR setting 1
[2018.05.20-16.45.32:908][  0]LogGameplayTags: Display: UGameplayTagsManager::DoneAddingNativeTags. DelegateIsBound: 0
[2018.05.20-16.45.32:908][  0]LogStats: UGameplayTagsManager::ConstructGameplayTagTree: Construct from data asset -  0.000 s
[2018.05.20-16.45.32:908][  0]LogStats: UGameplayTagsManager::ConstructGameplayTagTree: GameplayTagTreeChangedEvent.Broadcast -  0.000 s
[2018.05.20-16.45.33:151][  0]LogFileCache: Scanning file cache for directory 'C:/Users/Christopher/Documents/Unreal Projects/PioneerSpiritGameJam/Content/' took 0.02s
[2018.05.20-16.45.33:151][  0]SourceControl: Source control is disabled
[2018.05.20-16.45.33:151][  0]Cmd: MAP LOAD FILE="C:/Users/Christopher/Documents/Unreal Projects/PioneerSpiritGameJam/Content/FlyingBP/Maps/FlyingExampleMap.umap" TEMPLATE=0 SHOWPROGRESS=1 FEATURELEVEL=3
[2018.05.20-16.45.33:151][  0]LightingResults: New page: Lighting Build
[2018.05.20-16.45.33:153][  0]MapCheck: New page: Map Check
[2018.05.20-16.45.33:153][  0]LightingResults: New page: Lighting Build
[2018.05.20-16.45.33:241][  0]LogUObjectGlobals: Created PersistentFrame Addr=0x0000029704507800, Size=992, Default__ShipPawn_C Function /Game/FlyingBP/Blueprints/ShipPawn.ShipPawn_C:ExecuteUbergraph_ShipPawn
[2018.05.20-16.45.33:252][  0]LogUObjectGlobals: Destroyed PersistentFrame Addr=0x0000029704507800, Size=992
[2018.05.20-16.45.33:252][  0]LogUObjectGlobals: Created PersistentFrame Addr=0x0000029704507800, Size=992, Default__ShipPawn_C Function /Engine/Transient.REINST_ShipPawn_C_5:ExecuteUbergraph_ShipPawn
[2018.05.20-16.45.33:260][  0]LogUObjectGlobals: Created PersistentFrame Addr=0x0000029704506000, Size=992, Default__ShipPawn_C Function /Game/FlyingBP/Blueprints/ShipPawn.ShipPawn_C:ExecuteUbergraph_ShipPawn
[2018.05.20-16.45.33:404][  0]LogAIModule: Creating AISystem for world FlyingExampleMap
[2018.05.20-16.45.33:411][  0]LogEditorServer: Finished looking for orphan Actors (0.000 secs)
[2018.05.20-16.45.33:422][  0]LogUObjectGlobals: Destroyed PersistentFrame Addr=0x0000029704507800, Size=992
[2018.05.20-16.45.33:423][  0]Cmd: MAP CHECKDEP NOCLEARLOG
[2018.05.20-16.45.33:452][  0]MapCheck: Map check complete: 0 Error(s), 0 Warning(s), took 29.634ms to complete.
[2018.05.20-16.45.33:452][  0]LogFileHelpers: Loading map 'FlyingExampleMap' took 0.301
[2018.05.20-16.45.33:568][  0]LogCollectionManager: Loaded 0 collections in 0.001136 seconds
[2018.05.20-16.45.33:606][  0]LogFileCache: Scanning file cache for directory 'C:/Users/Christopher/Documents/Unreal Projects/PioneerSpiritGameJam/Saved/Collections/' took 0.01s
[2018.05.20-16.45.33:606][  0]LogFileCache: Scanning file cache for directory 'C:/Users/Christopher/Documents/Unreal Projects/PioneerSpiritGameJam/Content/Developers/Christopher/Collections/' took 0.01s
[2018.05.20-16.45.33:606][  0]LogFileCache: Scanning file cache for directory 'C:/Users/Christopher/Documents/Unreal Projects/PioneerSpiritGameJam/Content/Collections/' took 0.01s
[2018.05.20-16.45.33:606][  0]LogCollectionManager: Rebuilt the GUID cache for 0 collections in 0.000000 seconds
[2018.05.20-16.45.33:615][  0]LogContentBrowser: Native class hierarchy populated in 0.0085 seconds. Added 2452 classes and 558 folders.
[2018.05.20-16.45.33:619][  0]LogContentBrowser: Native class hierarchy updated for 'WidgetCarousel' in 0.0002 seconds. Added 0 classes and 0 folders.
[2018.05.20-16.45.33:648][  0]LogContentBrowser: Native class hierarchy updated for 'AddContentDialog' in 0.0002 seconds. Added 0 classes and 0 folders.
[2018.05.20-16.45.33:652][  0]LogContentBrowser: Native class hierarchy updated for 'SceneOutliner' in 0.0002 seconds. Added 1 classes and 2 folders.
[2018.05.20-16.45.33:667][  0]LogSlate: Took 0.000271 seconds to synchronously load lazily loaded font '../../../Engine/Content/Slate/Fonts/Roboto-Regular.ttf' (155K)
[2018.05.20-16.45.33:671][  0]LogSlate: Took 0.000149 seconds to synchronously load lazily loaded font '../../../Engine/Content/Slate/Fonts/Roboto-Bold.ttf' (160K)
[2018.05.20-16.45.33:676][  0]LogSlate: Took 0.000140 seconds to synchronously load lazily loaded font '../../../Engine/Content/Editor/Slate/Fonts/FontAwesome.ttf' (139K)
[2018.05.20-16.45.33:752][  0]LogRenderer: Reallocating scene render targets to support 1616x812 Format 10 NumSamples 1 (Frame:1).
[2018.05.20-16.45.33:877][  0]LogContentBrowser: Native class hierarchy updated for 'HierarchicalLODOutliner' in 0.0002 seconds. Added 0 classes and 0 folders.
[2018.05.20-16.45.33:877][  0]LogLoad: (Engine Initialization) Total time: 7.95 seconds
[2018.05.20-16.45.33:877][  0]LogLoad: (Engine Initialization) Total Blueprint compile time: 0.00 seconds
[2018.05.20-16.45.34:235][  0]LogContentStreaming: Texture pool size now 1000 MB
[2018.05.20-16.45.34:562][  1]LogAssetRegistry: Asset discovery search completed in 5.0865 seconds
[2018.05.20-16.45.34:564][  1]LogCollectionManager: Rebuilt the object cache for 0 collections in 0.000000 seconds (found 0 objects)
[2018.05.20-16.45.34:564][  1]LogCollectionManager: Fixed up redirectors for 0 collections in 0.000084 seconds (updated 0 objects)
[2018.05.20-16.45.35:219][  3]LogSlate: Took 0.000221 seconds to synchronously load lazily loaded font '../../../Engine/Content/Slate/Fonts/Roboto-Light.ttf' (167K)
[2018.05.20-16.45.37:685][159]LogSlate: FSceneViewport::OnFocusLost() reason 0
[2018.05.20-16.45.37:759][168]LogTemp: Repeating last play command: Selected Viewport
[2018.05.20-16.45.37:765][168]LogBlueprintUserMessages: Early PlayInEditor Detection: Level '/Game/FlyingBP/Maps/FlyingExampleMap.FlyingExampleMap:PersistentLevel' has LevelScriptBlueprint '/Game/FlyingBP/Maps/FlyingExampleMap.FlyingExampleMap:PersistentLevel.FlyingExampleMap' with GeneratedClass '/Game/FlyingBP/Maps/FlyingExampleMap.FlyingExampleMap_C' with ClassGeneratedBy '/Game/FlyingBP/Maps/FlyingExampleMap.FlyingExampleMap:PersistentLevel.FlyingExampleMap'
[2018.05.20-16.45.37:766][168]LogPlayLevel: PlayLevel: No blueprints needed recompiling
[2018.05.20-16.45.37:766][168]PIE: New page: PIE session: FlyingExampleMap (May 20, 2018, 8:45:37 AM)
[2018.05.20-16.45.37:766][168]LogPlayLevel: Creating play world package: /Game/FlyingBP/Maps/UEDPIE_0_FlyingExampleMap
[2018.05.20-16.45.37:782][168]LogPlayLevel: PIE: StaticDuplicateObject took: (0.016386s)
[2018.05.20-16.45.37:783][168]LogAIModule: Creating AISystem for world FlyingExampleMap
[2018.05.20-16.45.37:783][168]LogPlayLevel: PIE: World Init took: (0.000689s)
[2018.05.20-16.45.37:783][168]LogPlayLevel: PIE: Created PIE world by copying editor world from /Game/FlyingBP/Maps/FlyingExampleMap.FlyingExampleMap to /Game/FlyingBP/Maps/UEDPIE_0_FlyingExampleMap.FlyingExampleMap (0.017321s)
[2018.05.20-16.45.37:798][168]LogInit: XAudio2 using 'Speakers (Realtek High Definition Audio)' : 2 channels at 48 kHz using 32 bits per sample (channel mask 0x3)
[2018.05.20-16.45.37:848][168]LogInit: FAudioDevice initialized.
[2018.05.20-16.45.37:890][168]LogLoad: Game class is 'CustomGameMode_C'
[2018.05.20-16.45.37:892][168]LogWorld: Bringing World /Game/FlyingBP/Maps/UEDPIE_0_FlyingExampleMap.FlyingExampleMap up for play (max tick rate 0) at 2018.05.20-12.45.37
[2018.05.20-16.45.37:892][168]LogWorld: Bringing up level for play took: 0.001072
[2018.05.20-16.45.37:894][168]LogContentBrowser: Native class hierarchy updated for 'MovieSceneCapture' in 0.0002 seconds. Added 11 classes and 0 folders.
[2018.05.20-16.45.37:895][168]PIE: Play in editor start time for /Game/FlyingBP/Maps/UEDPIE_0_FlyingExampleMap 0.881
[2018.05.20-16.45.37:895][168]LogBlueprintUserMessages: Late PlayInEditor Detection: Level '/Game/FlyingBP/Maps/FlyingExampleMap.FlyingExampleMap:PersistentLevel' has LevelScriptBlueprint '/Game/FlyingBP/Maps/FlyingExampleMap.FlyingExampleMap:PersistentLevel.FlyingExampleMap' with GeneratedClass '/Game/FlyingBP/Maps/FlyingExampleMap.FlyingExampleMap_C' with ClassGeneratedBy '/Game/FlyingBP/Maps/FlyingExampleMap.FlyingExampleMap:PersistentLevel.FlyingExampleMap'
[2018.05.20-16.45.40:110][427]LogBlueprintUserMessages: [FlyingPawn_297] CooldownTriggered
[2018.05.20-16.45.43:102][786]LogBlueprintUserMessages: [FlyingPawn_297] CooldownFinished
[2018.05.20-16.45.43:627][849]LogBlueprintUserMessages: [FlyingPawn_297] CooldownTriggered
[2018.05.20-16.45.46:619][208]LogBlueprintUserMessages: [FlyingPawn_297] CooldownFinished
[2018.05.20-16.45.46:919][244]LogBlueprintUserMessages: [FlyingPawn_297] CooldownTriggered
[2018.05.20-16.45.49:911][603]LogBlueprintUserMessages: [FlyingPawn_297] CooldownFinished
[2018.05.20-16.45.50:252][644]LogBlueprintUserMessages: [FlyingPawn_297] CooldownTriggered
[2018.05.20-16.45.51:054][740]LogBlueprintUserMessages: Early EndPlayMap Detection: Level '/Game/FlyingBP/Maps/FlyingExampleMap.FlyingExampleMap:PersistentLevel' has LevelScriptBlueprint '/Game/FlyingBP/Maps/FlyingExampleMap.FlyingExampleMap:PersistentLevel.FlyingExampleMap' with GeneratedClass '/Game/FlyingBP/Maps/FlyingExampleMap.FlyingExampleMap_C' with ClassGeneratedBy '/Game/FlyingBP/Maps/FlyingExampleMap.FlyingExampleMap:PersistentLevel.FlyingExampleMap'
[2018.05.20-16.45.51:083][740]LogBlueprintUserMessages: Late EndPlayMap Detection: Level '/Game/FlyingBP/Maps/FlyingExampleMap.FlyingExampleMap:PersistentLevel' has LevelScriptBlueprint '/Game/FlyingBP/Maps/FlyingExampleMap.FlyingExampleMap:PersistentLevel.FlyingExampleMap' with GeneratedClass '/Game/FlyingBP/Maps/FlyingExampleMap.FlyingExampleMap_C' with ClassGeneratedBy '/Game/FlyingBP/Maps/FlyingExampleMap.FlyingExampleMap:PersistentLevel.FlyingExampleMap'
[2018.05.20-16.45.52:636][806]LogSlate: FSceneViewport::OnFocusLost() reason 2
[2018.05.20-16.45.54:270][  0]LogSlate: FSceneViewport::OnFocusLost() reason 0
[2018.05.20-16.45.55:364][105]LogContentBrowser: Native class hierarchy updated for 'BlueprintGraph' in 0.0005 seconds. Added 116 classes and 0 folders.
[2018.05.20-16.45.55:590][105]LogUObjectGlobals: Created PersistentFrame Addr=0x0000029726691e88, Size=4, Default__SKEL_PROTO_BP_AnimBlueprint_0_C Function /Engine/Transient.SKEL_PROTO_BP_AnimBlueprint_0_C:ExecuteUbergraph_PROTO_BP_AnimBlueprint_0
[2018.05.20-16.45.55:590][105]LogUObjectGlobals: Created PersistentFrame Addr=0x0000029726691e80, Size=4, Default__PROTO_BP_AnimBlueprint_0_C Function /Engine/Transient.PROTO_BP_AnimBlueprint_0_C:ExecuteUbergraph_PROTO_BP_AnimBlueprint_0
[2018.05.20-16.45.55:918][105]LogSlate: Took 0.000155 seconds to synchronously load lazily loaded font '../../../Engine/Content/Slate/Fonts/Roboto-BoldCondensed.ttf' (158K)
[2018.05.20-16.45.56:226][106]LogSlate: Took 0.000136 seconds to synchronously load lazily loaded font '../../../Engine/Content/Slate/Fonts/Roboto-Italic.ttf' (157K)
[2018.05.20-16.46.03:852][848]BlueprintLog: New page: Compile ShipPawn
[2018.05.20-16.46.03:896][848]LogUObjectGlobals: Destroyed PersistentFrame Addr=0x0000029704506000, Size=992
[2018.05.20-16.46.03:896][848]LogUObjectGlobals: Created PersistentFrame Addr=0x000002978e215800, Size=992, Default__ShipPawn_C Function /Engine/Transient.REINST_ShipPawn_C_23:ExecuteUbergraph_ShipPawn
[2018.05.20-16.46.03:903][848]LogUObjectGlobals: Created PersistentFrame Addr=0x000002978ca96400, Size=984, Default__ShipPawn_C Function /Game/FlyingBP/Blueprints/ShipPawn.ShipPawn_C:ExecuteUbergraph_ShipPawn
[2018.05.20-16.48.46:910][567]LogUObjectGlobals: Destroyed PersistentFrame Addr=0x000002978e215800, Size=992
[2018.05.20-16.48.47:987][567]LogSlate: Window 'Save Content' being destroyed
[2018.05.20-16.48.48:018][567]Cmd: OBJ SAVEPACKAGE PACKAGE="/Game/FlyingBP/Blueprints/ShipPawn" FILE="C:/Users/Christopher/Documents/Unreal Projects/PioneerSpiritGameJam/Content/FlyingBP/Blueprints/ShipPawn.uasset" SILENT=true
[2018.05.20-16.48.48:099][567]LogSavePackage: Save=78.38ms
[2018.05.20-16.48.48:100][567]LogSavePackage: Moving 'C:/Users/Christopher/Documents/Unreal Projects/PioneerSpiritGameJam/Saved/ShipPawn4EB391914B88C6D88B0A8BA2B8214620.tmp' to 'C:/Users/Christopher/Documents/Unreal Projects/PioneerSpiritGameJam/Content/FlyingBP/Blueprints/ShipPawn.uasset'
[2018.05.20-16.48.48:102][567]LogSavePackage: Display: Finished SavePackage C:/Users/Christopher/Documents/Unreal Projects/PioneerSpiritGameJam/Content/FlyingBP/Blueprints/ShipPawn.uasset
[2018.05.20-16.48.48:266][567]LogFileManager: Error: Error writing to file: C:/Users/Christopher/Documents/Unreal Projects/PioneerSpiritGameJam/Saved/FlyingExampleMap7CA402BA4E7E8E987B4E0EBE4425534E.tmp (There is not enough space on the disk.)
[2018.05.20-16.48.48:266][567]LogWindows: Windows GetLastError: The operation completed successfully. (0)
[2018.05.20-16.48.48:755][567]LogWindows: Error: === Critical error: ===
[2018.05.20-16.48.48:755][567]LogWindows: Error: 
[2018.05.20-16.48.48:755][567]LogWindows: Error: Assertion failed: NewPosition <= FileSize [File:D:\Build\++UE4+Release-4.19+Compile\Sync\Engine\Source\Runtime\Core\Private\Windows\WindowsPlatformFile.cpp] [Line: 499] 
[2018.05.20-16.48.48:755][567]LogWindows: Error: 
[2018.05.20-16.48.48:755][567]LogWindows: Error: 
[2018.05.20-16.48.48:755][567]LogWindows: Error: 
[2018.05.20-16.48.48:755][567]LogWindows: Error: [Callstack] 0x00000000F5754008 KERNELBASE.dll!UnknownFunction []
[2018.05.20-16.48.48:755][567]LogWindows: Error: [Callstack] 0x00000000EE077884 UE4Editor-ApplicationCore.dll!UnknownFunction []
[2018.05.20-16.48.48:755][567]LogWindows: Error: [Callstack] 0x00000000D6186D9B UE4Editor-Core.dll!UnknownFunction []
[2018.05.20-16.48.48:755][567]LogWindows: Error: [Callstack] 0x00000000D60C1949 UE4Editor-Core.dll!UnknownFunction []
[2018.05.20-16.48.48:755][567]LogWindows: Error: [Callstack] 0x00000000D636A3E4 UE4Editor-Core.dll!UnknownFunction []
[2018.05.20-16.48.48:755][567]LogWindows: Error: [Callstack] 0x00000000D6010484 UE4Editor-Core.dll!UnknownFunction []
[2018.05.20-16.48.48:755][567]LogWindows: Error: [Callstack] 0x00000000BBD321B5 UE4Editor-CoreUObject.dll!UnknownFunction []
[2018.05.20-16.48.48:755][567]LogWindows: Error: [Callstack] 0x00000000B75C5264 UE4Editor-UnrealEd.dll!UnknownFunction []
[2018.05.20-16.48.48:755][567]LogWindows: Error: [Callstack] 0x00000000B75C5C85 UE4Editor-UnrealEd.dll!UnknownFunction []
[2018.05.20-16.48.48:755][567]LogWindows: Error: [Callstack] 0x00000000B76066DC UE4Editor-UnrealEd.dll!UnknownFunction []
[2018.05.20-16.48.48:755][567]LogWindows: Error: [Callstack] 0x00000000B7603148 UE4Editor-UnrealEd.dll!UnknownFunction []
[2018.05.20-16.48.48:755][567]LogWindows: Error: [Callstack] 0x00000000B7E80489 UE4Editor-UnrealEd.dll!UnknownFunction []
[2018.05.20-16.48.48:755][567]LogWindows: Error: [Callstack] 0x00000000B793B392 UE4Editor-UnrealEd.dll!UnknownFunction []
[2018.05.20-16.48.48:755][567]LogWindows: Error: [Callstack] 0x00000000B7939FDA UE4Editor-UnrealEd.dll!UnknownFunction []
[2018.05.20-16.48.48:755][567]LogWindows: Error: [Callstack] 0x00000000B78FE03B UE4Editor-UnrealEd.dll!UnknownFunction []
[2018.05.20-16.48.48:755][567]LogWindows: Error: [Callstack] 0x00000000B78FCA27 UE4Editor-UnrealEd.dll!UnknownFunction []
[2018.05.20-16.48.48:755][567]LogWindows: Error: [Callstack] 0x00000000B7925462 UE4Editor-UnrealEd.dll!UnknownFunction []
[2018.05.20-16.48.48:755][567]LogWindows: Error: [Callstack] 0x00000000B79396F8 UE4Editor-UnrealEd.dll!UnknownFunction []
[2018.05.20-16.48.48:755][567]LogWindows: Error: [Callstack] 0x00000000A6D8D11A UE4Editor-ContentBrowser.dll!UnknownFunction []
[2018.05.20-16.48.48:755][567]LogWindows: Error: [Callstack] 0x00000000A6E979D6 UE4Editor-ContentBrowser.dll!UnknownFunction []
[2018.05.20-16.48.48:755][567]LogWindows: Error: [Callstack] 0x00000000A6D9AC22 UE4Editor-ContentBrowser.dll!UnknownFunction []
[2018.05.20-16.48.48:755][567]LogWindows: Error: [Callstack] 0x00000000A6DA0219 UE4Editor-ContentBrowser.dll!UnknownFunction []
[2018.05.20-16.48.48:755][567]LogWindows: Error: [Callstack] 0x00000000A6E48A05 UE4Editor-ContentBrowser.dll!UnknownFunction []
[2018.05.20-16.48.48:755][567]LogWindows: Error: [Callstack] 0x00000000B8AAB7F7 UE4Editor-Slate.dll!UnknownFunction []
[2018.05.20-16.48.48:755][567]LogWindows: Error: [Callstack] 0x00000000B8AD19E8 UE4Editor-Slate.dll!UnknownFunction []
[2018.05.20-16.48.48:755][567]LogWindows: Error: [Callstack] 0x00000000B88F485C UE4Editor-Slate.dll!UnknownFunction []
[2018.05.20-16.48.48:755][567]LogWindows: Error: [Callstack] 0x00000000B88C7D75 UE4Editor-Slate.dll!UnknownFunction []
[2018.05.20-16.48.48:755][567]LogWindows: Error: [Callstack] 0x00000000B895F617 UE4Editor-Slate.dll!UnknownFunction []
[2018.05.20-16.48.48:755][567]LogWindows: Error: [Callstack] 0x00000000B8947D0D UE4Editor-Slate.dll!UnknownFunction []
[2018.05.20-16.48.48:755][567]LogWindows: Error: [Callstack] 0x00000000B893B3E2 UE4Editor-Slate.dll!UnknownFunction []
[2018.05.20-16.48.48:755][567]LogWindows: Error: [Callstack] 0x00000000EE06E69B UE4Editor-ApplicationCore.dll!UnknownFunction []
[2018.05.20-16.48.48:755][567]LogWindows: Error: [Callstack] 0x00000000EE061B78 UE4Editor-ApplicationCore.dll!UnknownFunction []
[2018.05.20-16.48.48:755][567]LogWindows: Error: [Callstack] 0x00000000EE07052C UE4Editor-ApplicationCore.dll!UnknownFunction []
[2018.05.20-16.48.48:755][567]LogWindows: Error: [Callstack] 0x00000000EE05D679 UE4Editor-ApplicationCore.dll!UnknownFunction []
[2018.05.20-16.48.48:755][567]LogWindows: Error: [Callstack] 0x00000000F696B85D USER32.dll!UnknownFunction []
[2018.05.20-16.48.48:755][567]LogWindows: Error: [Callstack] 0x00000000F696B1EF USER32.dll!UnknownFunction []
[2018.05.20-16.48.48:755][567]LogWindows: Error: [Callstack] 0x00000000EE071666 UE4Editor-ApplicationCore.dll!UnknownFunction []
[2018.05.20-16.48.48:755][567]LogWindows: Error: [Callstack] 0x000000005A0A5475 UE4Editor.exe!UnknownFunction []
[2018.05.20-16.48.48:755][567]LogWindows: Error: [Callstack] 0x000000005A0B6BD0 UE4Editor.exe!UnknownFunction []
[2018.05.20-16.48.48:755][567]LogWindows: Error: [Callstack] 0x000000005A0B6C4A UE4Editor.exe!UnknownFunction []
[2018.05.20-16.48.48:755][567]LogWindows: Error: [Callstack] 0x000000005A0C4177 UE4Editor.exe!UnknownFunction []
[2018.05.20-16.48.48:755][567]LogWindows: Error: [Callstack] 0x000000005A0C5B87 UE4Editor.exe!UnknownFunction []
[2018.05.20-16.48.48:755][567]LogWindows: Error: [Callstack] 0x00000000F71A1FE4 KERNEL32.DLL!UnknownFunction []
[2018.05.20-16.48.48:755][567]LogWindows: Error: [Callstack] 0x00000000F8ECF061 ntdll.dll!UnknownFunction []
[2018.05.20-16.48.48:755][567]LogWindows: Error: [Callstack] 0x00000000F8ECF061 ntdll.dll!UnknownFunction []
[2018.05.20-16.48.48:755][567]LogWindows: Error: 
[2018.05.20-16.48.48:769][567]LogExit: Executing StaticShutdownAfterError
[2018.05.20-16.48.48:771][567]LogWindows: FPlatformMisc::RequestExit(1)
[2018.05.20-16.48.48:771][567]Log file closed, 05/20/18 12:48:48
