Log file open, 05/20/18 12:56:13
LogWindows: Failed to load 'aqProf.dll' (GetLastError=126)
LogWindows: File 'aqProf.dll' does not exist
LogWindows: Failed to load 'VtuneApi.dll' (GetLastError=126)
LogWindows: File 'VtuneApi.dll' does not exist
LogWindows: Failed to load 'VtuneApi32e.dll' (GetLastError=126)
LogWindows: File 'VtuneApi32e.dll' does not exist
LogInit: Display: Running engine for game: PioneerSpiritGameJam
LogPlatformFile: Not using cached read wrapper
LogInit: Display: RandInit(-1951943756) SRandInit(-1951943756).
LogInit: Read version file with build ID '3944462'
LogInit: Overriding engine version to CL 4033788, compatible CL 3944462
LogInit: Registered custom module enumerator with build ID '3944462'
LogTaskGraph: Started task graph with 5 named threads and 23 total threads with 3 sets of task threads.
LogStats: Stats thread started at 0.254799
LogD3D11RHI: Aftermath initialized
LogICUInternationalization: Display: ICU TimeZone Detection - Raw Offset: -5:00, Platform Override: ''
LogModuleManager: Display: Found up-to-date module file ../../../Engine/Plugins/2D/Paper2D/Binaries/Win64/UE4Editor-Paper2D.dll (API version 3944462).
LogModuleManager: Display: Found up-to-date module file ../../../Engine/Plugins/2D/Paper2D/Binaries/Win64/UE4Editor-Paper2DEditor.dll (API version 3944462).
LogModuleManager: Display: Found up-to-date module file ../../../Engine/Plugins/2D/Paper2D/Binaries/Win64/UE4Editor-PaperSpriteSheetImporter.dll (API version 3944462).
LogModuleManager: Display: Found up-to-date module file ../../../Engine/Plugins/2D/Paper2D/Binaries/Win64/UE4Editor-PaperTiledImporter.dll (API version 3944462).
LogModuleManager: Display: Found up-to-date module file ../../../Engine/Plugins/2D/Paper2D/Binaries/Win64/UE4Editor-SmartSnapping.dll (API version 3944462).
LogModuleManager: Display: Found up-to-date module file ../../../Engine/Plugins/Blendables/LightPropagationVolume/Binaries/Win64/UE4Editor-LightPropagationVolumeRuntime.dll (API version 3944462).
LogModuleManager: Display: Found up-to-date module file ../../../Engine/Plugins/Blendables/LightPropagationVolume/Binaries/Win64/UE4Editor-LightPropagationVolumeEditor.dll (API version 3944462).
LogModuleManager: Display: Found up-to-date module file ../../../Engine/Plugins/Developer/CLionSourceCodeAccess/Binaries/Win64/UE4Editor-CLionSourceCodeAccess.dll (API version 3944462).
LogModuleManager: Display: Found up-to-date module file ../../../Engine/Plugins/Developer/GitSourceControl/Binaries/Win64/UE4Editor-GitSourceControl.dll (API version 3944462).
LogModuleManager: Display: Found up-to-date module file ../../../Engine/Plugins/Developer/PerforceSourceControl/Binaries/Win64/UE4Editor-PerforceSourceControl.dll (API version 3944462).
LogModuleManager: Display: Found up-to-date module file ../../../Engine/Plugins/Developer/SubversionSourceControl/Binaries/Win64/UE4Editor-SubversionSourceControl.dll (API version 3944462).
LogModuleManager: Display: Found up-to-date module file ../../../Engine/Plugins/Developer/UObjectPlugin/Binaries/Win64/UE4Editor-UObjectPlugin.dll (API version 3944462).
LogModuleManager: Display: Found up-to-date module file ../../../Engine/Plugins/Developer/VisualStudioCodeSourceCodeAccess/Binaries/Win64/UE4Editor-VisualStudioCodeSourceCodeAccess.dll (API version 3944462).
LogModuleManager: Display: Found up-to-date module file ../../../Engine/Plugins/Developer/VisualStudioSourceCodeAccess/Binaries/Win64/UE4Editor-VisualStudioSourceCodeAccess.dll (API version 3944462).
LogModuleManager: Display: Found up-to-date module file ../../../Engine/Plugins/Editor/AssetManagerEditor/Binaries/Win64/UE4Editor-AssetManagerEditor.dll (API version 3944462).
LogModuleManager: Display: Found up-to-date module file ../../../Engine/Plugins/Editor/CryptoKeys/Binaries/Win64/UE4Editor-CryptoKeys.dll (API version 3944462).
LogModuleManager: Display: Found up-to-date module file ../../../Engine/Plugins/Editor/CryptoKeys/Binaries/Win64/UE4Editor-CryptoKeysOpenSSL.dll (API version 3944462).
LogModuleManager: Display: Found up-to-date module file ../../../Engine/Plugins/Editor/DataValidation/Binaries/Win64/UE4Editor-DataValidation.dll (API version 3944462).
LogModuleManager: Display: Found up-to-date module file ../../../Engine/Plugins/Editor/FacialAnimation/Binaries/Win64/UE4Editor-FacialAnimation.dll (API version 3944462).
LogModuleManager: Display: Found up-to-date module file ../../../Engine/Plugins/Editor/FacialAnimation/Binaries/Win64/UE4Editor-FacialAnimationEditor.dll (API version 3944462).
LogModuleManager: Display: Found up-to-date module file ../../../Engine/Plugins/Editor/GameplayTagsEditor/Binaries/Win64/UE4Editor-GameplayTagsEditor.dll (API version 3944462).
LogModuleManager: Display: Found up-to-date module file ../../../Engine/Plugins/Editor/MobileLauncherProfileWizard/Binaries/Win64/UE4Editor-MobileLauncherProfileWizard.dll (API version 3944462).
LogModuleManager: Display: Found up-to-date module file ../../../Engine/Plugins/Editor/PluginBrowser/Binaries/Win64/UE4Editor-PluginBrowser.dll (API version 3944462).
LogModuleManager: Display: Found up-to-date module file ../../../Engine/Plugins/Editor/SpeedTreeImporter/Binaries/Win64/UE4Editor-SpeedTreeImporter.dll (API version 3944462).
LogModuleManager: Display: Found up-to-date module file ../../../Engine/Plugins/Enterprise/DatasmithContent/Binaries/Win64/UE4Editor-DatasmithContent.dll (API version 3944462).
LogModuleManager: Display: Found up-to-date module file ../../../Engine/Plugins/Experimental/AlembicImporter/Binaries/Win64/UE4Editor-AlembicImporter.dll (API version 3944462).
LogModuleManager: Display: Found up-to-date module file ../../../Engine/Plugins/Experimental/AlembicImporter/Binaries/Win64/UE4Editor-AlembicLibrary.dll (API version 3944462).
LogModuleManager: Display: Found up-to-date module file ../../../Engine/Plugins/Experimental/CharacterAI/Binaries/Win64/UE4Editor-CharacterAI.dll (API version 3944462).
LogModuleManager: Display: Found up-to-date module file ../../../Engine/Plugins/Experimental/HTML5Networking/Binaries/Win64/UE4Editor-HTML5Networking.dll (API version 3944462).
LogModuleManager: Display: Found up-to-date module file ../../../Engine/Plugins/Media/AndroidMedia/Binaries/Win64/UE4Editor-AndroidMediaEditor.dll (API version 3944462).
LogModuleManager: Display: Found up-to-date module file ../../../Engine/Plugins/Media/AndroidMedia/Binaries/Win64/UE4Editor-AndroidMediaFactory.dll (API version 3944462).
LogModuleManager: Display: Found up-to-date module file ../../../Engine/Plugins/Media/AvfMedia/Binaries/Win64/UE4Editor-AvfMediaEditor.dll (API version 3944462).
LogModuleManager: Display: Found up-to-date module file ../../../Engine/Plugins/Media/AvfMedia/Binaries/Win64/UE4Editor-AvfMediaFactory.dll (API version 3944462).
LogModuleManager: Display: Found up-to-date module file ../../../Engine/Plugins/Media/AvfMedia/Binaries/Win64/UE4Editor-AvfMediaFactory.dll (API version 3944462).
LogModuleManager: Display: Found up-to-date module file ../../../Engine/Plugins/Media/ImgMedia/Binaries/Win64/UE4Editor-ImgMedia.dll (API version 3944462).
LogModuleManager: Display: Found up-to-date module file ../../../Engine/Plugins/Media/ImgMedia/Binaries/Win64/UE4Editor-ImgMediaEditor.dll (API version 3944462).
LogModuleManager: Display: Found up-to-date module file ../../../Engine/Plugins/Media/ImgMedia/Binaries/Win64/UE4Editor-ImgMediaFactory.dll (API version 3944462).
LogModuleManager: Display: Found up-to-date module file ../../../Engine/Plugins/Media/ImgMedia/Binaries/Win64/UE4Editor-ImgMediaFactory.dll (API version 3944462).
LogModuleManager: Display: Found up-to-date module file ../../../Engine/Plugins/Media/ImgMedia/Binaries/Win64/UE4Editor-OpenExrWrapper.dll (API version 3944462).
LogModuleManager: Display: Found up-to-date module file ../../../Engine/Plugins/Media/LinearTimecode/Binaries/Win64/UE4Editor-LinearTimecode.dll (API version 3944462).
LogModuleManager: Display: Found up-to-date module file ../../../Engine/Plugins/Media/MediaCompositing/Binaries/Win64/UE4Editor-MediaCompositing.dll (API version 3944462).
LogModuleManager: Display: Found up-to-date module file ../../../Engine/Plugins/Media/MediaCompositing/Binaries/Win64/UE4Editor-MediaCompositingEditor.dll (API version 3944462).
LogModuleManager: Display: Found up-to-date module file ../../../Engine/Plugins/Media/MediaPlayerEditor/Binaries/Win64/UE4Editor-MediaPlayerEditor.dll (API version 3944462).
LogModuleManager: Display: Found up-to-date module file ../../../Engine/Plugins/Media/WmfMedia/Binaries/Win64/UE4Editor-WmfMedia.dll (API version 3944462).
LogModuleManager: Display: Found up-to-date module file ../../../Engine/Plugins/Media/WmfMedia/Binaries/Win64/UE4Editor-WmfMediaEditor.dll (API version 3944462).
LogModuleManager: Display: Found up-to-date module file ../../../Engine/Plugins/Media/WmfMedia/Binaries/Win64/UE4Editor-WmfMediaFactory.dll (API version 3944462).
LogModuleManager: Display: Found up-to-date module file ../../../Engine/Plugins/Media/WmfMedia/Binaries/Win64/UE4Editor-WmfMediaFactory.dll (API version 3944462).
LogModuleManager: Display: Found up-to-date module file ../../../Engine/Plugins/Messaging/TcpMessaging/Binaries/Win64/UE4Editor-TcpMessaging.dll (API version 3944462).
LogModuleManager: Display: Found up-to-date module file ../../../Engine/Plugins/Messaging/UdpMessaging/Binaries/Win64/UE4Editor-UdpMessaging.dll (API version 3944462).
LogModuleManager: Display: Found up-to-date module file ../../../Engine/Plugins/MovieScene/ActorSequence/Binaries/Win64/UE4Editor-ActorSequence.dll (API version 3944462).
LogModuleManager: Display: Found up-to-date module file ../../../Engine/Plugins/MovieScene/LevelSequenceEditor/Binaries/Win64/UE4Editor-LevelSequenceEditor.dll (API version 3944462).
LogModuleManager: Display: Found up-to-date module file ../../../Engine/Plugins/MovieScene/MatineeToLevelSequence/Binaries/Win64/UE4Editor-MatineeToLevelSequence.dll (API version 3944462).
LogModuleManager: Display: Found up-to-date module file ../../../Engine/Plugins/NetcodeUnitTest/NetcodeUnitTest/Binaries/Win64/UE4Editor-NetcodeUnitTest.dll (API version 3944462).
LogModuleManager: Display: Found up-to-date module file ../../../Engine/Plugins/NetcodeUnitTest/NUTUnrealEngine4/Binaries/Win64/UE4Editor-NUTUnrealEngine4.dll (API version 3944462).
LogModuleManager: Display: Found up-to-date module file ../../../Engine/Plugins/Online/OnlineSubsystem/Binaries/Win64/UE4Editor-OnlineSubsystem.dll (API version 3944462).
LogModuleManager: Display: Found up-to-date module file ../../../Engine/Plugins/Runtime/AndroidPermission/Binaries/Win64/UE4Editor-AndroidPermission.dll (API version 3944462).
LogModuleManager: Display: Found up-to-date module file ../../../Engine/Plugins/Online/OnlineSubsystemNull/Binaries/Win64/UE4Editor-OnlineSubsystemNull.dll (API version 3944462).
LogModuleManager: Display: Found up-to-date module file ../../../Engine/Plugins/Online/OnlineSubsystemUtils/Binaries/Win64/UE4Editor-OnlineSubsystemUtils.dll (API version 3944462).
LogModuleManager: Display: Found up-to-date module file ../../../Engine/Plugins/Online/OnlineSubsystemUtils/Binaries/Win64/UE4Editor-OnlineBlueprintSupport.dll (API version 3944462).
LogModuleManager: Display: Found up-to-date module file ../../../Engine/Plugins/Runtime/AndroidDeviceProfileSelector/Binaries/Win64/UE4Editor-AndroidDeviceProfileSelector.dll (API version 3944462).
LogModuleManager: Display: Found up-to-date module file ../../../Engine/Plugins/Runtime/AppleARKit/Binaries/Win64/UE4Editor-AppleARKit.dll (API version 3944462).
LogModuleManager: Display: Found up-to-date module file ../../../Engine/Plugins/Runtime/ProceduralMeshComponent/Binaries/Win64/UE4Editor-ProceduralMeshComponent.dll (API version 3944462).
LogModuleManager: Display: Found up-to-date module file ../../../Engine/Plugins/Runtime/ProceduralMeshComponent/Binaries/Win64/UE4Editor-ProceduralMeshComponentEditor.dll (API version 3944462).
LogModuleManager: Display: Found up-to-date module file ../../../Engine/Plugins/Animation/LiveLink/Binaries/Win64/UE4Editor-LiveLink.dll (API version 3944462).
LogModuleManager: Display: Found up-to-date module file ../../../Engine/Plugins/Animation/LiveLink/Binaries/Win64/UE4Editor-LiveLinkEditor.dll (API version 3944462).
LogModuleManager: Display: Found up-to-date module file ../../../Engine/Plugins/Runtime/ArchVisCharacter/Binaries/Win64/UE4Editor-ArchVisCharacter.dll (API version 3944462).
LogModuleManager: Display: Found up-to-date module file ../../../Engine/Plugins/Runtime/AudioCapture/Binaries/Win64/UE4Editor-AudioCapture.dll (API version 3944462).
LogModuleManager: Display: Found up-to-date module file ../../../Engine/Plugins/Runtime/AudioCapture/Binaries/Win64/UE4Editor-AudioCaptureEditor.dll (API version 3944462).
LogModuleManager: Display: Found up-to-date module file ../../../Engine/Plugins/Runtime/CableComponent/Binaries/Win64/UE4Editor-CableComponent.dll (API version 3944462).
LogModuleManager: Display: Found up-to-date module file ../../../Engine/Plugins/Runtime/CustomMeshComponent/Binaries/Win64/UE4Editor-CustomMeshComponent.dll (API version 3944462).
LogModuleManager: Display: Found up-to-date module file ../../../Engine/Plugins/Runtime/ExampleDeviceProfileSelector/Binaries/Win64/UE4Editor-ExampleDeviceProfileSelector.dll (API version 3944462).
LogModuleManager: Display: Found up-to-date module file ../../../Engine/Plugins/Runtime/ImmediatePhysics/Binaries/Win64/UE4Editor-ImmediatePhysics.dll (API version 3944462).
LogModuleManager: Display: Found up-to-date module file ../../../Engine/Plugins/Runtime/ImmediatePhysics/Binaries/Win64/UE4Editor-ImmediatePhysicsEditor.dll (API version 3944462).
LogModuleManager: Display: Found up-to-date module file ../../../Engine/Plugins/Runtime/LocationServicesBPLibrary/Binaries/Win64/UE4Editor-LocationServicesBPLibrary.dll (API version 3944462).
LogModuleManager: Display: Found up-to-date module file ../../../Engine/Plugins/Runtime/MobilePatchingUtils/Binaries/Win64/UE4Editor-MobilePatchingUtils.dll (API version 3944462).
LogModuleManager: Display: Found up-to-date module file ../../../Engine/Plugins/Runtime/Oculus/OculusVR/Binaries/Win64/UE4Editor-OculusHMD.dll (API version 3944462).
LogModuleManager: Display: Found up-to-date module file ../../../Engine/Plugins/Runtime/Oculus/OculusVR/Binaries/Win64/UE4Editor-OculusInput.dll (API version 3944462).
LogModuleManager: Display: Found up-to-date module file ../../../Engine/Plugins/Runtime/Oculus/OculusVR/Binaries/Win64/UE4Editor-OculusEditor.dll (API version 3944462).
LogModuleManager: Display: Found up-to-date module file ../../../Engine/Plugins/Runtime/PhysXVehicles/Binaries/Win64/UE4Editor-PhysXVehicles.dll (API version 3944462).
LogModuleManager: Display: Found up-to-date module file ../../../Engine/Plugins/Runtime/PhysXVehicles/Binaries/Win64/UE4Editor-PhysXVehiclesEditor.dll (API version 3944462).
LogModuleManager: Display: Found up-to-date module file ../../../Engine/Plugins/Runtime/RuntimePhysXCooking/Binaries/Win64/UE4Editor-RuntimePhysXCooking.dll (API version 3944462).
LogModuleManager: Display: Found up-to-date module file ../../../Engine/Plugins/Runtime/Steam/SteamVR/Binaries/Win64/UE4Editor-SteamVR.dll (API version 3944462).
LogModuleManager: Display: Found up-to-date module file ../../../Engine/Plugins/Runtime/Steam/SteamVR/Binaries/Win64/UE4Editor-SteamVRController.dll (API version 3944462).
LogModuleManager: Display: Found up-to-date module file ../../../Engine/Plugins/Runtime/WindowsMoviePlayer/Binaries/Win64/UE4Editor-WindowsMoviePlayer.dll (API version 3944462).
LogPluginManager: Mounting plugin Paper2D
LogPluginManager: Mounting plugin LiveLink
LogPluginManager: Mounting plugin LightPropagationVolume
LogPluginManager: Mounting plugin CLionSourceCodeAccess
LogPluginManager: Mounting plugin CodeLiteSourceCodeAccess
LogPluginManager: Mounting plugin GitSourceControl
LogPluginManager: Mounting plugin KDevelopSourceCodeAccess
LogPluginManager: Mounting plugin NullSourceCodeAccess
LogPluginManager: Mounting plugin PerforceSourceControl
LogPluginManager: Mounting plugin SubversionSourceControl
LogPluginManager: Mounting plugin UObjectPlugin
LogPluginManager: Mounting plugin VisualStudioCodeSourceCodeAccess
LogPluginManager: Mounting plugin VisualStudioSourceCodeAccess
LogPluginManager: Mounting plugin XCodeSourceCodeAccess
LogPluginManager: Mounting plugin AssetManagerEditor
LogPluginManager: Mounting plugin CryptoKeys
LogPluginManager: Mounting plugin DataValidation
LogPluginManager: Mounting plugin FacialAnimation
LogPluginManager: Mounting plugin GameplayTagsEditor
LogPluginManager: Mounting plugin MobileLauncherProfileWizard
LogPluginManager: Mounting plugin PluginBrowser
LogPluginManager: Mounting plugin SpeedTreeImporter
LogPluginManager: Mounting plugin DatasmithContent
LogPluginManager: Mounting plugin AlembicImporter
LogPluginManager: Mounting plugin CharacterAI
LogPluginManager: Mounting plugin HTML5Networking
LogPluginManager: Mounting plugin AndroidMedia
LogPluginManager: Mounting plugin AvfMedia
LogPluginManager: Mounting plugin ImgMedia
LogPluginManager: Mounting plugin LinearTimecode
LogPluginManager: Mounting plugin MediaCompositing
LogPluginManager: Mounting plugin MediaPlayerEditor
LogPluginManager: Mounting plugin WmfMedia
LogPluginManager: Mounting plugin TcpMessaging
LogPluginManager: Mounting plugin UdpMessaging
LogPluginManager: Mounting plugin ActorSequence
LogPluginManager: Mounting plugin LevelSequenceEditor
LogPluginManager: Mounting plugin MatineeToLevelSequence
LogPluginManager: Mounting plugin NetcodeUnitTest
LogPluginManager: Mounting plugin NUTUnrealEngine4
LogPluginManager: Mounting plugin OnlineSubsystemGooglePlay
LogPluginManager: Mounting plugin OnlineSubsystemIOS
LogPluginManager: Mounting plugin OnlineSubsystem
LogPluginManager: Mounting plugin OnlineSubsystemNull
LogPluginManager: Mounting plugin OnlineSubsystemUtils
LogPluginManager: Mounting plugin AndroidDeviceProfileSelector
LogPluginManager: Mounting plugin AndroidMoviePlayer
LogPluginManager: Mounting plugin AndroidPermission
LogPluginManager: Mounting plugin AppleARKit
LogPluginManager: Mounting plugin AppleMoviePlayer
LogPluginManager: Mounting plugin ArchVisCharacter
LogPluginManager: Mounting plugin AudioCapture
LogPluginManager: Mounting plugin CableComponent
LogPluginManager: Mounting plugin CustomMeshComponent
LogPluginManager: Mounting plugin ExampleDeviceProfileSelector
LogPluginManager: Mounting plugin GoogleCloudMessaging
LogPluginManager: Mounting plugin ImmediatePhysics
LogPluginManager: Mounting plugin IOSDeviceProfileSelector
LogPluginManager: Mounting plugin LinuxDeviceProfileSelector
LogPluginManager: Mounting plugin LocationServicesBPLibrary
LogPluginManager: Mounting plugin MobilePatchingUtils
LogPluginManager: Mounting plugin OculusVR
LogPluginManager: Plugin shader directory ../../../Engine/Plugins/Runtime/Oculus/OculusVR/Shaders found
LogPluginManager: Mapping shader source directory ../../../Engine/Plugins/Runtime/Oculus/OculusVR/Shaders to virtual directory /Plugin/OculusVR
LogPluginManager: Mounting plugin PhysXVehicles
LogPluginManager: Mounting plugin ProceduralMeshComponent
LogPluginManager: Mounting plugin RuntimePhysXCooking
LogPluginManager: Mounting plugin SteamVR
LogPluginManager: Mounting plugin WindowsMoviePlayer
LogStreaming: Display: Took  0.654s to configure plugins.
LogInit: Using libcurl 7.47.1
LogInit:  - built for x86_64-pc-win32
LogInit:  - supports SSL with OpenSSL/1.0.2g
LogInit:  - supports HTTP deflate (compression) using libz 1.2.8
LogInit:  - other features:
LogInit:      CURL_VERSION_SSL
LogInit:      CURL_VERSION_LIBZ
LogInit:      CURL_VERSION_IPV6
LogInit:      CURL_VERSION_ASYNCHDNS
LogInit:      CURL_VERSION_LARGEFILE
LogInit:      CURL_VERSION_IDN
LogInit:  CurlRequestOptions (configurable via config and command line):
LogInit:  - bVerifyPeer = false  - Libcurl will NOT verify peer certificate
LogInit:  - bUseHttpProxy = false  - Libcurl will NOT use HTTP proxy
LogInit:  - bDontReuseConnections = false  - Libcurl will reuse connections
LogInit:  - CertBundlePath = nullptr  - Libcurl will use whatever was configured at build time.
LogInit:  - MaxHostConnections = 16  - Libcurl will limit the number of connections to a host
LogInit:  - LocalHostAddr = Default
LogInit: WinSock: version 1.1 (2.2), MaxSocks=32767, MaxUdp=65467
LogInit: WinSock: I am DESKTOP-51H79OG (192.168.1.23:0)
LogInit: Build: ++UE4+Release-4.19-CL-4033788
LogInit: Engine Version: 4.19.2-4033788+++UE4+Release-4.19
LogInit: Compatible Engine Version: 4.19.0-3944462+++UE4+Release-4.19
LogInit: Net CL: 3944462
LogDevObjectVersion: Number of dev versions registered: 18
LogDevObjectVersion:   Dev-Blueprints (B0D832E4-1F89-4F0D-ACCF-7EB736FD4AA2): 10
LogDevObjectVersion:   Dev-Build (E1C64328-A22C-4D53-A36C-8E866417BD8C): 0
LogDevObjectVersion:   Dev-Core (375EC13C-06E4-48FB-B500-84F0262A717E): 2
LogDevObjectVersion:   Dev-Editor (E4B068ED-F494-42E9-A231-DA0B2E46BB41): 23
LogDevObjectVersion:   Dev-Framework (CFFC743F-43B0-4480-9391-14DF171D2073): 33
LogDevObjectVersion:   Dev-Mobile (B02B49B5-BB20-44E9-A304-32B752E40360): 2
LogDevObjectVersion:   Dev-Networking (A4E4105C-59A1-49B5-A7C5-40C4547EDFEE): 0
LogDevObjectVersion:   Dev-Online (39C831C9-5AE6-47DC-9A44-9C173E1C8E7C): 0
LogDevObjectVersion:   Dev-Physics (78F01B33-EBEA-4F98-B9B4-84EACCB95AA2): 0
LogDevObjectVersion:   Dev-Platform (6631380F-2D4D-43E0-8009-CF276956A95A): 0
LogDevObjectVersion:   Dev-Rendering (12F88B9F-8875-4AFC-A67C-D90C383ABD29): 25
LogDevObjectVersion:   Dev-Sequencer (7B5AE74C-D270-4C10-A958-57980B212A5A): 6
LogDevObjectVersion:   Dev-VR (D7296918-1DD6-4BDD-9DE2-64A83CC13884): 1
LogDevObjectVersion:   Dev-LoadTimes (C2A15278-BFE7-4AFE-6C17-90FF531DF755): 1
LogDevObjectVersion:   Private-Geometry (6EACA3D4-40EC-4CC1-B786-8BED09428FC5): 2
LogDevObjectVersion:   Dev-AnimPhys (29E575DD-E0A3-4627-9D10-D276232CDCEA): 16
LogDevObjectVersion:   Dev-ReflectionCapture (6B266CEC-1EC7-4B8F-A30B-E4D90942FC07): 1
LogDevObjectVersion:   Dev-Automation (0DF73D61-A23F-47EA-B727-89E90C41499A): 1
LogInit: Compiled (64-bit): Apr 27 2018 02:06:57
LogInit: Compiled with Visual C++: 19.00.24215.01
LogInit: Build Configuration: Development
LogInit: Branch Name: ++UE4+Release-4.19
LogInit: Command Line:  
LogInit: Base Directory: D:/Program Files/Epic Games/UE_4.19/Engine/Binaries/Win64/
LogInit: Installed Engine Build: 1
LogStreaming: Display: Took  0.001s to delete old logs.
LogInit: Presizing for max 8388607 objects, including 0 objects not considered by GC, pre-allocating 0 bytes for permanent pool.
LogInit: Object subsystem initialized
[2018.05.20-16.56.14:507][  0]LogInit: Selected Device Profile: [Windows]
[2018.05.20-16.56.14:508][  0]LogInit: Applying CVar settings loaded from the selected device profile: [Windows]
[2018.05.20-16.56.14:514][  0]LogInit: Computer: DESKTOP-51H79OG
[2018.05.20-16.56.14:514][  0]LogInit: User: Christopher
[2018.05.20-16.56.14:514][  0]LogInit: CPU Page size=4096, Cores=4
[2018.05.20-16.56.14:514][  0]LogInit: High frequency timer resolution =3.914063 MHz
[2018.05.20-16.56.14:514][  0]LogMemory: Memory total: Physical=31.9GB (32GB approx)
[2018.05.20-16.56.14:514][  0]LogMemory: Platform Memory Stats for Windows
[2018.05.20-16.56.14:514][  0]LogMemory: Process Physical Memory: 275.05 MB used, 275.05 MB peak
[2018.05.20-16.56.14:514][  0]LogMemory: Process Virtual Memory: 264.64 MB used, 264.64 MB peak
[2018.05.20-16.56.14:514][  0]LogMemory: Physical Memory: 6075.04 MB used,  26623.66 MB free, 32698.70 MB total
[2018.05.20-16.56.14:514][  0]LogMemory: Virtual Memory: 692.99 MB used,  26623.66 MB free, 134217728.00 MB total
[2018.05.20-16.56.14:528][  0]LogInit: Using OS detected language (en-US).
[2018.05.20-16.56.14:529][  0]LogInit: Using OS detected locale (en-US).
[2018.05.20-16.56.14:531][  0]LogTextLocalizationManager: No specific localization for 'en-US' exists, so the 'en' localization will be used.
[2018.05.20-16.56.14:883][  0]LogStreaming: Display: Took  0.354s to EndInitTextLocalization.
[2018.05.20-16.56.14:883][  0]LogInit: Setting process to per monitor DPI aware
[2018.05.20-16.56.14:907][  0]LogSlate: New Slate User Created.  User Index 0, Is Virtual User: 0
[2018.05.20-16.56.14:907][  0]LogSlate: Slate User Registered.  User Index 0, Is Virtual User: 0
[2018.05.20-16.56.15:047][  0]LogD3D11RHI: D3D11 adapters:
[2018.05.20-16.56.15:077][  0]LogD3D11RHI:    0. 'NVIDIA GeForce GTX 1080' (Feature Level 11_0)
[2018.05.20-16.56.15:077][  0]LogD3D11RHI:       8086/0/16349 MB DedicatedVideo/DedicatedSystem/SharedSystem, Outputs:1, VendorId:0x10de
[2018.05.20-16.56.15:079][  0]LogD3D11RHI:    1. 'Microsoft Basic Render Driver' (Feature Level 11_0)
[2018.05.20-16.56.15:079][  0]LogD3D11RHI:       0/0/16349 MB DedicatedVideo/DedicatedSystem/SharedSystem, Outputs:0, VendorId:0x1414
[2018.05.20-16.56.15:079][  0]LogD3D11RHI: Chosen D3D11 Adapter: 0
[2018.05.20-16.56.15:085][  0]LogD3D11RHI: Creating new Direct3DDevice
[2018.05.20-16.56.15:085][  0]LogD3D11RHI:     GPU DeviceId: 0x1b80 (for the marketing name, search the web for "GPU Device Id")
[2018.05.20-16.56.15:085][  0]LogWindows: EnumDisplayDevices:
[2018.05.20-16.56.15:085][  0]LogWindows:    0. 'NVIDIA GeForce GTX 1080' (P:1 D:1)
[2018.05.20-16.56.15:085][  0]LogWindows:    1. 'NVIDIA GeForce GTX 1080' (P:0 D:0)
[2018.05.20-16.56.15:085][  0]LogWindows:    2. 'NVIDIA GeForce GTX 1080' (P:0 D:0)
[2018.05.20-16.56.15:085][  0]LogWindows:    3. 'NVIDIA GeForce GTX 1080' (P:0 D:0)
[2018.05.20-16.56.15:085][  0]LogWindows: DebugString: GetVideoDriverDetailsInvalid PrimaryIsNotTheChoosenAdapter GetVideoDriverDetailsInvalid PrimaryIsNotTheChoosenAdapter GetVideoDriverDetailsInvalid PrimaryIsNotTheChoosenAdapter GetVideoDriverDetailsInvalid PrimaryIsNotTheChoosenAdapter FoundDriverCount:0 
[2018.05.20-16.56.15:085][  0]LogD3D11RHI:     Adapter Name: NVIDIA GeForce GTX 1080
[2018.05.20-16.56.15:085][  0]LogD3D11RHI:   Driver Version: Unknown (internal:Unknown, unified:Unknown)
[2018.05.20-16.56.15:085][  0]LogD3D11RHI:      Driver Date: Unknown
[2018.05.20-16.56.15:085][  0]LogRHI: Texture pool is 5660 MB (70% of 8086 MB)
[2018.05.20-16.56.15:103][  0]LogD3D11RHI: [Aftermath] Aftermath enabled and primed
[2018.05.20-16.56.15:103][  0]LogD3D11RHI: [Aftermath] Aftermath enabled and primed
[2018.05.20-16.56.15:103][  0]LogD3D11RHI: Async texture creation enabled
[2018.05.20-16.56.15:114][  0]LogD3D11RHI: GPU Timing Frequency: 1000.000000 (Debug: 2 1)
[2018.05.20-16.56.15:156][  0]LogShaderCompilers: Guid format shader working directory is -15 characters bigger than the processId version (C:/Users/Christopher/Documents/Unreal Projects/PioneerSpiritGameJam/Intermediate/Shaders/WorkingDirectory/4364/).
[2018.05.20-16.56.15:156][  0]LogShaderCompilers: Cleaned the shader compiler working directory 'C:/Users/Christopher/AppData/Local/Temp/UnrealShaderWorkingDir/C2DB33BE450206200F0C26BAED3EEB16/'.
[2018.05.20-16.56.15:352][  0]LogTemp: Display: Loaded TP AllDesktopTargetPlatform
[2018.05.20-16.56.15:364][  0]LogTemp: Display: Loaded TP MacClientTargetPlatform
[2018.05.20-16.56.15:374][  0]LogTemp: Display: Loaded TP MacNoEditorTargetPlatform
[2018.05.20-16.56.15:385][  0]LogTemp: Display: Loaded TP MacServerTargetPlatform
[2018.05.20-16.56.15:397][  0]LogTemp: Display: Loaded TP MacTargetPlatform
[2018.05.20-16.56.15:408][  0]LogTemp: Display: Loaded TP WindowsClientTargetPlatform
[2018.05.20-16.56.15:420][  0]LogTemp: Display: Loaded TP WindowsNoEditorTargetPlatform
[2018.05.20-16.56.15:431][  0]LogTemp: Display: Loaded TP WindowsServerTargetPlatform
[2018.05.20-16.56.15:436][  0]LogTemp: Display: Loaded TP WindowsTargetPlatform
[2018.05.20-16.56.15:445][  0]LogTemp: Display: Loaded TP Android_ASTCTargetPlatform
[2018.05.20-16.56.15:455][  0]LogTemp: Display: Loaded TP Android_ATCTargetPlatform
[2018.05.20-16.56.15:464][  0]LogTemp: Display: Loaded TP Android_DXTTargetPlatform
[2018.05.20-16.56.15:473][  0]LogTemp: Display: Loaded TP Android_ETC1aTargetPlatform
[2018.05.20-16.56.15:483][  0]LogTemp: Display: Loaded TP Android_ETC1TargetPlatform
[2018.05.20-16.56.15:493][  0]LogTemp: Display: Loaded TP Android_ETC2TargetPlatform
[2018.05.20-16.56.15:512][  0]LogTemp: Display: Loaded TP Android_MultiTargetPlatform
[2018.05.20-16.56.15:512][  0]LogTemp: Display: Loaded TP Android_PVRTCTargetPlatform
[2018.05.20-16.56.15:522][  0]LogTemp: Display: Loaded TP AndroidTargetPlatform
[2018.05.20-16.56.15:523][  0]LogTemp: Display: Loaded TP HTML5TargetPlatform
[2018.05.20-16.56.15:558][  0]LogTemp: Display: Loaded TP IOSTargetPlatform
[2018.05.20-16.56.15:567][  0]LogTemp: Display: Loaded TP TVOSTargetPlatform
[2018.05.20-16.56.15:577][  0]LogTemp: Display: Loaded TP LinuxClientTargetPlatform
[2018.05.20-16.56.15:587][  0]LogTemp: Display: Loaded TP LinuxNoEditorTargetPlatform
[2018.05.20-16.56.15:596][  0]LogTemp: Display: Loaded TP LinuxServerTargetPlatform
[2018.05.20-16.56.15:606][  0]LogTemp: Display: Loaded TP LinuxTargetPlatform
[2018.05.20-16.56.15:606][  0]LogTargetPlatformManager: Display: Building Assets For Windows
[2018.05.20-16.56.15:683][  0]LogXGEController: Cannot use XGE Controller as Incredibuild is not installed on this machine.
[2018.05.20-16.56.15:683][  0]LogShaderCompilers: Cannot use XGE Shader Compiler as Incredibuild is not installed on this machine.
[2018.05.20-16.56.15:683][  0]LogShaderCompilers: Display: Using Local Shader Compiler.
[2018.05.20-16.56.16:242][  0]LogDerivedDataCache: Display: Max Cache Size: 512 MB
[2018.05.20-16.56.16:294][  0]LogDerivedDataCache: Loaded boot cache 0.05s 74MB C:/Users/Christopher/AppData/Local/UnrealEngine/4.19/DerivedDataCache/Boot.ddc.
[2018.05.20-16.56.16:294][  0]LogDerivedDataCache: Display: Loaded Boot cache: C:/Users/Christopher/AppData/Local/UnrealEngine/4.19/DerivedDataCache/Boot.ddc
[2018.05.20-16.56.16:294][  0]LogDerivedDataCache: FDerivedDataBackendGraph:  Pak pak cache file C:/Users/Christopher/Documents/Unreal Projects/PioneerSpiritGameJam/DerivedDataCache/DDC.ddp not found, will not use a pak cache.
[2018.05.20-16.56.16:294][  0]LogDerivedDataCache: Unable to find inner node Pak for hierarchical cache Hierarchy.
[2018.05.20-16.56.16:294][  0]LogDerivedDataCache: FDerivedDataBackendGraph:  CompressedPak pak cache file C:/Users/Christopher/Documents/Unreal Projects/PioneerSpiritGameJam/DerivedDataCache/Compressed.ddp not found, will not use a pak cache.
[2018.05.20-16.56.16:294][  0]LogDerivedDataCache: Unable to find inner node CompressedPak for hierarchical cache Hierarchy.
[2018.05.20-16.56.16:307][  0]LogDerivedDataCache: Display: Pak cache opened for reading ../../../Engine/DerivedDataCache/Compressed.ddp.
[2018.05.20-16.56.16:318][  0]LogDerivedDataCache: Using Local data cache path C:/Users/Christopher/AppData/Local/UnrealEngine/Common/DerivedDataCache: Writable
[2018.05.20-16.56.16:318][  0]LogDerivedDataCache: Shared data cache path not found in *engine.ini, will not use an Shared cache.
[2018.05.20-16.56.16:318][  0]LogDerivedDataCache: Unable to find inner node Shared for hierarchical cache Hierarchy.
[2018.05.20-16.56.16:328][  0]LogMaterial: Verifying Global Shaders for PCD3D_SM5
[2018.05.20-16.56.16:328][  0]LogSlate: Using Freetype 2.6.0
[2018.05.20-16.56.16:328][  0]LogSlate: SlateFontCache - WITH_FREETYPE: 1, WITH_HARFBUZZ: 1
[2018.05.20-16.56.16:328][  0]LogSlate: SlateFontCache - WITH_FREETYPE: 1, WITH_HARFBUZZ: 1
[2018.05.20-16.56.16:422][  0]LogAssetRegistry: FAssetRegistry took 0.0244 seconds to start up
[2018.05.20-16.56.16:739][  0]LogAssetRegistry: Error: Failed to open file for write C:/Users/Christopher/Documents/Unreal Projects/PioneerSpiritGameJam/Intermediate/CachedAssetRegistry.bin
[2018.05.20-16.56.16:739][  0]LogInit: Selected Device Profile: [Windows]
[2018.05.20-16.56.16:877][  0]LogSimplygon: Simplygon DLL not present - disabling.
[2018.05.20-16.56.16:880][  0]LogMeshReduction: Using SimplygonSwarm for distributed automatic mesh merging
[2018.05.20-16.56.16:880][  0]LogMeshReduction: Using QuadricMeshReduction for automatic static mesh reduction
[2018.05.20-16.56.16:880][  0]LogMeshReduction: No automatic skeletal mesh reduction module available
[2018.05.20-16.56.16:880][  0]LogMeshReduction: No automatic mesh merging module available
[2018.05.20-16.56.16:880][  0]LogMeshMerging: No automatic mesh merging module available
[2018.05.20-16.56.16:907][  0]LogNetVersion: PioneerSpiritGameJam , NetCL: 3944462, EngineNetVer: 2, GameNetVer: 0 (Checksum: 1391150865)
[2018.05.20-16.56.17:298][  0]LogPackageLocalizationCache: Processed 9 localized package path(s) for 2 prioritized culture(s) in 0.066210 seconds
[2018.05.20-16.56.17:303][  0]LogUObjectArray: 36728 objects as part of root set at end of initial load.
[2018.05.20-16.56.17:303][  0]LogUObjectAllocator: 7314312 out of 0 bytes used by permanent object pool.
[2018.05.20-16.56.17:303][  0]LogUObjectArray: CloseDisregardForGC: 0/0 objects in disregard for GC pool
[2018.05.20-16.56.18:579][  0]LogTcpMessaging: Initializing TcpMessaging bridge
[2018.05.20-16.56.18:603][  0]LogUdpMessaging: Initializing bridge on interface 0.0.0.0:0 to multicast group 230.0.0.1:6666.
[2018.05.20-16.56.18:846][  0]SourceControl: Source control is disabled
[2018.05.20-16.56.18:846][  0]SourceControl: Source control is disabled
[2018.05.20-16.56.18:857][  0]SourceControl: Source control is disabled
[2018.05.20-16.56.18:868][  0]SourceControl: Source control is disabled
[2018.05.20-16.56.19:214][  0]LogAndroidPermission: UAndroidPermissionCallbackProxy::GetInstance
[2018.05.20-16.56.19:320][  0]LogOcInput: OculusInput pre-init called
[2018.05.20-16.56.19:401][  0]LogEngine: Initializing Engine...
[2018.05.20-16.56.19:402][  0]LogHMD: Failed to initialize OpenVR with code 110
[2018.05.20-16.56.19:403][  0]LogStats: UGameplayTagsManager::ConstructGameplayTagTree: Construct from data asset -  0.000 s
[2018.05.20-16.56.19:403][  0]LogStats: UGameplayTagsManager::ConstructGameplayTagTree: GameplayTagTreeChangedEvent.Broadcast -  0.000 s
[2018.05.20-16.56.19:577][  0]LogAIModule: Creating AISystem for world Untitled
[2018.05.20-16.56.19:586][  0]LogInit: XAudio2 using 'Speakers (Realtek High Definition Audio)' : 2 channels at 48 kHz using 32 bits per sample (channel mask 0x3)
[2018.05.20-16.56.19:638][  0]LogInit: FAudioDevice initialized.
[2018.05.20-16.56.19:754][  0]LogDerivedDataCache: Saved boot cache 0.12s 74MB C:/Users/Christopher/AppData/Local/UnrealEngine/4.19/DerivedDataCache/Boot.ddc.
[2018.05.20-16.56.19:761][  0]LogInit: Texture streaming: Enabled
[2018.05.20-16.56.19:776][  0]LogEngineSessionManager: EngineSessionManager initialized
[2018.05.20-16.56.19:776][  0]LogEngineSessionManager: EngineSessionManager sent abnormal shutdown report. Type=Crashed, SessionId={BAC60CBE-4454-C1D7-B11F-869A43A48C68}
[2018.05.20-16.56.19:786][  0]LogInit: Transaction tracking system initialized
[2018.05.20-16.56.19:805][  0]BlueprintLog: New page: Editor Load
[2018.05.20-16.56.19:869][  0]LocalizationService: Localization service is disabled
[2018.05.20-16.56.19:942][  0]LogConsoleResponse: Display: 
[2018.05.20-16.56.20:061][  0]LogCook: Display: Max memory allowance for cook 16384mb min free memory 0mb
[2018.05.20-16.56.20:061][  0]LogCook: Display: Mobile HDR setting 1
[2018.05.20-16.56.20:061][  0]LogGameplayTags: Display: UGameplayTagsManager::DoneAddingNativeTags. DelegateIsBound: 0
[2018.05.20-16.56.20:061][  0]LogStats: UGameplayTagsManager::ConstructGameplayTagTree: Construct from data asset -  0.000 s
[2018.05.20-16.56.20:061][  0]LogStats: UGameplayTagsManager::ConstructGameplayTagTree: GameplayTagTreeChangedEvent.Broadcast -  0.000 s
[2018.05.20-16.56.20:312][  0]LogFileCache: Scanning file cache for directory 'C:/Users/Christopher/Documents/Unreal Projects/PioneerSpiritGameJam/Content/' took 0.02s
[2018.05.20-16.56.20:312][  0]SourceControl: Source control is disabled
[2018.05.20-16.56.20:313][  0]Cmd: MAP LOAD FILE="C:/Users/Christopher/Documents/Unreal Projects/PioneerSpiritGameJam/Content/FlyingBP/Maps/FlyingExampleMap.umap" TEMPLATE=0 SHOWPROGRESS=1 FEATURELEVEL=3
[2018.05.20-16.56.20:313][  0]LightingResults: New page: Lighting Build
[2018.05.20-16.56.20:315][  0]MapCheck: New page: Map Check
[2018.05.20-16.56.20:315][  0]LightingResults: New page: Lighting Build
[2018.05.20-16.56.20:406][  0]LogUObjectGlobals: Created PersistentFrame Addr=0x000002a8813a2400, Size=1160, Default__ShipPawn_C Function /Game/FlyingBP/Blueprints/ShipPawn.ShipPawn_C:ExecuteUbergraph_ShipPawn
[2018.05.20-16.56.20:421][  0]LogUObjectGlobals: Destroyed PersistentFrame Addr=0x000002a8813a2400, Size=1160
[2018.05.20-16.56.20:421][  0]LogUObjectGlobals: Created PersistentFrame Addr=0x000002a8e5c4f900, Size=1160, Default__ShipPawn_C Function /Engine/Transient.REINST_ShipPawn_C_5:ExecuteUbergraph_ShipPawn
[2018.05.20-16.56.20:433][  0]LogUObjectGlobals: Created PersistentFrame Addr=0x000002a8e5192400, Size=1160, Default__ShipPawn_C Function /Game/FlyingBP/Blueprints/ShipPawn.ShipPawn_C:ExecuteUbergraph_ShipPawn
[2018.05.20-16.56.20:593][  0]LogAIModule: Creating AISystem for world FlyingExampleMap
[2018.05.20-16.56.20:600][  0]LogEditorServer: Finished looking for orphan Actors (0.000 secs)
[2018.05.20-16.56.20:612][  0]LogUObjectGlobals: Destroyed PersistentFrame Addr=0x000002a8e5c4f900, Size=1160
[2018.05.20-16.56.20:613][  0]Cmd: MAP CHECKDEP NOCLEARLOG
[2018.05.20-16.56.20:644][  0]MapCheck: Map check complete: 0 Error(s), 0 Warning(s), took 30.961ms to complete.
[2018.05.20-16.56.20:644][  0]LogFileHelpers: Loading map 'FlyingExampleMap' took 0.332
[2018.05.20-16.56.20:752][  0]LogCollectionManager: Loaded 0 collections in 0.001267 seconds
[2018.05.20-16.56.20:789][  0]LogFileCache: Scanning file cache for directory 'C:/Users/Christopher/Documents/Unreal Projects/PioneerSpiritGameJam/Saved/Collections/' took 0.01s
[2018.05.20-16.56.20:789][  0]LogFileCache: Scanning file cache for directory 'C:/Users/Christopher/Documents/Unreal Projects/PioneerSpiritGameJam/Content/Developers/Christopher/Collections/' took 0.01s
[2018.05.20-16.56.20:790][  0]LogFileCache: Scanning file cache for directory 'C:/Users/Christopher/Documents/Unreal Projects/PioneerSpiritGameJam/Content/Collections/' took 0.01s
[2018.05.20-16.56.20:790][  0]LogCollectionManager: Rebuilt the GUID cache for 0 collections in 0.000001 seconds
[2018.05.20-16.56.20:797][  0]LogContentBrowser: Native class hierarchy populated in 0.0076 seconds. Added 2452 classes and 558 folders.
[2018.05.20-16.56.20:802][  0]LogContentBrowser: Native class hierarchy updated for 'WidgetCarousel' in 0.0002 seconds. Added 0 classes and 0 folders.
[2018.05.20-16.56.20:833][  0]LogContentBrowser: Native class hierarchy updated for 'AddContentDialog' in 0.0002 seconds. Added 0 classes and 0 folders.
[2018.05.20-16.56.20:837][  0]LogContentBrowser: Native class hierarchy updated for 'SceneOutliner' in 0.0002 seconds. Added 1 classes and 2 folders.
[2018.05.20-16.56.20:851][  0]LogSlate: Took 0.000166 seconds to synchronously load lazily loaded font '../../../Engine/Content/Slate/Fonts/Roboto-Regular.ttf' (155K)
[2018.05.20-16.56.20:853][  0]LogSlate: Took 0.000178 seconds to synchronously load lazily loaded font '../../../Engine/Content/Slate/Fonts/Roboto-Bold.ttf' (160K)
[2018.05.20-16.56.20:858][  0]LogSlate: Took 0.000293 seconds to synchronously load lazily loaded font '../../../Engine/Content/Editor/Slate/Fonts/FontAwesome.ttf' (139K)
[2018.05.20-16.56.20:945][  0]LogRenderer: Reallocating scene render targets to support 1616x812 Format 10 NumSamples 1 (Frame:1).
[2018.05.20-16.56.21:078][  0]LogContentBrowser: Native class hierarchy updated for 'HierarchicalLODOutliner' in 0.0002 seconds. Added 0 classes and 0 folders.
[2018.05.20-16.56.21:078][  0]LogLoad: (Engine Initialization) Total time: 8.24 seconds
[2018.05.20-16.56.21:079][  0]LogLoad: (Engine Initialization) Total Blueprint compile time: 0.00 seconds
[2018.05.20-16.56.21:088][  0]LogWindowsTextInputMethodSystem: Display: IME system now deactivated.
[2018.05.20-16.56.21:107][  0]LogContentStreaming: Texture pool size now 1000 MB
[2018.05.20-16.56.21:174][  1]LogAssetRegistry: Asset discovery search completed in 4.7729 seconds
[2018.05.20-16.56.21:177][  1]LogCollectionManager: Rebuilt the object cache for 0 collections in 0.000000 seconds (found 0 objects)
[2018.05.20-16.56.21:177][  1]LogCollectionManager: Fixed up redirectors for 0 collections in 0.000068 seconds (updated 0 objects)
[2018.05.20-16.56.22:098][105]LogSlate: Took 0.000178 seconds to synchronously load lazily loaded font '../../../Engine/Content/Slate/Fonts/Roboto-Light.ttf' (167K)
[2018.05.20-16.56.41:913][299]LogSlate: FSceneViewport::OnFocusLost() reason 0
[2018.05.20-16.56.42:184][306]LogContentBrowser: Native class hierarchy updated for 'BlueprintGraph' in 0.0005 seconds. Added 116 classes and 0 folders.
[2018.05.20-16.56.42:415][306]LogUObjectGlobals: Created PersistentFrame Addr=0x000002a88e35dda8, Size=4, Default__SKEL_PROTO_BP_AnimBlueprint_0_C Function /Engine/Transient.SKEL_PROTO_BP_AnimBlueprint_0_C:ExecuteUbergraph_PROTO_BP_AnimBlueprint_0
[2018.05.20-16.56.42:415][306]LogUObjectGlobals: Created PersistentFrame Addr=0x000002a88e35dda0, Size=4, Default__PROTO_BP_AnimBlueprint_0_C Function /Engine/Transient.PROTO_BP_AnimBlueprint_0_C:ExecuteUbergraph_PROTO_BP_AnimBlueprint_0
[2018.05.20-16.56.42:758][306]LogSlate: Took 0.000182 seconds to synchronously load lazily loaded font '../../../Engine/Content/Slate/Fonts/Roboto-BoldCondensed.ttf' (158K)
[2018.05.20-16.56.43:210][307]LogSlate: Took 0.000225 seconds to synchronously load lazily loaded font '../../../Engine/Content/Slate/Fonts/Roboto-Italic.ttf' (157K)
[2018.05.20-16.56.45:067][482]LogSlate: FSceneViewport::OnFocusLost() reason 0
[2018.05.20-16.56.49:079][916]LogSlate: FSceneViewport::OnFocusLost() reason 2
[2018.05.20-16.56.50:073][ 35]MapCheck: New page: Map Check
[2018.05.20-16.56.50:078][ 35]LogSlate: FSceneViewport::OnFocusLost() reason 2
[2018.05.20-16.56.50:082][ 35]LightingResults: New page: Lighting Build - May 20, 2018, 8:56:50 AM
[2018.05.20-16.56.50:186][ 35]LogSwarmInterface: [OpenConnection] Registering TCP channel ...
[2018.05.20-16.56.50:284][ 35]LogSwarmInterface: [OpenConnection] Connecting to agent ...
[2018.05.20-16.56.50:296][ 35]LogSwarmInterface: [TryOpenConnection] Testing the Agent
[2018.05.20-16.56.51:328][ 35]LogSwarmInterface: [TryOpenConnection] Opening Connection to Agent
[2018.05.20-16.56.51:328][ 35]LogSwarmInterface: [TryOpenConnection] Local Process ID is 4364
[2018.05.20-16.56.53:676][ 35]LogStaticLightingSystem: Running Lightmass w/ ImmediateImport mode ENABLED
[2018.05.20-16.56.53:676][ 35]LogStaticLightingSystem: Running Lightmass w/ ImmediateProcess mode ENABLED
[2018.05.20-16.56.53:676][ 35]LogStaticLightingSystem: Running Lightmass w/ Sorting mode ENABLED
[2018.05.20-16.56.53:676][ 35]LogStaticLightingSystem: Running Lightmass w/ Mapping paddings ENABLED
[2018.05.20-16.56.53:676][ 35]LogStaticLightingSystem: Running Lightmass w/ Mapping debug paddings DISABLED
[2018.05.20-16.56.53:826][ 35]LogEditorBuildUtils: Build time 0:03
[2018.05.20-16.56.54:280][ 37]Error, fatal in EndJobSpecification
[2018.05.20-16.56.54:281][ 37]LogStaticLightingSystem: Warning: Failed to build lighting!!! Lighting build failed. Swarm failed to kick off.  Compile Unreal Lightmass.
[2018.05.20-16.56.54:678][ 37]Job has failed! Job is closed while Tasks are still PENDING
[2018.05.20-16.56.54:678][ 37]DumpUnbuiltLightIteractions
[2018.05.20-16.56.54:678][ 37]Lights with unbuilt interactions: 0
[2018.05.20-16.56.54:679][ 37]
[2018.05.20-16.56.54:679][ 37]Primitives with unbuilt interactions: 0
[2018.05.20-16.56.54:684][ 37]LogSlate: FSceneViewport::OnFocusLost() reason 2
[2018.05.20-16.56.54:753][ 38]Cmd: MAP CHECK NOTIFYRESULTS
[2018.05.20-16.56.54:753][ 38]MapCheck: New page: FlyingExampleMap - May 20, 2018, 8:56:54 AM
[2018.05.20-16.56.54:785][ 38]MapCheck: Map check complete: 0 Error(s), 0 Warning(s), took 32.219ms to complete.
[2018.05.20-16.57.01:190][784]LogSlate: FSceneViewport::OnFocusLost() reason 2
[2018.05.20-16.57.04:079][115]MapCheck: New page: Map Check
[2018.05.20-16.57.04:088][115]LightingResults: New page: Lighting Build - May 20, 2018, 8:57:04 AM
[2018.05.20-16.57.04:100][115]LogSwarmInterface: [OpenConnection] Registering TCP channel ...
[2018.05.20-16.57.04:101][115]LogSwarmInterface: [OpenConnection] Connecting to agent ...
[2018.05.20-16.57.04:101][115]LogSwarmInterface: [TryOpenConnection] Testing the Agent
[2018.05.20-16.57.04:101][115]LogSwarmInterface: [TryOpenConnection] Opening Connection to Agent
[2018.05.20-16.57.04:101][115]LogSwarmInterface: [TryOpenConnection] Local Process ID is 4364
[2018.05.20-16.57.08:613][115]LogStaticLightingSystem: Running Lightmass w/ ImmediateImport mode ENABLED
[2018.05.20-16.57.08:613][115]LogStaticLightingSystem: Running Lightmass w/ ImmediateProcess mode ENABLED
[2018.05.20-16.57.08:613][115]LogStaticLightingSystem: Running Lightmass w/ Sorting mode ENABLED
[2018.05.20-16.57.08:613][115]LogStaticLightingSystem: Running Lightmass w/ Mapping paddings ENABLED
[2018.05.20-16.57.08:613][115]LogStaticLightingSystem: Running Lightmass w/ Mapping debug paddings DISABLED
[2018.05.20-16.57.08:697][115]LogEditorBuildUtils: Build time 0:04
[2018.05.20-16.57.09:011][116]Error, fatal in EndJobSpecification
[2018.05.20-16.57.09:012][116]LogStaticLightingSystem: Warning: Failed to build lighting!!! Lighting build failed. Swarm failed to kick off.  Compile Unreal Lightmass.
[2018.05.20-16.57.09:614][116]Job has failed! Job is closed while Tasks are still PENDING
[2018.05.20-16.57.09:614][116]DumpUnbuiltLightIteractions
[2018.05.20-16.57.09:614][116]Lights with unbuilt interactions: 0
[2018.05.20-16.57.09:614][116]
[2018.05.20-16.57.09:614][116]Primitives with unbuilt interactions: 0
[2018.05.20-16.57.09:695][117]Cmd: MAP CHECK NOTIFYRESULTS
[2018.05.20-16.57.09:695][117]MapCheck: New page: FlyingExampleMap - May 20, 2018, 8:57:09 AM
[2018.05.20-16.57.09:731][117]MapCheck: Map check complete: 0 Error(s), 0 Warning(s), took 36.115ms to complete.
[2018.05.20-16.57.17:371][905]LogSlate: FSceneViewport::OnFocusLost() reason 2
[2018.05.20-16.57.18:879][ 21]BlueprintLog: New page: Compile ShipPawn
[2018.05.20-16.57.18:941][ 21]LogUObjectGlobals: Destroyed PersistentFrame Addr=0x000002a8e5192400, Size=1160
[2018.05.20-16.57.18:941][ 21]LogUObjectGlobals: Created PersistentFrame Addr=0x000002a8fb9ddd00, Size=1160, Default__ShipPawn_C Function /Engine/Transient.REINST_ShipPawn_C_23:ExecuteUbergraph_ShipPawn
[2018.05.20-16.57.18:951][ 21]LogUObjectGlobals: Created PersistentFrame Addr=0x000002a8e5c4c100, Size=1160, Default__ShipPawn_C Function /Game/FlyingBP/Blueprints/ShipPawn.ShipPawn_C:ExecuteUbergraph_ShipPawn
[2018.05.20-16.57.19:918][ 47]Cmd: OBJ SAVEPACKAGE PACKAGE="/Game/FlyingBP/Blueprints/ShipPawn" FILE="C:/Users/Christopher/Documents/Unreal Projects/PioneerSpiritGameJam/Content/FlyingBP/Blueprints/ShipPawn.uasset" SILENT=true
[2018.05.20-16.57.20:005][ 47]LogFileManager: Error: Error flushing file: C:/Users/Christopher/Documents/Unreal Projects/PioneerSpiritGameJam/Saved/ShipPawnFBE496AF44F9051FF1CA90B8A8852BC4.tmp (There is not enough space on the disk.)
[2018.05.20-16.57.20:005][ 47]LogWindows: Windows GetLastError: The operation completed successfully. (0)
[2018.05.20-16.57.20:482][ 47]LogFileManager: Error: Error writing to file: C:/Users/Christopher/Documents/Unreal Projects/PioneerSpiritGameJam/Saved/Crashes/UE4CC-Windows-1BBA9874462DDE6CE6AEC7898821EA13_0000/CrashContext.runtime-xml (There is not enough space on the disk.)
[2018.05.20-16.57.20:482][ 47]LogWindows: Error: === Critical error: ===
[2018.05.20-16.57.20:482][ 47]LogWindows: Error: 
[2018.05.20-16.57.20:482][ 47]LogWindows: Error: Assertion failed: NewPosition <= FileSize [File:D:\Build\++UE4+Release-4.19+Compile\Sync\Engine\Source\Runtime\Core\Private\Windows\WindowsPlatformFile.cpp] [Line: 499] 
[2018.05.20-16.57.20:482][ 47]LogWindows: Error: 
[2018.05.20-16.57.20:482][ 47]LogWindows: Error: 
[2018.05.20-16.57.20:482][ 47]LogWindows: Error: 
[2018.05.20-16.57.20:482][ 47]LogWindows: Error: [Callstack] 0x00000000F5754008 KERNELBASE.dll!UnknownFunction []
[2018.05.20-16.57.20:482][ 47]LogWindows: Error: [Callstack] 0x00000000EE077884 UE4Editor-ApplicationCore.dll!UnknownFunction []
[2018.05.20-16.57.20:482][ 47]LogWindows: Error: [Callstack] 0x00000000D6186D9B UE4Editor-Core.dll!UnknownFunction []
[2018.05.20-16.57.20:482][ 47]LogWindows: Error: [Callstack] 0x00000000D60C1949 UE4Editor-Core.dll!UnknownFunction []
[2018.05.20-16.57.20:482][ 47]LogWindows: Error: [Callstack] 0x00000000D636A3E4 UE4Editor-Core.dll!UnknownFunction []
[2018.05.20-16.57.20:482][ 47]LogWindows: Error: [Callstack] 0x00000000D6010484 UE4Editor-Core.dll!UnknownFunction []
[2018.05.20-16.57.20:482][ 47]LogWindows: Error: [Callstack] 0x00000000BBBFC7BC UE4Editor-CoreUObject.dll!UnknownFunction []
[2018.05.20-16.57.20:482][ 47]LogWindows: Error: [Callstack] 0x00000000BBCDA59A UE4Editor-CoreUObject.dll!UnknownFunction []
[2018.05.20-16.57.20:482][ 47]LogWindows: Error: [Callstack] 0x00000000BBCD7467 UE4Editor-CoreUObject.dll!UnknownFunction []
[2018.05.20-16.57.20:482][ 47]LogWindows: Error: [Callstack] 0x00000000B96F85B9 UE4Editor-Engine.dll!UnknownFunction []
[2018.05.20-16.57.20:482][ 47]LogWindows: Error: [Callstack] 0x00000000B60A48AC UE4Editor-BlueprintGraph.dll!UnknownFunction []
[2018.05.20-16.57.20:482][ 47]LogWindows: Error: [Callstack] 0x00000000B60A4CD7 UE4Editor-BlueprintGraph.dll!UnknownFunction []
[2018.05.20-16.57.20:482][ 47]LogWindows: Error: [Callstack] 0x00000000BBD3173B UE4Editor-CoreUObject.dll!UnknownFunction []
[2018.05.20-16.57.20:482][ 47]LogWindows: Error: [Callstack] 0x00000000B75C5264 UE4Editor-UnrealEd.dll!UnknownFunction []
[2018.05.20-16.57.20:482][ 47]LogWindows: Error: [Callstack] 0x00000000B75C5C85 UE4Editor-UnrealEd.dll!UnknownFunction []
[2018.05.20-16.57.20:483][ 47]LogWindows: Error: [Callstack] 0x00000000B76066DC UE4Editor-UnrealEd.dll!UnknownFunction []
[2018.05.20-16.57.20:483][ 47]LogWindows: Error: [Callstack] 0x00000000B7603148 UE4Editor-UnrealEd.dll!UnknownFunction []
[2018.05.20-16.57.20:483][ 47]LogWindows: Error: [Callstack] 0x00000000B7E80489 UE4Editor-UnrealEd.dll!UnknownFunction []
[2018.05.20-16.57.20:483][ 47]LogWindows: Error: [Callstack] 0x00000000B78FE107 UE4Editor-UnrealEd.dll!UnknownFunction []
[2018.05.20-16.57.20:483][ 47]LogWindows: Error: [Callstack] 0x00000000B78FCA27 UE4Editor-UnrealEd.dll!UnknownFunction []
[2018.05.20-16.57.20:483][ 47]LogWindows: Error: [Callstack] 0x00000000B7925462 UE4Editor-UnrealEd.dll!UnknownFunction []
[2018.05.20-16.57.20:483][ 47]LogWindows: Error: [Callstack] 0x00000000B7E5F1EC UE4Editor-UnrealEd.dll!UnknownFunction []
[2018.05.20-16.57.20:483][ 47]LogWindows: Error: [Callstack] 0x00000000B7E086F1 UE4Editor-UnrealEd.dll!UnknownFunction []
[2018.05.20-16.57.20:483][ 47]LogWindows: Error: [Callstack] 0x00000000B7E0ABE6 UE4Editor-UnrealEd.dll!UnknownFunction []
[2018.05.20-16.57.20:483][ 47]LogWindows: Error: [Callstack] 0x00000000B891687F UE4Editor-Slate.dll!UnknownFunction []
[2018.05.20-16.57.20:483][ 47]LogWindows: Error: [Callstack] 0x00000000B8A0F8B6 UE4Editor-Slate.dll!UnknownFunction []
[2018.05.20-16.57.20:483][ 47]LogWindows: Error: [Callstack] 0x00000000B89746B2 UE4Editor-Slate.dll!UnknownFunction []
[2018.05.20-16.57.20:483][ 47]LogWindows: Error: [Callstack] 0x00000000B8975BD9 UE4Editor-Slate.dll!UnknownFunction []
[2018.05.20-16.57.20:483][ 47]LogWindows: Error: [Callstack] 0x00000000B89F12F5 UE4Editor-Slate.dll!UnknownFunction []
[2018.05.20-16.57.20:483][ 47]LogWindows: Error: [Callstack] 0x00000000B8AAB7F7 UE4Editor-Slate.dll!UnknownFunction []
[2018.05.20-16.57.20:483][ 47]LogWindows: Error: [Callstack] 0x00000000B8AD19E8 UE4Editor-Slate.dll!UnknownFunction []
[2018.05.20-16.57.20:483][ 47]LogWindows: Error: [Callstack] 0x00000000B88F485C UE4Editor-Slate.dll!UnknownFunction []
[2018.05.20-16.57.20:483][ 47]LogWindows: Error: [Callstack] 0x00000000B88C7D75 UE4Editor-Slate.dll!UnknownFunction []
[2018.05.20-16.57.20:483][ 47]LogWindows: Error: [Callstack] 0x00000000B895F617 UE4Editor-Slate.dll!UnknownFunction []
[2018.05.20-16.57.20:483][ 47]LogWindows: Error: [Callstack] 0x00000000B8947D0D UE4Editor-Slate.dll!UnknownFunction []
[2018.05.20-16.57.20:483][ 47]LogWindows: Error: [Callstack] 0x00000000B893B3E2 UE4Editor-Slate.dll!UnknownFunction []
[2018.05.20-16.57.20:483][ 47]LogWindows: Error: [Callstack] 0x00000000EE06E69B UE4Editor-ApplicationCore.dll!UnknownFunction []
[2018.05.20-16.57.20:483][ 47]LogWindows: Error: [Callstack] 0x00000000EE061B78 UE4Editor-ApplicationCore.dll!UnknownFunction []
[2018.05.20-16.57.20:483][ 47]LogWindows: Error: [Callstack] 0x00000000EE07052C UE4Editor-ApplicationCore.dll!UnknownFunction []
[2018.05.20-16.57.20:483][ 47]LogWindows: Error: [Callstack] 0x00000000EE05D679 UE4Editor-ApplicationCore.dll!UnknownFunction []
[2018.05.20-16.57.20:483][ 47]LogWindows: Error: [Callstack] 0x00000000F696B85D USER32.dll!UnknownFunction []
[2018.05.20-16.57.20:483][ 47]LogWindows: Error: [Callstack] 0x00000000F696B1EF USER32.dll!UnknownFunction []
[2018.05.20-16.57.20:483][ 47]LogWindows: Error: [Callstack] 0x00000000EE071666 UE4Editor-ApplicationCore.dll!UnknownFunction []
[2018.05.20-16.57.20:483][ 47]LogWindows: Error: [Callstack] 0x000000005A0A5475 UE4Editor.exe!UnknownFunction []
[2018.05.20-16.57.20:483][ 47]LogWindows: Error: [Callstack] 0x000000005A0B6BD0 UE4Editor.exe!UnknownFunction []
[2018.05.20-16.57.20:483][ 47]LogWindows: Error: [Callstack] 0x000000005A0B6C4A UE4Editor.exe!UnknownFunction []
[2018.05.20-16.57.20:483][ 47]LogWindows: Error: [Callstack] 0x000000005A0C4177 UE4Editor.exe!UnknownFunction []
[2018.05.20-16.57.20:483][ 47]LogWindows: Error: [Callstack] 0x000000005A0C5B87 UE4Editor.exe!UnknownFunction []
[2018.05.20-16.57.20:483][ 47]LogWindows: Error: [Callstack] 0x00000000F71A1FE4 KERNEL32.DLL!UnknownFunction []
[2018.05.20-16.57.20:483][ 47]LogWindows: Error: [Callstack] 0x00000000F8ECF061 ntdll.dll!UnknownFunction []
[2018.05.20-16.57.20:483][ 47]LogWindows: Error: [Callstack] 0x00000000F8ECF061 ntdll.dll!UnknownFunction []
[2018.05.20-16.57.20:483][ 47]LogWindows: Error: 
[2018.05.20-16.57.20:493][ 47]LogExit: Executing StaticShutdownAfterError
[2018.05.20-16.57.20:495][ 47]LogWindows: FPlatformMisc::RequestExit(1)
[2018.05.20-16.57.20:495][ 47]Log file closed, 05/20/18 12:57:20
