Log file open, 05/20/18 12:53:11
LogWindows: Failed to load 'aqProf.dll' (GetLastError=126)
LogWindows: File 'aqProf.dll' does not exist
LogWindows: Failed to load 'VtuneApi.dll' (GetLastError=126)
LogWindows: File 'VtuneApi.dll' does not exist
LogWindows: Failed to load 'VtuneApi32e.dll' (GetLastError=126)
LogWindows: File 'VtuneApi32e.dll' does not exist
LogInit: Display: Running engine for game: PioneerSpiritGameJam
LogPlatformFile: Not using cached read wrapper
LogInit: Display: RandInit(1631690700) SRandInit(1631690700).
LogInit: Read version file with build ID '3944462'
LogInit: Overriding engine version to CL 4033788, compatible CL 3944462
LogInit: Registered custom module enumerator with build ID '3944462'
LogTaskGraph: Started task graph with 5 named threads and 23 total threads with 3 sets of task threads.
LogStats: Stats thread started at 0.249984
LogD3D11RHI: Aftermath initialized
LogICUInternationalization: Display: ICU TimeZone Detection - Raw Offset: -5:00, Platform Override: ''
LogModuleManager: Display: Found up-to-date module file ../../../Engine/Plugins/2D/Paper2D/Binaries/Win64/UE4Editor-Paper2D.dll (API version 3944462).
LogModuleManager: Display: Found up-to-date module file ../../../Engine/Plugins/2D/Paper2D/Binaries/Win64/UE4Editor-Paper2DEditor.dll (API version 3944462).
LogModuleManager: Display: Found up-to-date module file ../../../Engine/Plugins/2D/Paper2D/Binaries/Win64/UE4Editor-PaperSpriteSheetImporter.dll (API version 3944462).
LogModuleManager: Display: Found up-to-date module file ../../../Engine/Plugins/2D/Paper2D/Binaries/Win64/UE4Editor-PaperTiledImporter.dll (API version 3944462).
LogModuleManager: Display: Found up-to-date module file ../../../Engine/Plugins/2D/Paper2D/Binaries/Win64/UE4Editor-SmartSnapping.dll (API version 3944462).
LogModuleManager: Display: Found up-to-date module file ../../../Engine/Plugins/Blendables/LightPropagationVolume/Binaries/Win64/UE4Editor-LightPropagationVolumeRuntime.dll (API version 3944462).
LogModuleManager: Display: Found up-to-date module file ../../../Engine/Plugins/Blendables/LightPropagationVolume/Binaries/Win64/UE4Editor-LightPropagationVolumeEditor.dll (API version 3944462).
LogModuleManager: Display: Found up-to-date module file ../../../Engine/Plugins/Developer/CLionSourceCodeAccess/Binaries/Win64/UE4Editor-CLionSourceCodeAccess.dll (API version 3944462).
LogModuleManager: Display: Found up-to-date module file ../../../Engine/Plugins/Developer/GitSourceControl/Binaries/Win64/UE4Editor-GitSourceControl.dll (API version 3944462).
LogModuleManager: Display: Found up-to-date module file ../../../Engine/Plugins/Developer/PerforceSourceControl/Binaries/Win64/UE4Editor-PerforceSourceControl.dll (API version 3944462).
LogModuleManager: Display: Found up-to-date module file ../../../Engine/Plugins/Developer/SubversionSourceControl/Binaries/Win64/UE4Editor-SubversionSourceControl.dll (API version 3944462).
LogModuleManager: Display: Found up-to-date module file ../../../Engine/Plugins/Developer/UObjectPlugin/Binaries/Win64/UE4Editor-UObjectPlugin.dll (API version 3944462).
LogModuleManager: Display: Found up-to-date module file ../../../Engine/Plugins/Developer/VisualStudioCodeSourceCodeAccess/Binaries/Win64/UE4Editor-VisualStudioCodeSourceCodeAccess.dll (API version 3944462).
LogModuleManager: Display: Found up-to-date module file ../../../Engine/Plugins/Developer/VisualStudioSourceCodeAccess/Binaries/Win64/UE4Editor-VisualStudioSourceCodeAccess.dll (API version 3944462).
LogModuleManager: Display: Found up-to-date module file ../../../Engine/Plugins/Editor/AssetManagerEditor/Binaries/Win64/UE4Editor-AssetManagerEditor.dll (API version 3944462).
LogModuleManager: Display: Found up-to-date module file ../../../Engine/Plugins/Editor/CryptoKeys/Binaries/Win64/UE4Editor-CryptoKeys.dll (API version 3944462).
LogModuleManager: Display: Found up-to-date module file ../../../Engine/Plugins/Editor/CryptoKeys/Binaries/Win64/UE4Editor-CryptoKeysOpenSSL.dll (API version 3944462).
LogModuleManager: Display: Found up-to-date module file ../../../Engine/Plugins/Editor/DataValidation/Binaries/Win64/UE4Editor-DataValidation.dll (API version 3944462).
LogModuleManager: Display: Found up-to-date module file ../../../Engine/Plugins/Editor/FacialAnimation/Binaries/Win64/UE4Editor-FacialAnimation.dll (API version 3944462).
LogModuleManager: Display: Found up-to-date module file ../../../Engine/Plugins/Editor/FacialAnimation/Binaries/Win64/UE4Editor-FacialAnimationEditor.dll (API version 3944462).
LogModuleManager: Display: Found up-to-date module file ../../../Engine/Plugins/Editor/GameplayTagsEditor/Binaries/Win64/UE4Editor-GameplayTagsEditor.dll (API version 3944462).
LogModuleManager: Display: Found up-to-date module file ../../../Engine/Plugins/Editor/MobileLauncherProfileWizard/Binaries/Win64/UE4Editor-MobileLauncherProfileWizard.dll (API version 3944462).
LogModuleManager: Display: Found up-to-date module file ../../../Engine/Plugins/Editor/PluginBrowser/Binaries/Win64/UE4Editor-PluginBrowser.dll (API version 3944462).
LogModuleManager: Display: Found up-to-date module file ../../../Engine/Plugins/Editor/SpeedTreeImporter/Binaries/Win64/UE4Editor-SpeedTreeImporter.dll (API version 3944462).
LogModuleManager: Display: Found up-to-date module file ../../../Engine/Plugins/Enterprise/DatasmithContent/Binaries/Win64/UE4Editor-DatasmithContent.dll (API version 3944462).
LogModuleManager: Display: Found up-to-date module file ../../../Engine/Plugins/Experimental/AlembicImporter/Binaries/Win64/UE4Editor-AlembicImporter.dll (API version 3944462).
LogModuleManager: Display: Found up-to-date module file ../../../Engine/Plugins/Experimental/AlembicImporter/Binaries/Win64/UE4Editor-AlembicLibrary.dll (API version 3944462).
LogModuleManager: Display: Found up-to-date module file ../../../Engine/Plugins/Experimental/CharacterAI/Binaries/Win64/UE4Editor-CharacterAI.dll (API version 3944462).
LogModuleManager: Display: Found up-to-date module file ../../../Engine/Plugins/Experimental/HTML5Networking/Binaries/Win64/UE4Editor-HTML5Networking.dll (API version 3944462).
LogModuleManager: Display: Found up-to-date module file ../../../Engine/Plugins/Media/AndroidMedia/Binaries/Win64/UE4Editor-AndroidMediaEditor.dll (API version 3944462).
LogModuleManager: Display: Found up-to-date module file ../../../Engine/Plugins/Media/AndroidMedia/Binaries/Win64/UE4Editor-AndroidMediaFactory.dll (API version 3944462).
LogModuleManager: Display: Found up-to-date module file ../../../Engine/Plugins/Media/AvfMedia/Binaries/Win64/UE4Editor-AvfMediaEditor.dll (API version 3944462).
LogModuleManager: Display: Found up-to-date module file ../../../Engine/Plugins/Media/AvfMedia/Binaries/Win64/UE4Editor-AvfMediaFactory.dll (API version 3944462).
LogModuleManager: Display: Found up-to-date module file ../../../Engine/Plugins/Media/AvfMedia/Binaries/Win64/UE4Editor-AvfMediaFactory.dll (API version 3944462).
LogModuleManager: Display: Found up-to-date module file ../../../Engine/Plugins/Media/ImgMedia/Binaries/Win64/UE4Editor-ImgMedia.dll (API version 3944462).
LogModuleManager: Display: Found up-to-date module file ../../../Engine/Plugins/Media/ImgMedia/Binaries/Win64/UE4Editor-ImgMediaEditor.dll (API version 3944462).
LogModuleManager: Display: Found up-to-date module file ../../../Engine/Plugins/Media/ImgMedia/Binaries/Win64/UE4Editor-ImgMediaFactory.dll (API version 3944462).
LogModuleManager: Display: Found up-to-date module file ../../../Engine/Plugins/Media/ImgMedia/Binaries/Win64/UE4Editor-ImgMediaFactory.dll (API version 3944462).
LogModuleManager: Display: Found up-to-date module file ../../../Engine/Plugins/Media/ImgMedia/Binaries/Win64/UE4Editor-OpenExrWrapper.dll (API version 3944462).
LogModuleManager: Display: Found up-to-date module file ../../../Engine/Plugins/Media/LinearTimecode/Binaries/Win64/UE4Editor-LinearTimecode.dll (API version 3944462).
LogModuleManager: Display: Found up-to-date module file ../../../Engine/Plugins/Media/MediaCompositing/Binaries/Win64/UE4Editor-MediaCompositing.dll (API version 3944462).
LogModuleManager: Display: Found up-to-date module file ../../../Engine/Plugins/Media/MediaCompositing/Binaries/Win64/UE4Editor-MediaCompositingEditor.dll (API version 3944462).
LogModuleManager: Display: Found up-to-date module file ../../../Engine/Plugins/Media/MediaPlayerEditor/Binaries/Win64/UE4Editor-MediaPlayerEditor.dll (API version 3944462).
LogModuleManager: Display: Found up-to-date module file ../../../Engine/Plugins/Media/WmfMedia/Binaries/Win64/UE4Editor-WmfMedia.dll (API version 3944462).
LogModuleManager: Display: Found up-to-date module file ../../../Engine/Plugins/Media/WmfMedia/Binaries/Win64/UE4Editor-WmfMediaEditor.dll (API version 3944462).
LogModuleManager: Display: Found up-to-date module file ../../../Engine/Plugins/Media/WmfMedia/Binaries/Win64/UE4Editor-WmfMediaFactory.dll (API version 3944462).
LogModuleManager: Display: Found up-to-date module file ../../../Engine/Plugins/Media/WmfMedia/Binaries/Win64/UE4Editor-WmfMediaFactory.dll (API version 3944462).
LogModuleManager: Display: Found up-to-date module file ../../../Engine/Plugins/Messaging/TcpMessaging/Binaries/Win64/UE4Editor-TcpMessaging.dll (API version 3944462).
LogModuleManager: Display: Found up-to-date module file ../../../Engine/Plugins/Messaging/UdpMessaging/Binaries/Win64/UE4Editor-UdpMessaging.dll (API version 3944462).
LogModuleManager: Display: Found up-to-date module file ../../../Engine/Plugins/MovieScene/ActorSequence/Binaries/Win64/UE4Editor-ActorSequence.dll (API version 3944462).
LogModuleManager: Display: Found up-to-date module file ../../../Engine/Plugins/MovieScene/LevelSequenceEditor/Binaries/Win64/UE4Editor-LevelSequenceEditor.dll (API version 3944462).
LogModuleManager: Display: Found up-to-date module file ../../../Engine/Plugins/MovieScene/MatineeToLevelSequence/Binaries/Win64/UE4Editor-MatineeToLevelSequence.dll (API version 3944462).
LogModuleManager: Display: Found up-to-date module file ../../../Engine/Plugins/NetcodeUnitTest/NetcodeUnitTest/Binaries/Win64/UE4Editor-NetcodeUnitTest.dll (API version 3944462).
LogModuleManager: Display: Found up-to-date module file ../../../Engine/Plugins/NetcodeUnitTest/NUTUnrealEngine4/Binaries/Win64/UE4Editor-NUTUnrealEngine4.dll (API version 3944462).
LogModuleManager: Display: Found up-to-date module file ../../../Engine/Plugins/Online/OnlineSubsystem/Binaries/Win64/UE4Editor-OnlineSubsystem.dll (API version 3944462).
LogModuleManager: Display: Found up-to-date module file ../../../Engine/Plugins/Runtime/AndroidPermission/Binaries/Win64/UE4Editor-AndroidPermission.dll (API version 3944462).
LogModuleManager: Display: Found up-to-date module file ../../../Engine/Plugins/Online/OnlineSubsystemNull/Binaries/Win64/UE4Editor-OnlineSubsystemNull.dll (API version 3944462).
LogModuleManager: Display: Found up-to-date module file ../../../Engine/Plugins/Online/OnlineSubsystemUtils/Binaries/Win64/UE4Editor-OnlineSubsystemUtils.dll (API version 3944462).
LogModuleManager: Display: Found up-to-date module file ../../../Engine/Plugins/Online/OnlineSubsystemUtils/Binaries/Win64/UE4Editor-OnlineBlueprintSupport.dll (API version 3944462).
LogModuleManager: Display: Found up-to-date module file ../../../Engine/Plugins/Runtime/AndroidDeviceProfileSelector/Binaries/Win64/UE4Editor-AndroidDeviceProfileSelector.dll (API version 3944462).
LogModuleManager: Display: Found up-to-date module file ../../../Engine/Plugins/Runtime/AppleARKit/Binaries/Win64/UE4Editor-AppleARKit.dll (API version 3944462).
LogModuleManager: Display: Found up-to-date module file ../../../Engine/Plugins/Runtime/ProceduralMeshComponent/Binaries/Win64/UE4Editor-ProceduralMeshComponent.dll (API version 3944462).
LogModuleManager: Display: Found up-to-date module file ../../../Engine/Plugins/Runtime/ProceduralMeshComponent/Binaries/Win64/UE4Editor-ProceduralMeshComponentEditor.dll (API version 3944462).
LogModuleManager: Display: Found up-to-date module file ../../../Engine/Plugins/Animation/LiveLink/Binaries/Win64/UE4Editor-LiveLink.dll (API version 3944462).
LogModuleManager: Display: Found up-to-date module file ../../../Engine/Plugins/Animation/LiveLink/Binaries/Win64/UE4Editor-LiveLinkEditor.dll (API version 3944462).
LogModuleManager: Display: Found up-to-date module file ../../../Engine/Plugins/Runtime/ArchVisCharacter/Binaries/Win64/UE4Editor-ArchVisCharacter.dll (API version 3944462).
LogModuleManager: Display: Found up-to-date module file ../../../Engine/Plugins/Runtime/AudioCapture/Binaries/Win64/UE4Editor-AudioCapture.dll (API version 3944462).
LogModuleManager: Display: Found up-to-date module file ../../../Engine/Plugins/Runtime/AudioCapture/Binaries/Win64/UE4Editor-AudioCaptureEditor.dll (API version 3944462).
LogModuleManager: Display: Found up-to-date module file ../../../Engine/Plugins/Runtime/CableComponent/Binaries/Win64/UE4Editor-CableComponent.dll (API version 3944462).
LogModuleManager: Display: Found up-to-date module file ../../../Engine/Plugins/Runtime/CustomMeshComponent/Binaries/Win64/UE4Editor-CustomMeshComponent.dll (API version 3944462).
LogModuleManager: Display: Found up-to-date module file ../../../Engine/Plugins/Runtime/ExampleDeviceProfileSelector/Binaries/Win64/UE4Editor-ExampleDeviceProfileSelector.dll (API version 3944462).
LogModuleManager: Display: Found up-to-date module file ../../../Engine/Plugins/Runtime/ImmediatePhysics/Binaries/Win64/UE4Editor-ImmediatePhysics.dll (API version 3944462).
LogModuleManager: Display: Found up-to-date module file ../../../Engine/Plugins/Runtime/ImmediatePhysics/Binaries/Win64/UE4Editor-ImmediatePhysicsEditor.dll (API version 3944462).
LogModuleManager: Display: Found up-to-date module file ../../../Engine/Plugins/Runtime/LocationServicesBPLibrary/Binaries/Win64/UE4Editor-LocationServicesBPLibrary.dll (API version 3944462).
LogModuleManager: Display: Found up-to-date module file ../../../Engine/Plugins/Runtime/MobilePatchingUtils/Binaries/Win64/UE4Editor-MobilePatchingUtils.dll (API version 3944462).
LogModuleManager: Display: Found up-to-date module file ../../../Engine/Plugins/Runtime/Oculus/OculusVR/Binaries/Win64/UE4Editor-OculusHMD.dll (API version 3944462).
LogModuleManager: Display: Found up-to-date module file ../../../Engine/Plugins/Runtime/Oculus/OculusVR/Binaries/Win64/UE4Editor-OculusInput.dll (API version 3944462).
LogModuleManager: Display: Found up-to-date module file ../../../Engine/Plugins/Runtime/Oculus/OculusVR/Binaries/Win64/UE4Editor-OculusEditor.dll (API version 3944462).
LogModuleManager: Display: Found up-to-date module file ../../../Engine/Plugins/Runtime/PhysXVehicles/Binaries/Win64/UE4Editor-PhysXVehicles.dll (API version 3944462).
LogModuleManager: Display: Found up-to-date module file ../../../Engine/Plugins/Runtime/PhysXVehicles/Binaries/Win64/UE4Editor-PhysXVehiclesEditor.dll (API version 3944462).
LogModuleManager: Display: Found up-to-date module file ../../../Engine/Plugins/Runtime/RuntimePhysXCooking/Binaries/Win64/UE4Editor-RuntimePhysXCooking.dll (API version 3944462).
LogModuleManager: Display: Found up-to-date module file ../../../Engine/Plugins/Runtime/Steam/SteamVR/Binaries/Win64/UE4Editor-SteamVR.dll (API version 3944462).
LogModuleManager: Display: Found up-to-date module file ../../../Engine/Plugins/Runtime/Steam/SteamVR/Binaries/Win64/UE4Editor-SteamVRController.dll (API version 3944462).
LogModuleManager: Display: Found up-to-date module file ../../../Engine/Plugins/Runtime/WindowsMoviePlayer/Binaries/Win64/UE4Editor-WindowsMoviePlayer.dll (API version 3944462).
LogPluginManager: Mounting plugin Paper2D
LogPluginManager: Mounting plugin LiveLink
LogPluginManager: Mounting plugin LightPropagationVolume
LogPluginManager: Mounting plugin CLionSourceCodeAccess
LogPluginManager: Mounting plugin CodeLiteSourceCodeAccess
LogPluginManager: Mounting plugin GitSourceControl
LogPluginManager: Mounting plugin KDevelopSourceCodeAccess
LogPluginManager: Mounting plugin NullSourceCodeAccess
LogPluginManager: Mounting plugin PerforceSourceControl
LogPluginManager: Mounting plugin SubversionSourceControl
LogPluginManager: Mounting plugin UObjectPlugin
LogPluginManager: Mounting plugin VisualStudioCodeSourceCodeAccess
LogPluginManager: Mounting plugin VisualStudioSourceCodeAccess
LogPluginManager: Mounting plugin XCodeSourceCodeAccess
LogPluginManager: Mounting plugin AssetManagerEditor
LogPluginManager: Mounting plugin CryptoKeys
LogPluginManager: Mounting plugin DataValidation
LogPluginManager: Mounting plugin FacialAnimation
LogPluginManager: Mounting plugin GameplayTagsEditor
LogPluginManager: Mounting plugin MobileLauncherProfileWizard
LogPluginManager: Mounting plugin PluginBrowser
LogPluginManager: Mounting plugin SpeedTreeImporter
LogPluginManager: Mounting plugin DatasmithContent
LogPluginManager: Mounting plugin AlembicImporter
LogPluginManager: Mounting plugin CharacterAI
LogPluginManager: Mounting plugin HTML5Networking
LogPluginManager: Mounting plugin AndroidMedia
LogPluginManager: Mounting plugin AvfMedia
LogPluginManager: Mounting plugin ImgMedia
LogPluginManager: Mounting plugin LinearTimecode
LogPluginManager: Mounting plugin MediaCompositing
LogPluginManager: Mounting plugin MediaPlayerEditor
LogPluginManager: Mounting plugin WmfMedia
LogPluginManager: Mounting plugin TcpMessaging
LogPluginManager: Mounting plugin UdpMessaging
LogPluginManager: Mounting plugin ActorSequence
LogPluginManager: Mounting plugin LevelSequenceEditor
LogPluginManager: Mounting plugin MatineeToLevelSequence
LogPluginManager: Mounting plugin NetcodeUnitTest
LogPluginManager: Mounting plugin NUTUnrealEngine4
LogPluginManager: Mounting plugin OnlineSubsystemGooglePlay
LogPluginManager: Mounting plugin OnlineSubsystemIOS
LogPluginManager: Mounting plugin OnlineSubsystem
LogPluginManager: Mounting plugin OnlineSubsystemNull
LogPluginManager: Mounting plugin OnlineSubsystemUtils
LogPluginManager: Mounting plugin AndroidDeviceProfileSelector
LogPluginManager: Mounting plugin AndroidMoviePlayer
LogPluginManager: Mounting plugin AndroidPermission
LogPluginManager: Mounting plugin AppleARKit
LogPluginManager: Mounting plugin AppleMoviePlayer
LogPluginManager: Mounting plugin ArchVisCharacter
LogPluginManager: Mounting plugin AudioCapture
LogPluginManager: Mounting plugin CableComponent
LogPluginManager: Mounting plugin CustomMeshComponent
LogPluginManager: Mounting plugin ExampleDeviceProfileSelector
LogPluginManager: Mounting plugin GoogleCloudMessaging
LogPluginManager: Mounting plugin ImmediatePhysics
LogPluginManager: Mounting plugin IOSDeviceProfileSelector
LogPluginManager: Mounting plugin LinuxDeviceProfileSelector
LogPluginManager: Mounting plugin LocationServicesBPLibrary
LogPluginManager: Mounting plugin MobilePatchingUtils
LogPluginManager: Mounting plugin OculusVR
LogPluginManager: Plugin shader directory ../../../Engine/Plugins/Runtime/Oculus/OculusVR/Shaders found
LogPluginManager: Mapping shader source directory ../../../Engine/Plugins/Runtime/Oculus/OculusVR/Shaders to virtual directory /Plugin/OculusVR
LogPluginManager: Mounting plugin PhysXVehicles
LogPluginManager: Mounting plugin ProceduralMeshComponent
LogPluginManager: Mounting plugin RuntimePhysXCooking
LogPluginManager: Mounting plugin SteamVR
LogPluginManager: Mounting plugin WindowsMoviePlayer
LogStreaming: Display: Took  0.657s to configure plugins.
LogInit: Using libcurl 7.47.1
LogInit:  - built for x86_64-pc-win32
LogInit:  - supports SSL with OpenSSL/1.0.2g
LogInit:  - supports HTTP deflate (compression) using libz 1.2.8
LogInit:  - other features:
LogInit:      CURL_VERSION_SSL
LogInit:      CURL_VERSION_LIBZ
LogInit:      CURL_VERSION_IPV6
LogInit:      CURL_VERSION_ASYNCHDNS
LogInit:      CURL_VERSION_LARGEFILE
LogInit:      CURL_VERSION_IDN
LogInit:  CurlRequestOptions (configurable via config and command line):
LogInit:  - bVerifyPeer = false  - Libcurl will NOT verify peer certificate
LogInit:  - bUseHttpProxy = false  - Libcurl will NOT use HTTP proxy
LogInit:  - bDontReuseConnections = false  - Libcurl will reuse connections
LogInit:  - CertBundlePath = nullptr  - Libcurl will use whatever was configured at build time.
LogInit:  - MaxHostConnections = 16  - Libcurl will limit the number of connections to a host
LogInit:  - LocalHostAddr = Default
LogInit: WinSock: version 1.1 (2.2), MaxSocks=32767, MaxUdp=65467
LogInit: WinSock: I am DESKTOP-51H79OG (192.168.1.23:0)
LogInit: Build: ++UE4+Release-4.19-CL-4033788
LogInit: Engine Version: 4.19.2-4033788+++UE4+Release-4.19
LogInit: Compatible Engine Version: 4.19.0-3944462+++UE4+Release-4.19
LogInit: Net CL: 3944462
LogDevObjectVersion: Number of dev versions registered: 18
LogDevObjectVersion:   Dev-Blueprints (B0D832E4-1F89-4F0D-ACCF-7EB736FD4AA2): 10
LogDevObjectVersion:   Dev-Build (E1C64328-A22C-4D53-A36C-8E866417BD8C): 0
LogDevObjectVersion:   Dev-Core (375EC13C-06E4-48FB-B500-84F0262A717E): 2
LogDevObjectVersion:   Dev-Editor (E4B068ED-F494-42E9-A231-DA0B2E46BB41): 23
LogDevObjectVersion:   Dev-Framework (CFFC743F-43B0-4480-9391-14DF171D2073): 33
LogDevObjectVersion:   Dev-Mobile (B02B49B5-BB20-44E9-A304-32B752E40360): 2
LogDevObjectVersion:   Dev-Networking (A4E4105C-59A1-49B5-A7C5-40C4547EDFEE): 0
LogDevObjectVersion:   Dev-Online (39C831C9-5AE6-47DC-9A44-9C173E1C8E7C): 0
LogDevObjectVersion:   Dev-Physics (78F01B33-EBEA-4F98-B9B4-84EACCB95AA2): 0
LogDevObjectVersion:   Dev-Platform (6631380F-2D4D-43E0-8009-CF276956A95A): 0
LogDevObjectVersion:   Dev-Rendering (12F88B9F-8875-4AFC-A67C-D90C383ABD29): 25
LogDevObjectVersion:   Dev-Sequencer (7B5AE74C-D270-4C10-A958-57980B212A5A): 6
LogDevObjectVersion:   Dev-VR (D7296918-1DD6-4BDD-9DE2-64A83CC13884): 1
LogDevObjectVersion:   Dev-LoadTimes (C2A15278-BFE7-4AFE-6C17-90FF531DF755): 1
LogDevObjectVersion:   Private-Geometry (6EACA3D4-40EC-4CC1-B786-8BED09428FC5): 2
LogDevObjectVersion:   Dev-AnimPhys (29E575DD-E0A3-4627-9D10-D276232CDCEA): 16
LogDevObjectVersion:   Dev-ReflectionCapture (6B266CEC-1EC7-4B8F-A30B-E4D90942FC07): 1
LogDevObjectVersion:   Dev-Automation (0DF73D61-A23F-47EA-B727-89E90C41499A): 1
LogInit: Compiled (64-bit): Apr 27 2018 02:06:57
LogInit: Compiled with Visual C++: 19.00.24215.01
LogInit: Build Configuration: Development
LogInit: Branch Name: ++UE4+Release-4.19
LogInit: Command Line:  
LogInit: Base Directory: D:/Program Files/Epic Games/UE_4.19/Engine/Binaries/Win64/
LogInit: Installed Engine Build: 1
LogStreaming: Display: Took  0.001s to delete old logs.
LogInit: Presizing for max 8388607 objects, including 0 objects not considered by GC, pre-allocating 0 bytes for permanent pool.
LogInit: Object subsystem initialized
[2018.05.20-16.53.12:805][  0]LogInit: Selected Device Profile: [Windows]
[2018.05.20-16.53.12:805][  0]LogInit: Applying CVar settings loaded from the selected device profile: [Windows]
[2018.05.20-16.53.12:815][  0]LogInit: Computer: DESKTOP-51H79OG
[2018.05.20-16.53.12:815][  0]LogInit: User: Christopher
[2018.05.20-16.53.12:815][  0]LogInit: CPU Page size=4096, Cores=4
[2018.05.20-16.53.12:815][  0]LogInit: High frequency timer resolution =3.914063 MHz
[2018.05.20-16.53.12:815][  0]LogMemory: Memory total: Physical=31.9GB (32GB approx)
[2018.05.20-16.53.12:815][  0]LogMemory: Platform Memory Stats for Windows
[2018.05.20-16.53.12:815][  0]LogMemory: Process Physical Memory: 275.04 MB used, 275.04 MB peak
[2018.05.20-16.53.12:815][  0]LogMemory: Process Virtual Memory: 264.58 MB used, 264.58 MB peak
[2018.05.20-16.53.12:816][  0]LogMemory: Physical Memory: 6069.45 MB used,  26629.25 MB free, 32698.70 MB total
[2018.05.20-16.53.12:816][  0]LogMemory: Virtual Memory: 692.99 MB used,  26629.25 MB free, 134217728.00 MB total
[2018.05.20-16.53.12:829][  0]LogInit: Using OS detected language (en-US).
[2018.05.20-16.53.12:829][  0]LogInit: Using OS detected locale (en-US).
[2018.05.20-16.53.12:831][  0]LogTextLocalizationManager: No specific localization for 'en-US' exists, so the 'en' localization will be used.
[2018.05.20-16.53.13:178][  0]LogStreaming: Display: Took  0.350s to EndInitTextLocalization.
[2018.05.20-16.53.13:179][  0]LogInit: Setting process to per monitor DPI aware
[2018.05.20-16.53.13:198][  0]LogSlate: New Slate User Created.  User Index 0, Is Virtual User: 0
[2018.05.20-16.53.13:198][  0]LogSlate: Slate User Registered.  User Index 0, Is Virtual User: 0
[2018.05.20-16.53.13:334][  0]LogD3D11RHI: D3D11 adapters:
[2018.05.20-16.53.13:372][  0]LogD3D11RHI:    0. 'NVIDIA GeForce GTX 1080' (Feature Level 11_0)
[2018.05.20-16.53.13:372][  0]LogD3D11RHI:       8086/0/16349 MB DedicatedVideo/DedicatedSystem/SharedSystem, Outputs:1, VendorId:0x10de
[2018.05.20-16.53.13:373][  0]LogD3D11RHI:    1. 'Microsoft Basic Render Driver' (Feature Level 11_0)
[2018.05.20-16.53.13:373][  0]LogD3D11RHI:       0/0/16349 MB DedicatedVideo/DedicatedSystem/SharedSystem, Outputs:0, VendorId:0x1414
[2018.05.20-16.53.13:374][  0]LogD3D11RHI: Chosen D3D11 Adapter: 0
[2018.05.20-16.53.13:379][  0]LogD3D11RHI: Creating new Direct3DDevice
[2018.05.20-16.53.13:379][  0]LogD3D11RHI:     GPU DeviceId: 0x1b80 (for the marketing name, search the web for "GPU Device Id")
[2018.05.20-16.53.13:379][  0]LogWindows: EnumDisplayDevices:
[2018.05.20-16.53.13:379][  0]LogWindows:    0. 'NVIDIA GeForce GTX 1080' (P:1 D:1)
[2018.05.20-16.53.13:379][  0]LogWindows:    1. 'NVIDIA GeForce GTX 1080' (P:0 D:0)
[2018.05.20-16.53.13:380][  0]LogWindows:    2. 'NVIDIA GeForce GTX 1080' (P:0 D:0)
[2018.05.20-16.53.13:380][  0]LogWindows:    3. 'NVIDIA GeForce GTX 1080' (P:0 D:0)
[2018.05.20-16.53.13:380][  0]LogWindows: DebugString: GetVideoDriverDetailsInvalid PrimaryIsNotTheChoosenAdapter GetVideoDriverDetailsInvalid PrimaryIsNotTheChoosenAdapter GetVideoDriverDetailsInvalid PrimaryIsNotTheChoosenAdapter GetVideoDriverDetailsInvalid PrimaryIsNotTheChoosenAdapter FoundDriverCount:0 
[2018.05.20-16.53.13:380][  0]LogD3D11RHI:     Adapter Name: NVIDIA GeForce GTX 1080
[2018.05.20-16.53.13:380][  0]LogD3D11RHI:   Driver Version: Unknown (internal:Unknown, unified:Unknown)
[2018.05.20-16.53.13:380][  0]LogD3D11RHI:      Driver Date: Unknown
[2018.05.20-16.53.13:380][  0]LogRHI: Texture pool is 5660 MB (70% of 8086 MB)
[2018.05.20-16.53.13:397][  0]LogD3D11RHI: [Aftermath] Aftermath enabled and primed
[2018.05.20-16.53.13:397][  0]LogD3D11RHI: [Aftermath] Aftermath enabled and primed
[2018.05.20-16.53.13:397][  0]LogD3D11RHI: Async texture creation enabled
[2018.05.20-16.53.13:407][  0]LogD3D11RHI: GPU Timing Frequency: 1000.000000 (Debug: 2 1)
[2018.05.20-16.53.13:449][  0]LogShaderCompilers: Guid format shader working directory is -15 characters bigger than the processId version (C:/Users/Christopher/Documents/Unreal Projects/PioneerSpiritGameJam/Intermediate/Shaders/WorkingDirectory/4804/).
[2018.05.20-16.53.13:449][  0]LogShaderCompilers: Cleaned the shader compiler working directory 'C:/Users/Christopher/AppData/Local/Temp/UnrealShaderWorkingDir/F2C8E7EB44DC8C3260BD5882888B65B0/'.
[2018.05.20-16.53.13:626][  0]LogTemp: Display: Loaded TP AllDesktopTargetPlatform
[2018.05.20-16.53.13:639][  0]LogTemp: Display: Loaded TP MacClientTargetPlatform
[2018.05.20-16.53.13:649][  0]LogTemp: Display: Loaded TP MacNoEditorTargetPlatform
[2018.05.20-16.53.13:660][  0]LogTemp: Display: Loaded TP MacServerTargetPlatform
[2018.05.20-16.53.13:674][  0]LogTemp: Display: Loaded TP MacTargetPlatform
[2018.05.20-16.53.13:685][  0]LogTemp: Display: Loaded TP WindowsClientTargetPlatform
[2018.05.20-16.53.13:698][  0]LogTemp: Display: Loaded TP WindowsNoEditorTargetPlatform
[2018.05.20-16.53.13:709][  0]LogTemp: Display: Loaded TP WindowsServerTargetPlatform
[2018.05.20-16.53.13:715][  0]LogTemp: Display: Loaded TP WindowsTargetPlatform
[2018.05.20-16.53.13:726][  0]LogTemp: Display: Loaded TP Android_ASTCTargetPlatform
[2018.05.20-16.53.13:736][  0]LogTemp: Display: Loaded TP Android_ATCTargetPlatform
[2018.05.20-16.53.13:746][  0]LogTemp: Display: Loaded TP Android_DXTTargetPlatform
[2018.05.20-16.53.13:756][  0]LogTemp: Display: Loaded TP Android_ETC1aTargetPlatform
[2018.05.20-16.53.13:765][  0]LogTemp: Display: Loaded TP Android_ETC1TargetPlatform
[2018.05.20-16.53.13:775][  0]LogTemp: Display: Loaded TP Android_ETC2TargetPlatform
[2018.05.20-16.53.13:796][  0]LogTemp: Display: Loaded TP Android_MultiTargetPlatform
[2018.05.20-16.53.13:796][  0]LogTemp: Display: Loaded TP Android_PVRTCTargetPlatform
[2018.05.20-16.53.13:806][  0]LogTemp: Display: Loaded TP AndroidTargetPlatform
[2018.05.20-16.53.13:807][  0]LogTemp: Display: Loaded TP HTML5TargetPlatform
[2018.05.20-16.53.13:840][  0]LogTemp: Display: Loaded TP IOSTargetPlatform
[2018.05.20-16.53.13:850][  0]LogTemp: Display: Loaded TP TVOSTargetPlatform
[2018.05.20-16.53.13:859][  0]LogTemp: Display: Loaded TP LinuxClientTargetPlatform
[2018.05.20-16.53.13:869][  0]LogTemp: Display: Loaded TP LinuxNoEditorTargetPlatform
[2018.05.20-16.53.13:878][  0]LogTemp: Display: Loaded TP LinuxServerTargetPlatform
[2018.05.20-16.53.13:888][  0]LogTemp: Display: Loaded TP LinuxTargetPlatform
[2018.05.20-16.53.13:888][  0]LogTargetPlatformManager: Display: Building Assets For Windows
[2018.05.20-16.53.13:963][  0]LogXGEController: Cannot use XGE Controller as Incredibuild is not installed on this machine.
[2018.05.20-16.53.13:963][  0]LogShaderCompilers: Cannot use XGE Shader Compiler as Incredibuild is not installed on this machine.
[2018.05.20-16.53.13:963][  0]LogShaderCompilers: Display: Using Local Shader Compiler.
[2018.05.20-16.53.14:506][  0]LogDerivedDataCache: Display: Max Cache Size: 512 MB
[2018.05.20-16.53.14:558][  0]LogDerivedDataCache: Loaded boot cache 0.05s 74MB C:/Users/Christopher/AppData/Local/UnrealEngine/4.19/DerivedDataCache/Boot.ddc.
[2018.05.20-16.53.14:558][  0]LogDerivedDataCache: Display: Loaded Boot cache: C:/Users/Christopher/AppData/Local/UnrealEngine/4.19/DerivedDataCache/Boot.ddc
[2018.05.20-16.53.14:558][  0]LogDerivedDataCache: FDerivedDataBackendGraph:  Pak pak cache file C:/Users/Christopher/Documents/Unreal Projects/PioneerSpiritGameJam/DerivedDataCache/DDC.ddp not found, will not use a pak cache.
[2018.05.20-16.53.14:558][  0]LogDerivedDataCache: Unable to find inner node Pak for hierarchical cache Hierarchy.
[2018.05.20-16.53.14:558][  0]LogDerivedDataCache: FDerivedDataBackendGraph:  CompressedPak pak cache file C:/Users/Christopher/Documents/Unreal Projects/PioneerSpiritGameJam/DerivedDataCache/Compressed.ddp not found, will not use a pak cache.
[2018.05.20-16.53.14:558][  0]LogDerivedDataCache: Unable to find inner node CompressedPak for hierarchical cache Hierarchy.
[2018.05.20-16.53.14:571][  0]LogDerivedDataCache: Display: Pak cache opened for reading ../../../Engine/DerivedDataCache/Compressed.ddp.
[2018.05.20-16.53.14:583][  0]LogDerivedDataCache: Using Local data cache path C:/Users/Christopher/AppData/Local/UnrealEngine/Common/DerivedDataCache: Writable
[2018.05.20-16.53.14:583][  0]LogDerivedDataCache: Shared data cache path not found in *engine.ini, will not use an Shared cache.
[2018.05.20-16.53.14:583][  0]LogDerivedDataCache: Unable to find inner node Shared for hierarchical cache Hierarchy.
[2018.05.20-16.53.14:592][  0]LogMaterial: Verifying Global Shaders for PCD3D_SM5
[2018.05.20-16.53.14:593][  0]LogSlate: Using Freetype 2.6.0
[2018.05.20-16.53.14:593][  0]LogSlate: SlateFontCache - WITH_FREETYPE: 1, WITH_HARFBUZZ: 1
[2018.05.20-16.53.14:593][  0]LogSlate: SlateFontCache - WITH_FREETYPE: 1, WITH_HARFBUZZ: 1
[2018.05.20-16.53.14:687][  0]LogAssetRegistry: FAssetRegistry took 0.0245 seconds to start up
[2018.05.20-16.53.14:951][  0]LogAssetRegistry: Error: Failed to open file for write C:/Users/Christopher/Documents/Unreal Projects/PioneerSpiritGameJam/Intermediate/CachedAssetRegistry.bin
[2018.05.20-16.53.14:951][  0]LogInit: Selected Device Profile: [Windows]
[2018.05.20-16.53.15:063][  0]LogSimplygon: Simplygon DLL not present - disabling.
[2018.05.20-16.53.15:065][  0]LogMeshReduction: Using SimplygonSwarm for distributed automatic mesh merging
[2018.05.20-16.53.15:065][  0]LogMeshReduction: Using QuadricMeshReduction for automatic static mesh reduction
[2018.05.20-16.53.15:065][  0]LogMeshReduction: No automatic skeletal mesh reduction module available
[2018.05.20-16.53.15:065][  0]LogMeshReduction: No automatic mesh merging module available
[2018.05.20-16.53.15:065][  0]LogMeshMerging: No automatic mesh merging module available
[2018.05.20-16.53.15:085][  0]LogNetVersion: PioneerSpiritGameJam , NetCL: 3944462, EngineNetVer: 2, GameNetVer: 0 (Checksum: 1391150865)
[2018.05.20-16.53.15:443][  0]LogPackageLocalizationCache: Processed 9 localized package path(s) for 2 prioritized culture(s) in 0.090045 seconds
[2018.05.20-16.53.15:447][  0]LogUObjectArray: 36728 objects as part of root set at end of initial load.
[2018.05.20-16.53.15:448][  0]LogUObjectAllocator: 7314312 out of 0 bytes used by permanent object pool.
[2018.05.20-16.53.15:448][  0]LogUObjectArray: CloseDisregardForGC: 0/0 objects in disregard for GC pool
[2018.05.20-16.53.16:673][  0]LogTcpMessaging: Initializing TcpMessaging bridge
[2018.05.20-16.53.16:695][  0]LogUdpMessaging: Initializing bridge on interface 0.0.0.0:0 to multicast group 230.0.0.1:6666.
[2018.05.20-16.53.16:946][  0]SourceControl: Source control is disabled
[2018.05.20-16.53.16:946][  0]SourceControl: Source control is disabled
[2018.05.20-16.53.16:957][  0]SourceControl: Source control is disabled
[2018.05.20-16.53.16:968][  0]SourceControl: Source control is disabled
[2018.05.20-16.53.17:317][  0]LogAndroidPermission: UAndroidPermissionCallbackProxy::GetInstance
[2018.05.20-16.53.17:418][  0]LogOcInput: OculusInput pre-init called
[2018.05.20-16.53.17:496][  0]LogEngine: Initializing Engine...
[2018.05.20-16.53.17:497][  0]LogHMD: Failed to initialize OpenVR with code 110
[2018.05.20-16.53.17:498][  0]LogStats: UGameplayTagsManager::ConstructGameplayTagTree: Construct from data asset -  0.000 s
[2018.05.20-16.53.17:498][  0]LogStats: UGameplayTagsManager::ConstructGameplayTagTree: GameplayTagTreeChangedEvent.Broadcast -  0.000 s
[2018.05.20-16.53.17:670][  0]LogAIModule: Creating AISystem for world Untitled
[2018.05.20-16.53.17:680][  0]LogInit: XAudio2 using 'Speakers (Realtek High Definition Audio)' : 2 channels at 48 kHz using 32 bits per sample (channel mask 0x3)
[2018.05.20-16.53.17:729][  0]LogInit: FAudioDevice initialized.
[2018.05.20-16.53.17:848][  0]LogDerivedDataCache: Saved boot cache 0.12s 74MB C:/Users/Christopher/AppData/Local/UnrealEngine/4.19/DerivedDataCache/Boot.ddc.
[2018.05.20-16.53.17:855][  0]LogInit: Texture streaming: Enabled
[2018.05.20-16.53.17:869][  0]LogEngineSessionManager: EngineSessionManager initialized
[2018.05.20-16.53.17:869][  0]LogEngineSessionManager: EngineSessionManager sent abnormal shutdown report. Type=Crashed, SessionId={71BF9904-4AEB-473E-F2ED-23A999099526}
[2018.05.20-16.53.17:879][  0]LogInit: Transaction tracking system initialized
[2018.05.20-16.53.17:897][  0]BlueprintLog: New page: Editor Load
[2018.05.20-16.53.17:950][  0]LocalizationService: Localization service is disabled
[2018.05.20-16.53.18:028][  0]LogConsoleResponse: Display: 
[2018.05.20-16.53.18:139][  0]LogCook: Display: Max memory allowance for cook 16384mb min free memory 0mb
[2018.05.20-16.53.18:139][  0]LogCook: Display: Mobile HDR setting 1
[2018.05.20-16.53.18:139][  0]LogGameplayTags: Display: UGameplayTagsManager::DoneAddingNativeTags. DelegateIsBound: 0
[2018.05.20-16.53.18:139][  0]LogStats: UGameplayTagsManager::ConstructGameplayTagTree: Construct from data asset -  0.000 s
[2018.05.20-16.53.18:139][  0]LogStats: UGameplayTagsManager::ConstructGameplayTagTree: GameplayTagTreeChangedEvent.Broadcast -  0.000 s
[2018.05.20-16.53.18:377][  0]LogFileCache: Scanning file cache for directory 'C:/Users/Christopher/Documents/Unreal Projects/PioneerSpiritGameJam/Content/' took 0.02s
[2018.05.20-16.53.18:377][  0]SourceControl: Source control is disabled
[2018.05.20-16.53.18:377][  0]Cmd: MAP LOAD FILE="C:/Users/Christopher/Documents/Unreal Projects/PioneerSpiritGameJam/Content/FlyingBP/Maps/FlyingExampleMap.umap" TEMPLATE=0 SHOWPROGRESS=1 FEATURELEVEL=3
[2018.05.20-16.53.18:378][  0]LightingResults: New page: Lighting Build
[2018.05.20-16.53.18:379][  0]MapCheck: New page: Map Check
[2018.05.20-16.53.18:379][  0]LightingResults: New page: Lighting Build
[2018.05.20-16.53.18:466][  0]LogUObjectGlobals: Created PersistentFrame Addr=0x0000021a5b587000, Size=992, Default__ShipPawn_C Function /Game/FlyingBP/Blueprints/ShipPawn.ShipPawn_C:ExecuteUbergraph_ShipPawn
[2018.05.20-16.53.18:476][  0]LogUObjectGlobals: Destroyed PersistentFrame Addr=0x0000021a5b587000, Size=992
[2018.05.20-16.53.18:476][  0]LogUObjectGlobals: Created PersistentFrame Addr=0x0000021a5b587000, Size=992, Default__ShipPawn_C Function /Engine/Transient.REINST_ShipPawn_C_5:ExecuteUbergraph_ShipPawn
[2018.05.20-16.53.18:484][  0]LogUObjectGlobals: Created PersistentFrame Addr=0x0000021a64b47800, Size=992, Default__ShipPawn_C Function /Game/FlyingBP/Blueprints/ShipPawn.ShipPawn_C:ExecuteUbergraph_ShipPawn
[2018.05.20-16.53.18:635][  0]LogAIModule: Creating AISystem for world FlyingExampleMap
[2018.05.20-16.53.18:641][  0]LogEditorServer: Finished looking for orphan Actors (0.000 secs)
[2018.05.20-16.53.18:652][  0]LogUObjectGlobals: Destroyed PersistentFrame Addr=0x0000021a5b587000, Size=992
[2018.05.20-16.53.18:654][  0]Cmd: MAP CHECKDEP NOCLEARLOG
[2018.05.20-16.53.18:685][  0]MapCheck: Map check complete: 0 Error(s), 0 Warning(s), took 31.512ms to complete.
[2018.05.20-16.53.18:685][  0]LogFileHelpers: Loading map 'FlyingExampleMap' took 0.308
[2018.05.20-16.53.18:797][  0]LogCollectionManager: Loaded 0 collections in 0.001621 seconds
[2018.05.20-16.53.18:834][  0]LogFileCache: Scanning file cache for directory 'C:/Users/Christopher/Documents/Unreal Projects/PioneerSpiritGameJam/Saved/Collections/' took 0.01s
[2018.05.20-16.53.18:834][  0]LogFileCache: Scanning file cache for directory 'C:/Users/Christopher/Documents/Unreal Projects/PioneerSpiritGameJam/Content/Developers/Christopher/Collections/' took 0.01s
[2018.05.20-16.53.18:834][  0]LogFileCache: Scanning file cache for directory 'C:/Users/Christopher/Documents/Unreal Projects/PioneerSpiritGameJam/Content/Collections/' took 0.01s
[2018.05.20-16.53.18:834][  0]LogCollectionManager: Rebuilt the GUID cache for 0 collections in 0.000000 seconds
[2018.05.20-16.53.18:842][  0]LogContentBrowser: Native class hierarchy populated in 0.0071 seconds. Added 2452 classes and 558 folders.
[2018.05.20-16.53.18:846][  0]LogContentBrowser: Native class hierarchy updated for 'WidgetCarousel' in 0.0002 seconds. Added 0 classes and 0 folders.
[2018.05.20-16.53.18:877][  0]LogContentBrowser: Native class hierarchy updated for 'AddContentDialog' in 0.0002 seconds. Added 0 classes and 0 folders.
[2018.05.20-16.53.18:881][  0]LogContentBrowser: Native class hierarchy updated for 'SceneOutliner' in 0.0002 seconds. Added 1 classes and 2 folders.
[2018.05.20-16.53.18:895][  0]LogSlate: Took 0.000198 seconds to synchronously load lazily loaded font '../../../Engine/Content/Slate/Fonts/Roboto-Regular.ttf' (155K)
[2018.05.20-16.53.18:897][  0]LogSlate: Took 0.000194 seconds to synchronously load lazily loaded font '../../../Engine/Content/Slate/Fonts/Roboto-Bold.ttf' (160K)
[2018.05.20-16.53.18:902][  0]LogSlate: Took 0.000140 seconds to synchronously load lazily loaded font '../../../Engine/Content/Editor/Slate/Fonts/FontAwesome.ttf' (139K)
[2018.05.20-16.53.18:979][  0]LogRenderer: Reallocating scene render targets to support 1616x812 Format 10 NumSamples 1 (Frame:1).
[2018.05.20-16.53.19:105][  0]LogContentBrowser: Native class hierarchy updated for 'HierarchicalLODOutliner' in 0.0002 seconds. Added 0 classes and 0 folders.
[2018.05.20-16.53.19:105][  0]LogLoad: (Engine Initialization) Total time: 7.99 seconds
[2018.05.20-16.53.19:105][  0]LogLoad: (Engine Initialization) Total Blueprint compile time: 0.00 seconds
[2018.05.20-16.53.19:464][  0]LogContentStreaming: Texture pool size now 1000 MB
[2018.05.20-16.53.19:789][  1]LogAssetRegistry: Asset discovery search completed in 5.1231 seconds
[2018.05.20-16.53.19:791][  1]LogCollectionManager: Rebuilt the object cache for 0 collections in 0.000000 seconds (found 0 objects)
[2018.05.20-16.53.19:791][  1]LogCollectionManager: Fixed up redirectors for 0 collections in 0.000055 seconds (updated 0 objects)
[2018.05.20-16.53.20:447][  3]LogSlate: Took 0.000231 seconds to synchronously load lazily loaded font '../../../Engine/Content/Slate/Fonts/Roboto-Light.ttf' (167K)
[2018.05.20-16.53.23:119][ 12]LogSlate: FSceneViewport::OnFocusLost() reason 0
[2018.05.20-16.53.23:395][ 19]LogContentBrowser: Native class hierarchy updated for 'BlueprintGraph' in 0.0005 seconds. Added 116 classes and 0 folders.
[2018.05.20-16.53.23:623][ 19]LogUObjectGlobals: Created PersistentFrame Addr=0x0000021a30e95ef0, Size=4, Default__SKEL_PROTO_BP_AnimBlueprint_0_C Function /Engine/Transient.SKEL_PROTO_BP_AnimBlueprint_0_C:ExecuteUbergraph_PROTO_BP_AnimBlueprint_0
[2018.05.20-16.53.23:623][ 19]LogUObjectGlobals: Created PersistentFrame Addr=0x0000021a30e95ee8, Size=4, Default__PROTO_BP_AnimBlueprint_0_C Function /Engine/Transient.PROTO_BP_AnimBlueprint_0_C:ExecuteUbergraph_PROTO_BP_AnimBlueprint_0
[2018.05.20-16.53.23:952][ 19]LogSlate: Took 0.000195 seconds to synchronously load lazily loaded font '../../../Engine/Content/Slate/Fonts/Roboto-BoldCondensed.ttf' (158K)
[2018.05.20-16.53.24:274][ 20]LogSlate: Took 0.000176 seconds to synchronously load lazily loaded font '../../../Engine/Content/Slate/Fonts/Roboto-Italic.ttf' (157K)
[2018.05.20-16.53.34:633][ 13]BlueprintLog: New page: Compile ShipPawn
[2018.05.20-16.53.34:673][ 13]LogUObjectGlobals: Destroyed PersistentFrame Addr=0x0000021a64b47800, Size=992
[2018.05.20-16.53.34:673][ 13]LogUObjectGlobals: Created PersistentFrame Addr=0x0000021a00f46800, Size=992, Default__ShipPawn_C Function /Engine/Transient.REINST_ShipPawn_C_23:ExecuteUbergraph_ShipPawn
[2018.05.20-16.53.34:680][ 13]LogUObjectGlobals: Created PersistentFrame Addr=0x0000021a00f47c00, Size=992, Default__ShipPawn_C Function /Game/FlyingBP/Blueprints/ShipPawn.ShipPawn_C:ExecuteUbergraph_ShipPawn
[2018.05.20-16.53.35:491][ 45]Cmd: OBJ SAVEPACKAGE PACKAGE="/Game/FlyingBP/Blueprints/ShipPawn" FILE="C:/Users/Christopher/Documents/Unreal Projects/PioneerSpiritGameJam/Content/FlyingBP/Blueprints/ShipPawn.uasset" SILENT=true
[2018.05.20-16.53.35:564][ 45]LogSavePackage: Save=70.81ms
[2018.05.20-16.53.35:564][ 45]LogSavePackage: Moving 'C:/Users/Christopher/Documents/Unreal Projects/PioneerSpiritGameJam/Saved/ShipPawnB85EA606476FFEA604615AB5FA74DDB2.tmp' to 'C:/Users/Christopher/Documents/Unreal Projects/PioneerSpiritGameJam/Content/FlyingBP/Blueprints/ShipPawn.uasset'
[2018.05.20-16.53.35:566][ 45]LogSavePackage: Display: Finished SavePackage C:/Users/Christopher/Documents/Unreal Projects/PioneerSpiritGameJam/Content/FlyingBP/Blueprints/ShipPawn.uasset
[2018.05.20-16.53.36:170][107]LogSlate: FSceneViewport::OnFocusLost() reason 2
[2018.05.20-16.53.37:015][197]LogSlate: FSceneViewport::OnFocusLost() reason 0
[2018.05.20-16.53.37:081][205]LogTemp: Repeating last play command: Selected Viewport
[2018.05.20-16.53.37:103][205]LogBlueprintUserMessages: Early PlayInEditor Detection: Level '/Game/FlyingBP/Maps/FlyingExampleMap.FlyingExampleMap:PersistentLevel' has LevelScriptBlueprint '/Game/FlyingBP/Maps/FlyingExampleMap.FlyingExampleMap:PersistentLevel.FlyingExampleMap' with GeneratedClass '/Game/FlyingBP/Maps/FlyingExampleMap.FlyingExampleMap_C' with ClassGeneratedBy '/Game/FlyingBP/Maps/FlyingExampleMap.FlyingExampleMap:PersistentLevel.FlyingExampleMap'
[2018.05.20-16.53.37:103][205]LogPlayLevel: PlayLevel: No blueprints needed recompiling
[2018.05.20-16.53.37:104][205]PIE: New page: PIE session: FlyingExampleMap (May 20, 2018, 8:53:37 AM)
[2018.05.20-16.53.37:104][205]LogPlayLevel: Creating play world package: /Game/FlyingBP/Maps/UEDPIE_0_FlyingExampleMap
[2018.05.20-16.53.37:120][205]LogPlayLevel: PIE: StaticDuplicateObject took: (0.016565s)
[2018.05.20-16.53.37:121][205]LogAIModule: Creating AISystem for world FlyingExampleMap
[2018.05.20-16.53.37:121][205]LogPlayLevel: PIE: World Init took: (0.000761s)
[2018.05.20-16.53.37:121][205]LogPlayLevel: PIE: Created PIE world by copying editor world from /Game/FlyingBP/Maps/FlyingExampleMap.FlyingExampleMap to /Game/FlyingBP/Maps/UEDPIE_0_FlyingExampleMap.FlyingExampleMap (0.017510s)
[2018.05.20-16.53.37:144][205]LogInit: XAudio2 using 'Speakers (Realtek High Definition Audio)' : 2 channels at 48 kHz using 32 bits per sample (channel mask 0x3)
[2018.05.20-16.53.37:193][205]LogInit: FAudioDevice initialized.
[2018.05.20-16.53.37:236][205]LogLoad: Game class is 'CustomGameMode_C'
[2018.05.20-16.53.37:238][205]LogWorld: Bringing World /Game/FlyingBP/Maps/UEDPIE_0_FlyingExampleMap.FlyingExampleMap up for play (max tick rate 0) at 2018.05.20-12.53.37
[2018.05.20-16.53.37:238][205]LogWorld: Bringing up level for play took: 0.000998
[2018.05.20-16.53.37:242][205]LogContentBrowser: Native class hierarchy updated for 'MovieSceneCapture' in 0.0002 seconds. Added 11 classes and 0 folders.
[2018.05.20-16.53.37:243][205]PIE: Play in editor start time for /Game/FlyingBP/Maps/UEDPIE_0_FlyingExampleMap 0.229
[2018.05.20-16.53.37:243][205]LogBlueprintUserMessages: Late PlayInEditor Detection: Level '/Game/FlyingBP/Maps/FlyingExampleMap.FlyingExampleMap:PersistentLevel' has LevelScriptBlueprint '/Game/FlyingBP/Maps/FlyingExampleMap.FlyingExampleMap:PersistentLevel.FlyingExampleMap' with GeneratedClass '/Game/FlyingBP/Maps/FlyingExampleMap.FlyingExampleMap_C' with ClassGeneratedBy '/Game/FlyingBP/Maps/FlyingExampleMap.FlyingExampleMap:PersistentLevel.FlyingExampleMap'
[2018.05.20-16.53.37:784][267]LogBlueprintUserMessages: [FlyingPawn_297] CooldownTriggered
[2018.05.20-16.53.40:776][626]LogBlueprintUserMessages: [FlyingPawn_297] CooldownFinished
[2018.05.20-16.53.42:026][776]LogBlueprintUserMessages: [FlyingPawn_297] CooldownTriggered
[2018.05.20-16.53.45:018][135]LogBlueprintUserMessages: [FlyingPawn_297] CooldownFinished
[2018.05.20-16.53.46:461][308]LogBlueprintUserMessages: Early EndPlayMap Detection: Level '/Game/FlyingBP/Maps/FlyingExampleMap.FlyingExampleMap:PersistentLevel' has LevelScriptBlueprint '/Game/FlyingBP/Maps/FlyingExampleMap.FlyingExampleMap:PersistentLevel.FlyingExampleMap' with GeneratedClass '/Game/FlyingBP/Maps/FlyingExampleMap.FlyingExampleMap_C' with ClassGeneratedBy '/Game/FlyingBP/Maps/FlyingExampleMap.FlyingExampleMap:PersistentLevel.FlyingExampleMap'
[2018.05.20-16.53.46:497][308]LogBlueprintUserMessages: Late EndPlayMap Detection: Level '/Game/FlyingBP/Maps/FlyingExampleMap.FlyingExampleMap:PersistentLevel' has LevelScriptBlueprint '/Game/FlyingBP/Maps/FlyingExampleMap.FlyingExampleMap:PersistentLevel.FlyingExampleMap' with GeneratedClass '/Game/FlyingBP/Maps/FlyingExampleMap.FlyingExampleMap_C' with ClassGeneratedBy '/Game/FlyingBP/Maps/FlyingExampleMap.FlyingExampleMap:PersistentLevel.FlyingExampleMap'
[2018.05.20-16.53.49:144][427]LogSlate: FSceneViewport::OnFocusLost() reason 2
[2018.05.20-16.54.17:476][539]BlueprintLog: New page: Compile ShipPawn
[2018.05.20-16.54.17:536][539]LogUObjectGlobals: Destroyed PersistentFrame Addr=0x0000021a00f47c00, Size=992
[2018.05.20-16.54.17:536][539]LogUObjectGlobals: Created PersistentFrame Addr=0x0000021a16501c00, Size=992, ShipPawn_C_34 Function /Engine/Transient.REINST_ShipPawn_C_27:ExecuteUbergraph_ShipPawn
[2018.05.20-16.54.17:547][539]LogUObjectGlobals: Created PersistentFrame Addr=0x0000021a16489d00, Size=1160, Default__ShipPawn_C Function /Game/FlyingBP/Blueprints/ShipPawn.ShipPawn_C:ExecuteUbergraph_ShipPawn
[2018.05.20-16.54.18:592][573]Cmd: OBJ SAVEPACKAGE PACKAGE="/Game/FlyingBP/Blueprints/ShipPawn" FILE="C:/Users/Christopher/Documents/Unreal Projects/PioneerSpiritGameJam/Content/FlyingBP/Blueprints/ShipPawn.uasset" SILENT=true
[2018.05.20-16.54.18:690][573]LogSavePackage: Save=94.83ms
[2018.05.20-16.54.18:690][573]LogSavePackage: Moving 'C:/Users/Christopher/Documents/Unreal Projects/PioneerSpiritGameJam/Saved/ShipPawn519BBE814A2D33AF3707D98697251A8D.tmp' to 'C:/Users/Christopher/Documents/Unreal Projects/PioneerSpiritGameJam/Content/FlyingBP/Blueprints/ShipPawn.uasset'
[2018.05.20-16.54.18:692][573]LogSavePackage: Display: Finished SavePackage C:/Users/Christopher/Documents/Unreal Projects/PioneerSpiritGameJam/Content/FlyingBP/Blueprints/ShipPawn.uasset
[2018.05.20-16.54.19:480][645]LogSlate: FSceneViewport::OnFocusLost() reason 0
[2018.05.20-16.54.42:789][525]BlueprintLog: New page: Compile ShipPawn
[2018.05.20-16.54.42:850][525]LogUObjectGlobals: Destroyed PersistentFrame Addr=0x0000021a16489d00, Size=1160
[2018.05.20-16.54.42:850][525]LogUObjectGlobals: Created PersistentFrame Addr=0x0000021a840ef900, Size=1160, ShipPawn_C_68 Function /Engine/Transient.REINST_ShipPawn_C_31:ExecuteUbergraph_ShipPawn
[2018.05.20-16.54.42:860][525]LogUObjectGlobals: Created PersistentFrame Addr=0x0000021a82963200, Size=1160, Default__ShipPawn_C Function /Game/FlyingBP/Blueprints/ShipPawn.ShipPawn_C:ExecuteUbergraph_ShipPawn
[2018.05.20-16.54.43:108][525]LogUObjectGlobals: Destroyed PersistentFrame Addr=0x0000021a16501c00, Size=992
[2018.05.20-16.54.48:778][987]Cmd: OBJ SAVEPACKAGE PACKAGE="/Game/FlyingBP/Blueprints/ShipPawn" FILE="C:/Users/Christopher/Documents/Unreal Projects/PioneerSpiritGameJam/Content/FlyingBP/Blueprints/ShipPawn.uasset" SILENT=true
[2018.05.20-16.54.48:872][987]LogSavePackage: Save=90.95ms
[2018.05.20-16.54.48:872][987]LogSavePackage: Moving 'C:/Users/Christopher/Documents/Unreal Projects/PioneerSpiritGameJam/Saved/ShipPawnDA7BC7144A53A458C12C6E97C6AE7E39.tmp' to 'C:/Users/Christopher/Documents/Unreal Projects/PioneerSpiritGameJam/Content/FlyingBP/Blueprints/ShipPawn.uasset'
[2018.05.20-16.54.48:873][987]LogSavePackage: Display: Finished SavePackage C:/Users/Christopher/Documents/Unreal Projects/PioneerSpiritGameJam/Content/FlyingBP/Blueprints/ShipPawn.uasset
[2018.05.20-16.54.49:227][ 17]LogSlate: FSceneViewport::OnFocusLost() reason 0
[2018.05.20-16.54.49:283][ 22]BlueprintLog: New page: Compile ShipPawn
[2018.05.20-16.54.49:338][ 22]LogUObjectGlobals: Destroyed PersistentFrame Addr=0x0000021a82963200, Size=1160
[2018.05.20-16.54.49:338][ 22]LogUObjectGlobals: Created PersistentFrame Addr=0x0000021a1c184100, Size=1160, ShipPawn_C_102 Function /Engine/Transient.REINST_ShipPawn_C_35:ExecuteUbergraph_ShipPawn
[2018.05.20-16.54.49:351][ 22]LogUObjectGlobals: Created PersistentFrame Addr=0x0000021a2ed8e400, Size=1160, Default__ShipPawn_C Function /Game/FlyingBP/Blueprints/ShipPawn.ShipPawn_C:ExecuteUbergraph_ShipPawn
[2018.05.20-16.54.49:592][ 22]LogUObjectGlobals: Destroyed PersistentFrame Addr=0x0000021a840ef900, Size=1160
[2018.05.20-16.54.55:452][465]BlueprintLog: New page: Compile ShipPawn
[2018.05.20-16.54.55:507][465]LogUObjectGlobals: Destroyed PersistentFrame Addr=0x0000021a2ed8e400, Size=1160
[2018.05.20-16.54.55:507][465]LogUObjectGlobals: Created PersistentFrame Addr=0x0000021a839e9600, Size=1160, ShipPawn_C_136 Function /Engine/Transient.REINST_ShipPawn_C_39:ExecuteUbergraph_ShipPawn
[2018.05.20-16.54.55:517][465]LogUObjectGlobals: Created PersistentFrame Addr=0x0000021a841df200, Size=1160, Default__ShipPawn_C Function /Game/FlyingBP/Blueprints/ShipPawn.ShipPawn_C:ExecuteUbergraph_ShipPawn
[2018.05.20-16.54.55:756][465]LogUObjectGlobals: Destroyed PersistentFrame Addr=0x0000021a1c184100, Size=1160
[2018.05.20-16.54.56:539][496]Cmd: OBJ SAVEPACKAGE PACKAGE="/Game/FlyingBP/Blueprints/ShipPawn" FILE="C:/Users/Christopher/Documents/Unreal Projects/PioneerSpiritGameJam/Content/FlyingBP/Blueprints/ShipPawn.uasset" SILENT=true
[2018.05.20-16.54.56:634][496]LogSavePackage: Save=92.84ms
[2018.05.20-16.54.56:634][496]LogSavePackage: Moving 'C:/Users/Christopher/Documents/Unreal Projects/PioneerSpiritGameJam/Saved/ShipPawnB9E634D64C0D9502AD2A77B35419C38D.tmp' to 'C:/Users/Christopher/Documents/Unreal Projects/PioneerSpiritGameJam/Content/FlyingBP/Blueprints/ShipPawn.uasset'
[2018.05.20-16.54.56:636][496]LogSavePackage: Display: Finished SavePackage C:/Users/Christopher/Documents/Unreal Projects/PioneerSpiritGameJam/Content/FlyingBP/Blueprints/ShipPawn.uasset
[2018.05.20-16.54.57:005][527]LogSlate: FSceneViewport::OnFocusLost() reason 0
[2018.05.20-16.55.00:767][775]BlueprintLog: New page: Compile ShipPawn
[2018.05.20-16.55.00:821][775]LogUObjectGlobals: Destroyed PersistentFrame Addr=0x0000021a841df200, Size=1160
[2018.05.20-16.55.00:821][775]LogUObjectGlobals: Created PersistentFrame Addr=0x0000021a819e6b00, Size=1160, ShipPawn_C_170 Function /Engine/Transient.REINST_ShipPawn_C_43:ExecuteUbergraph_ShipPawn
[2018.05.20-16.55.00:832][775]LogUObjectGlobals: Created PersistentFrame Addr=0x0000021a850cc100, Size=1160, Default__ShipPawn_C Function /Game/FlyingBP/Blueprints/ShipPawn.ShipPawn_C:ExecuteUbergraph_ShipPawn
[2018.05.20-16.55.01:062][775]LogUObjectGlobals: Destroyed PersistentFrame Addr=0x0000021a839e9600, Size=1160
[2018.05.20-16.55.01:856][799]Cmd: OBJ SAVEPACKAGE PACKAGE="/Game/FlyingBP/Blueprints/ShipPawn" FILE="C:/Users/Christopher/Documents/Unreal Projects/PioneerSpiritGameJam/Content/FlyingBP/Blueprints/ShipPawn.uasset" SILENT=true
[2018.05.20-16.55.01:951][799]LogSavePackage: Save=92.92ms
[2018.05.20-16.55.01:951][799]LogSavePackage: Moving 'C:/Users/Christopher/Documents/Unreal Projects/PioneerSpiritGameJam/Saved/ShipPawnAD501ECA482EF950AC58F19019EB4332.tmp' to 'C:/Users/Christopher/Documents/Unreal Projects/PioneerSpiritGameJam/Content/FlyingBP/Blueprints/ShipPawn.uasset'
[2018.05.20-16.55.01:952][799]LogSavePackage: Display: Finished SavePackage C:/Users/Christopher/Documents/Unreal Projects/PioneerSpiritGameJam/Content/FlyingBP/Blueprints/ShipPawn.uasset
[2018.05.20-16.55.02:611][836]LogSlate: FSceneViewport::OnFocusLost() reason 0
[2018.05.20-16.55.06:826][111]BlueprintLog: New page: Compile ShipPawn
[2018.05.20-16.55.06:881][111]LogUObjectGlobals: Destroyed PersistentFrame Addr=0x0000021a850cc100, Size=1160
[2018.05.20-16.55.06:881][111]LogUObjectGlobals: Created PersistentFrame Addr=0x0000021a81e33200, Size=1160, ShipPawn_C_204 Function /Engine/Transient.REINST_ShipPawn_C_47:ExecuteUbergraph_ShipPawn
[2018.05.20-16.55.06:891][111]LogUObjectGlobals: Created PersistentFrame Addr=0x0000021a850cc100, Size=1160, Default__ShipPawn_C Function /Game/FlyingBP/Blueprints/ShipPawn.ShipPawn_C:ExecuteUbergraph_ShipPawn
[2018.05.20-16.55.07:147][111]LogUObjectGlobals: Destroyed PersistentFrame Addr=0x0000021a819e6b00, Size=1160
[2018.05.20-16.55.07:576][112]Cmd: OBJ SAVEPACKAGE PACKAGE="/Game/FlyingBP/Blueprints/ShipPawn" FILE="C:/Users/Christopher/Documents/Unreal Projects/PioneerSpiritGameJam/Content/FlyingBP/Blueprints/ShipPawn.uasset" SILENT=true
[2018.05.20-16.55.07:679][112]LogSavePackage: Save=100.72ms
[2018.05.20-16.55.07:679][112]LogSavePackage: Moving 'C:/Users/Christopher/Documents/Unreal Projects/PioneerSpiritGameJam/Saved/ShipPawn85E422F644C0EE692E1F928FE3247B9F.tmp' to 'C:/Users/Christopher/Documents/Unreal Projects/PioneerSpiritGameJam/Content/FlyingBP/Blueprints/ShipPawn.uasset'
[2018.05.20-16.55.07:681][112]LogSavePackage: Display: Finished SavePackage C:/Users/Christopher/Documents/Unreal Projects/PioneerSpiritGameJam/Content/FlyingBP/Blueprints/ShipPawn.uasset
[2018.05.20-16.55.07:744][115]LogSlate: FSceneViewport::OnFocusLost() reason 0
[2018.05.20-16.55.07:815][119]Cmd: OBJ SAVEPACKAGE PACKAGE="/Game/FlyingBP/Blueprints/ShipPawn" FILE="C:/Users/Christopher/Documents/Unreal Projects/PioneerSpiritGameJam/Content/FlyingBP/Blueprints/ShipPawn.uasset" SILENT=true
[2018.05.20-16.55.07:902][119]LogSavePackage: Save=84.97ms
[2018.05.20-16.55.07:902][119]LogSavePackage: Moving 'C:/Users/Christopher/Documents/Unreal Projects/PioneerSpiritGameJam/Saved/ShipPawn8A2F170347E6D4F432ADA1870099552C.tmp' to 'C:/Users/Christopher/Documents/Unreal Projects/PioneerSpiritGameJam/Content/FlyingBP/Blueprints/ShipPawn.uasset'
[2018.05.20-16.55.07:904][119]LogSavePackage: Display: Finished SavePackage C:/Users/Christopher/Documents/Unreal Projects/PioneerSpiritGameJam/Content/FlyingBP/Blueprints/ShipPawn.uasset
[2018.05.20-16.55.08:549][162]LogSlate: FSceneViewport::OnFocusLost() reason 0
[2018.05.20-16.55.09:297][247]LogSlate: FSceneViewport::OnFocusLost() reason 0
[2018.05.20-16.55.09:371][256]LogTemp: Repeating last play command: Selected Viewport
[2018.05.20-16.55.09:398][256]LogBlueprintUserMessages: Early PlayInEditor Detection: Level '/Game/FlyingBP/Maps/FlyingExampleMap.FlyingExampleMap:PersistentLevel' has LevelScriptBlueprint '/Game/FlyingBP/Maps/FlyingExampleMap.FlyingExampleMap:PersistentLevel.FlyingExampleMap' with GeneratedClass '/Game/FlyingBP/Maps/FlyingExampleMap.FlyingExampleMap_C' with ClassGeneratedBy '/Game/FlyingBP/Maps/FlyingExampleMap.FlyingExampleMap:PersistentLevel.FlyingExampleMap'
[2018.05.20-16.55.09:398][256]LogPlayLevel: PlayLevel: No blueprints needed recompiling
[2018.05.20-16.55.09:398][256]PIE: New page: PIE session: FlyingExampleMap (May 20, 2018, 8:55:09 AM)
[2018.05.20-16.55.09:398][256]LogPlayLevel: Creating play world package: /Game/FlyingBP/Maps/UEDPIE_0_FlyingExampleMap
[2018.05.20-16.55.09:408][256]LogPlayLevel: PIE: StaticDuplicateObject took: (0.010139s)
[2018.05.20-16.55.09:409][256]LogAIModule: Creating AISystem for world FlyingExampleMap
[2018.05.20-16.55.09:409][256]LogPlayLevel: PIE: World Init took: (0.000757s)
[2018.05.20-16.55.09:409][256]LogPlayLevel: PIE: Created PIE world by copying editor world from /Game/FlyingBP/Maps/FlyingExampleMap.FlyingExampleMap to /Game/FlyingBP/Maps/UEDPIE_0_FlyingExampleMap.FlyingExampleMap (0.011061s)
[2018.05.20-16.55.09:426][256]LogUObjectGlobals: Destroyed PersistentFrame Addr=0x0000021a81e33200, Size=1160
[2018.05.20-16.55.09:432][256]LogInit: XAudio2 using 'Speakers (Realtek High Definition Audio)' : 2 channels at 48 kHz using 32 bits per sample (channel mask 0x3)
[2018.05.20-16.55.09:480][256]LogInit: FAudioDevice initialized.
[2018.05.20-16.55.09:514][256]LogLoad: Game class is 'CustomGameMode_C'
[2018.05.20-16.55.09:516][256]LogWorld: Bringing World /Game/FlyingBP/Maps/UEDPIE_0_FlyingExampleMap.FlyingExampleMap up for play (max tick rate 0) at 2018.05.20-12.55.09
[2018.05.20-16.55.09:516][256]LogWorld: Bringing up level for play took: 0.000959
[2018.05.20-16.55.09:516][256]PIE: Play in editor start time for /Game/FlyingBP/Maps/UEDPIE_0_FlyingExampleMap 0.503
[2018.05.20-16.55.09:517][256]LogBlueprintUserMessages: Late PlayInEditor Detection: Level '/Game/FlyingBP/Maps/FlyingExampleMap.FlyingExampleMap:PersistentLevel' has LevelScriptBlueprint '/Game/FlyingBP/Maps/FlyingExampleMap.FlyingExampleMap:PersistentLevel.FlyingExampleMap' with GeneratedClass '/Game/FlyingBP/Maps/FlyingExampleMap.FlyingExampleMap_C' with ClassGeneratedBy '/Game/FlyingBP/Maps/FlyingExampleMap.FlyingExampleMap:PersistentLevel.FlyingExampleMap'
[2018.05.20-16.55.10:026][315]LogBlueprintUserMessages: [FlyingPawn_297] CooldownTriggered
[2018.05.20-16.55.13:018][674]LogBlueprintUserMessages: [FlyingPawn_297] CooldownFinished
[2018.05.20-16.55.13:767][764]LogBlueprintUserMessages: [FlyingPawn_297] CooldownTriggered
[2018.05.20-16.55.16:760][123]LogBlueprintUserMessages: [FlyingPawn_297] CooldownFinished
[2018.05.20-16.55.17:176][173]LogBlueprintUserMessages: [FlyingPawn_297] CooldownTriggered
[2018.05.20-16.55.20:168][532]LogBlueprintUserMessages: [FlyingPawn_297] CooldownFinished
[2018.05.20-16.55.20:443][565]LogBlueprintUserMessages: [FlyingPawn_297] CooldownTriggered
[2018.05.20-16.55.23:435][924]LogBlueprintUserMessages: [FlyingPawn_297] CooldownFinished
[2018.05.20-16.55.24:061][999]LogBlueprintUserMessages: Early EndPlayMap Detection: Level '/Game/FlyingBP/Maps/FlyingExampleMap.FlyingExampleMap:PersistentLevel' has LevelScriptBlueprint '/Game/FlyingBP/Maps/FlyingExampleMap.FlyingExampleMap:PersistentLevel.FlyingExampleMap' with GeneratedClass '/Game/FlyingBP/Maps/FlyingExampleMap.FlyingExampleMap_C' with ClassGeneratedBy '/Game/FlyingBP/Maps/FlyingExampleMap.FlyingExampleMap:PersistentLevel.FlyingExampleMap'
[2018.05.20-16.55.24:096][999]LogBlueprintUserMessages: Late EndPlayMap Detection: Level '/Game/FlyingBP/Maps/FlyingExampleMap.FlyingExampleMap:PersistentLevel' has LevelScriptBlueprint '/Game/FlyingBP/Maps/FlyingExampleMap.FlyingExampleMap:PersistentLevel.FlyingExampleMap' with GeneratedClass '/Game/FlyingBP/Maps/FlyingExampleMap.FlyingExampleMap_C' with ClassGeneratedBy '/Game/FlyingBP/Maps/FlyingExampleMap.FlyingExampleMap:PersistentLevel.FlyingExampleMap'
[2018.05.20-16.55.27:540][393]LogSlate: FSceneViewport::OnFocusLost() reason 0
[2018.05.20-16.55.28:468][400]LogSlate: Window 'Save Content' being destroyed
[2018.05.20-16.55.28:624][400]LogFileManager: Error: Error writing to file: C:/Users/Christopher/Documents/Unreal Projects/PioneerSpiritGameJam/Saved/FlyingExampleMap0A309E1D463CEE3CCA751AA2832ED61F.tmp (There is not enough space on the disk.)
[2018.05.20-16.55.28:624][400]LogWindows: Windows GetLastError: The operation completed successfully. (0)
[2018.05.20-16.55.29:054][400]LogWindows: Error: === Critical error: ===
[2018.05.20-16.55.29:054][400]LogWindows: Error: 
[2018.05.20-16.55.29:054][400]LogWindows: Error: Assertion failed: NewPosition <= FileSize [File:D:\Build\++UE4+Release-4.19+Compile\Sync\Engine\Source\Runtime\Core\Private\Windows\WindowsPlatformFile.cpp] [Line: 499] 
[2018.05.20-16.55.29:054][400]LogWindows: Error: 
[2018.05.20-16.55.29:054][400]LogWindows: Error: 
[2018.05.20-16.55.29:054][400]LogWindows: Error: 
[2018.05.20-16.55.29:054][400]LogWindows: Error: [Callstack] 0x00000000F5754008 KERNELBASE.dll!UnknownFunction []
[2018.05.20-16.55.29:054][400]LogWindows: Error: [Callstack] 0x00000000EE077884 UE4Editor-ApplicationCore.dll!UnknownFunction []
[2018.05.20-16.55.29:054][400]LogWindows: Error: [Callstack] 0x00000000D6186D9B UE4Editor-Core.dll!UnknownFunction []
[2018.05.20-16.55.29:054][400]LogWindows: Error: [Callstack] 0x00000000D60C1949 UE4Editor-Core.dll!UnknownFunction []
[2018.05.20-16.55.29:054][400]LogWindows: Error: [Callstack] 0x00000000D636A3E4 UE4Editor-Core.dll!UnknownFunction []
[2018.05.20-16.55.29:054][400]LogWindows: Error: [Callstack] 0x00000000D6010484 UE4Editor-Core.dll!UnknownFunction []
[2018.05.20-16.55.29:054][400]LogWindows: Error: [Callstack] 0x00000000BBD321B5 UE4Editor-CoreUObject.dll!UnknownFunction []
[2018.05.20-16.55.29:054][400]LogWindows: Error: [Callstack] 0x00000000B75C5264 UE4Editor-UnrealEd.dll!UnknownFunction []
[2018.05.20-16.55.29:054][400]LogWindows: Error: [Callstack] 0x00000000B75C5C85 UE4Editor-UnrealEd.dll!UnknownFunction []
[2018.05.20-16.55.29:054][400]LogWindows: Error: [Callstack] 0x00000000B76066DC UE4Editor-UnrealEd.dll!UnknownFunction []
[2018.05.20-16.55.29:054][400]LogWindows: Error: [Callstack] 0x00000000B7603148 UE4Editor-UnrealEd.dll!UnknownFunction []
[2018.05.20-16.55.29:054][400]LogWindows: Error: [Callstack] 0x00000000B7E80489 UE4Editor-UnrealEd.dll!UnknownFunction []
[2018.05.20-16.55.29:054][400]LogWindows: Error: [Callstack] 0x00000000B793B392 UE4Editor-UnrealEd.dll!UnknownFunction []
[2018.05.20-16.55.29:054][400]LogWindows: Error: [Callstack] 0x00000000B7939FDA UE4Editor-UnrealEd.dll!UnknownFunction []
[2018.05.20-16.55.29:054][400]LogWindows: Error: [Callstack] 0x00000000B78FE03B UE4Editor-UnrealEd.dll!UnknownFunction []
[2018.05.20-16.55.29:054][400]LogWindows: Error: [Callstack] 0x00000000B78FCA27 UE4Editor-UnrealEd.dll!UnknownFunction []
[2018.05.20-16.55.29:054][400]LogWindows: Error: [Callstack] 0x00000000B7925462 UE4Editor-UnrealEd.dll!UnknownFunction []
[2018.05.20-16.55.29:054][400]LogWindows: Error: [Callstack] 0x00000000B79396F8 UE4Editor-UnrealEd.dll!UnknownFunction []
[2018.05.20-16.55.29:054][400]LogWindows: Error: [Callstack] 0x00000000A6D8D11A UE4Editor-ContentBrowser.dll!UnknownFunction []
[2018.05.20-16.55.29:054][400]LogWindows: Error: [Callstack] 0x00000000A6E979D6 UE4Editor-ContentBrowser.dll!UnknownFunction []
[2018.05.20-16.55.29:054][400]LogWindows: Error: [Callstack] 0x00000000A6D9AC22 UE4Editor-ContentBrowser.dll!UnknownFunction []
[2018.05.20-16.55.29:054][400]LogWindows: Error: [Callstack] 0x00000000A6DA0219 UE4Editor-ContentBrowser.dll!UnknownFunction []
[2018.05.20-16.55.29:054][400]LogWindows: Error: [Callstack] 0x00000000A6E48A05 UE4Editor-ContentBrowser.dll!UnknownFunction []
[2018.05.20-16.55.29:054][400]LogWindows: Error: [Callstack] 0x00000000B8AAB7F7 UE4Editor-Slate.dll!UnknownFunction []
[2018.05.20-16.55.29:054][400]LogWindows: Error: [Callstack] 0x00000000B8AD19E8 UE4Editor-Slate.dll!UnknownFunction []
[2018.05.20-16.55.29:054][400]LogWindows: Error: [Callstack] 0x00000000B88F485C UE4Editor-Slate.dll!UnknownFunction []
[2018.05.20-16.55.29:054][400]LogWindows: Error: [Callstack] 0x00000000B88C7D75 UE4Editor-Slate.dll!UnknownFunction []
[2018.05.20-16.55.29:054][400]LogWindows: Error: [Callstack] 0x00000000B895F617 UE4Editor-Slate.dll!UnknownFunction []
[2018.05.20-16.55.29:054][400]LogWindows: Error: [Callstack] 0x00000000B8947D0D UE4Editor-Slate.dll!UnknownFunction []
[2018.05.20-16.55.29:054][400]LogWindows: Error: [Callstack] 0x00000000B893B3E2 UE4Editor-Slate.dll!UnknownFunction []
[2018.05.20-16.55.29:054][400]LogWindows: Error: [Callstack] 0x00000000EE06E69B UE4Editor-ApplicationCore.dll!UnknownFunction []
[2018.05.20-16.55.29:054][400]LogWindows: Error: [Callstack] 0x00000000EE061B78 UE4Editor-ApplicationCore.dll!UnknownFunction []
[2018.05.20-16.55.29:054][400]LogWindows: Error: [Callstack] 0x00000000EE07052C UE4Editor-ApplicationCore.dll!UnknownFunction []
[2018.05.20-16.55.29:054][400]LogWindows: Error: [Callstack] 0x00000000EE05D679 UE4Editor-ApplicationCore.dll!UnknownFunction []
[2018.05.20-16.55.29:054][400]LogWindows: Error: [Callstack] 0x00000000F696B85D USER32.dll!UnknownFunction []
[2018.05.20-16.55.29:054][400]LogWindows: Error: [Callstack] 0x00000000F696B1EF USER32.dll!UnknownFunction []
[2018.05.20-16.55.29:054][400]LogWindows: Error: [Callstack] 0x00000000EE071666 UE4Editor-ApplicationCore.dll!UnknownFunction []
[2018.05.20-16.55.29:054][400]LogWindows: Error: [Callstack] 0x000000005A0A5475 UE4Editor.exe!UnknownFunction []
[2018.05.20-16.55.29:054][400]LogWindows: Error: [Callstack] 0x000000005A0B6BD0 UE4Editor.exe!UnknownFunction []
[2018.05.20-16.55.29:054][400]LogWindows: Error: [Callstack] 0x000000005A0B6C4A UE4Editor.exe!UnknownFunction []
[2018.05.20-16.55.29:054][400]LogWindows: Error: [Callstack] 0x000000005A0C4177 UE4Editor.exe!UnknownFunction []
[2018.05.20-16.55.29:054][400]LogWindows: Error: [Callstack] 0x000000005A0C5B87 UE4Editor.exe!UnknownFunction []
[2018.05.20-16.55.29:054][400]LogWindows: Error: [Callstack] 0x00000000F71A1FE4 KERNEL32.DLL!UnknownFunction []
[2018.05.20-16.55.29:054][400]LogWindows: Error: [Callstack] 0x00000000F8ECF061 ntdll.dll!UnknownFunction []
[2018.05.20-16.55.29:054][400]LogWindows: Error: [Callstack] 0x00000000F8ECF061 ntdll.dll!UnknownFunction []
[2018.05.20-16.55.29:054][400]LogWindows: Error: 
[2018.05.20-16.55.29:066][400]LogExit: Executing StaticShutdownAfterError
[2018.05.20-16.55.29:068][400]LogWindows: FPlatformMisc::RequestExit(1)
[2018.05.20-16.55.29:068][400]Log file closed, 05/20/18 12:55:29
